# Bundle file v0.3
2 207
792.288024902 0 0
0.999993860722 -0.000471047562314 -0.00348028307781
-0.00047475885367 -0.999999344349 -0.00106563267764
-0.00347977876663 0.00106727844104 -0.999993383884
-0.0135809117928 -0.00131604762282 -0.00306614558212
792.288024902 0 0
0.967435419559 -0.0548103861511 0.247112452984
-0.0343260169029 -0.995664060116 -0.0864567011595
0.250779718161 0.0751588791609 -0.965122163296
-0.968906223774 0.247285053134 -0.141973122954
0.395302116871 -0.766263484955 2.98539710045
130 166 244
2 0 138 98.3146972656 201.249694824 1 121 51.447265625 196.744522095
0.395302116871 -0.766263484955 2.98539710045
130 166 244
2 0 139 98.3146972656 201.249694824 1 122 51.447265625 196.744522095
-1.02150475979 -0.326179474592 3.01908993721
76 110 148
2 0 107 -274.424102783 84.0896224976 1 133 -283.152893066 82.6933288574
1.02987027168 -0.348246216774 3.16569852829
75 116 157
2 0 157 251.102722168 85.9536972046 1 159 221.343505859 75.8668212891
-0.564948737621 -0.464429944754 3.00434803963
83 121 143
2 0 152 -155.135574341 121.442504883 1 174 -184.053207397 115.395469666
-0.445163488388 -0.122187584639 3.06283903122
132 131 158
2 0 196 -121.382583618 30.2300548553 1 186 -156.445358276 29.6463012695
-0.460461169481 -0.258224099874 3.04472732544
92 144 225
2 0 192 -126.00944519 65.9682159424 1 196 -159.573471069 63.386013031
-0.58275783062 0.0941307172179 3.06997966766
73 126 138
2 0 155 -156.536834717 -25.0791187286 1 197 -190.352157593 -22.7473011017
-0.96291655302 -0.199862152338 3.0322022438
64 103 156
2 0 168 -257.811248779 51.3539657593 1 212 -271.692962646 51.551738739
0.291672587395 -0.795324087143 2.9696097374
95 149 233
2 0 267 71.2555541992 210.054733276 1 223 24.1069641113 204.906845093
0.905624389648 0.0693784058094 3.23151302338
126 180 196
2 0 309 215.493469238 -18.27942276 1 267 183.617248535 -34.5760154724
0.033733971417 -0.81097471714 2.94215226173
115 173 253
2 0 339 2.6305847168 216.389816284 1 290 -42.9120788574 209.209060669
0.902569651604 -0.302667558193 3.16313457489
106 158 237
2 0 363 219.523986816 74.6550369263 1 309 185.973327637 64.4047012329
0.902569651604 -0.302667558193 3.16313457489
106 158 237
2 0 362 219.523986816 74.6550369263 1 310 185.973327637 64.4047012329
-0.464231282473 -0.768903434277 2.91248345375
113 152 230
2 0 260 -132.625457764 207.466567993 1 319 -166.120147705 197.282669067
-0.464231282473 -0.768903434277 2.91248345375
113 152 230
2 0 259 -132.625457764 207.466567993 1 320 -166.120147705 197.282669067
-0.922108590603 -0.737273931503 2.91895103455
111 125 176
2 0 248 -256.576141357 198.884765625 1 338 -268.250030518 185.79473877
1.02826178074 -0.580681800842 3.12282562256
115 188 185
2 0 508 254.115783691 145.705978394 1 345 223.328125 140.059188843
-0.741910994053 -0.666896343231 2.93309807777
125 125 158
2 0 298 -206.560577393 179.31048584 1 346 -228.501953125 168.296783447
-0.409705400467 -0.345914572477 3.04009652138
108 147 184
2 0 348 -112.992248535 88.7494735718 1 380 -147.023086548 84.9998016357
1.20405840874 -0.737582147121 3.11655664444
102 108 140
2 0 490 299.186706543 185.852172852 1 386 274.578979492 182.917861938
-0.145522430539 -0.752857685089 2.9425137043
124 153 219
2 0 358 -45.5374450684 200.971435547 1 401 -87.8452758789 192.933639526
-0.481726169586 -0.728421747684 2.93560647964
104 118 158
2 0 461 -136.298477173 195.046432495 1 448 -168.279037476 185.176956177
1.02406108379 -0.707746267319 3.10360431671
106 107 136
2 0 821 254.724914551 179.316207886 1 481 223.360168457 174.755050659
1.02406108379 -0.707746267319 3.10360431671
106 107 136
2 0 820 254.724914551 179.316207886 1 482 223.360168457 174.755050659
1.01433122158 -0.762723982334 3.08345961571
81 101 139
2 0 700 253.761230469 193.980392456 1 503 221.383789063 191.511901855
-0.721933841705 -0.0328102000058 3.06786704063
111 152 166
2 0 341 -192.685379028 7.16460704803 1 507 -218.648422241 9.76256561279
-0.519930779934 -0.486434549093 2.98748207092
104 153 172
2 0 546 -144.065628052 127.900268555 1 538 -175.46194458 121.802886963
0.569087743759 -0.780754566193 2.9996740818
105 144 213
2 0 795 143.614898682 204.024932861 1 558 98.2062988281 200.602111816
-0.762016236782 -0.608018279076 2.94515395164
78 118 128
2 0 495 -211.256347656 162.289474487 1 572 -232.354095459 153.659103394
1.14795291424 -0.278041929007 3.18336653709
67 116 187
2 0 850 278.820068359 67.3345794678 1 578 253.678466797 56.6751708984
0.967866122723 -0.532618165016 3.12387824059
107 166 178
2 0 663 238.836242676 133.810379028 1 579 206.011352539 126.880203247
-0.438206464052 -0.089105732739 3.06149840355
114 117 142
2 0 701 -119.657791138 21.5998458862 1 584 -155.559326172 21.6349048615
0.317398607731 -0.841902077198 2.95722341537
124 178 254
2 0 636 78.4238586426 223.295455933 1 609 30.7255554199 218.39855957
1.09464812279 -0.442442297935 3.15142893791
77 115 147
2 0 919 268.459716797 109.86869812 1 626 240.402282715 101.527053833
0.833039402962 -0.672969996929 3.062510252
115 121 148
2 0 895 208.837890625 172.48034668 1 670 169.948028564 168.130432129
-0.954533159733 -0.7860019207 2.89174199104
67 103 169
2 0 432 -267.70690918 214.698883057 1 677 -278.289001465 198.721817017
0.999739229679 -0.645022571087 3.08879494667
90 120 133
2 0 570 249.646240234 163.768783569 1 685 216.11895752 159.516525269
1.0072259903 0.0781939700246 3.24387407303
110 158 176
2 0 1065 239.332397461 -20.6919555664 1 689 211.065673828 -37.950881958
-0.395221531391 -0.0606114827096 3.08934545517
133 154 179
2 0 640 -107.509460449 14.4504003525 1 705 -143.473815918 13.2456045151
0.851953446865 -0.410615712404 3.12690258026
103 140 171
2 0 1045 209.348571777 102.975021362 1 708 172.988006592 94.4678649902
0.772038340569 -0.437337875366 3.11436057091
109 153 182
2 0 950 189.750061035 109.4246521 1 738 151.648223877 102.96118927
0.772038340569 -0.437337875366 3.11436057091
109 153 182
2 0 949 189.750061035 109.4246521 1 739 151.648223877 102.96118927
0.914064407349 -0.721995651722 3.07374644279
115 116 148
2 0 958 228.870849609 184.376296997 1 742 192.935852051 180.679901123
0.80222183466 -0.33705624938 3.12568473816
71 114 159
2 0 979 196.706481934 83.7693481445 1 747 158.87399292 75.9363098145
-0.484515964985 0.081662081182 3.07462525368
0 20 17
2 0 625 -131.05607605 -22.1875305176 1 761 -167.59034729 -20.3979606628
1.19190013409 -0.18410821259 3.21340370178
99 112 148
2 0 1696 287.246459961 44.6923065186 1 768 264.489440918 29.2962169647
1.06752669811 -0.807836592197 3.07191085815
77 122 200
2 0 1380 268.451721191 206.527450562 1 775 236.901184082 204.727249146
-0.710742771626 -0.365393966436 3.01365733147
69 107 131
2 0 557 -193.05909729 94.8975982666 1 810 -216.921325684 91.2724761963
-0.3448831141 -0.0697729811072 3.10191369057
132 147 171
2 0 912 -94.2271881104 16.735042572 1 811 -130.631530762 14.7771558762
0.88132417202 0.041433069855 3.22070503235
64 119 119
2 0 712 210.28503418 -11.3836994171 1 812 177.27947998 -26.9376564026
-0.922641217709 -0.312805205584 3.01301503181
93 132 181
2 0 466 -248.826507568 81.3053283691 1 847 -263.643066406 78.9623947144
1.15202510357 -0.353567481041 3.18927359581
74 115 157
2 0 845 279.458435059 86.5609130859 1 877 255.203613281 75.8543319702
-0.596293747425 -0.406478226185 3.00439548492
79 115 144
2 0 833 -163.414779663 106.154342651 1 891 -192.077911377 101.367134094
0.80418664217 -0.200533121824 3.16308236122
89 113 157
2 0 1200 194.819763184 48.5591392517 1 921 158.520935059 38.7056312561
0.941178917885 -0.822182059288 3.05776500702
106 160 249
2 0 1410 237.010131836 210.941696167 1 923 201.502258301 209.059799194
0.999360978603 -0.604766070843 3.11305236816
118 182 184
2 0 1268 247.605712891 152.345031738 1 929 215.519226074 146.97605896
-0.326083958149 -0.305161625147 3.03535175323
79 121 171
2 0 975 -91.2362213135 78.764175415 1 968 -129.159500122 74.4837188721
1.09700489044 -0.589031338692 3.12302923203
86 150 148
2 0 879 271.512634277 147.939804077 1 971 242.696716309 142.31048584
-0.56763368845 -0.718261301517 2.92012667656
128 134 177
2 0 711 -160.143569946 194.06451416 1 996 -190.101043701 182.612091064
-0.0659659802914 -0.817574858665 2.92754840851
121 175 254
2 0 813 -24.2836608887 219.300247192 1 1018 -68.6830749512 211.357345581
0.149800121784 -0.77243065834 2.96002626419
120 161 238
2 0 944 33.6561279297 204.925643921 1 1024 -13.1028442383 198.504257202
-1.01536715031 -0.732348978519 2.91629290581
109 119 150
2 0 867 -282.116821289 197.970611572 1 1027 -288.731079102 184.044342041
-0.756674647331 -0.216086164117 3.03892111778
64 108 172
2 0 939 -203.433807373 55.4337272644 1 1064 -226.549072266 54.2931442261
1.11027395725 -0.406010657549 3.16655039787
109 148 181
2 0 2097 271.13458252 100.546546936 1 1073 244.215698242 90.7359237671
-0.732947826385 -0.531721353531 2.96644592285
73 133 135
2 0 817 -201.926940918 141.097702026 1 1083 -224.741088867 133.578811646
-0.833338260651 -0.489582121372 2.97934556007
68 113 127
2 0 683 -227.818939209 129.148788452 1 1093 -245.686645508 122.724395752
0.813165605068 -0.735870838165 3.05777645111
146 156 195
2 0 1899 204.023010254 188.968521118 1 1117 165.100402832 185.023651123
0.71329075098 -0.280197709799 3.1314239502
97 150 225
2 0 1303 173.911682129 69.3123626709 1 1154 134.505767822 61.0648498535
1.12576389313 -0.316747754812 3.1884803772
69 117 177
2 0 1511 272.980102539 77.2670135498 1 1159 247.593444824 66.4068450928
-0.397337526083 0.0254906751215 3.08269762993
106 179 178
2 0 1152 -108.320983887 -7.77045583725 1 1191 -146.057861328 -7.52805566788
-0.570102334023 -0.411459594965 3.00256967545
106 142 174
2 0 690 -156.59753418 107.53818512 1 1200 -186.354995728 102.645637512
0.924058139324 -0.619509100914 3.09302711487
88 140 148
2 0 1405 230.026550293 157.228134155 1 1213 194.717590332 151.957885742
-0.838056862354 0.000126466111396 3.05460786819
108 163 169
2 0 760 -223.630279541 -1.21649801731 1 1220 -245.94569397 2.96824908257
-0.471096247435 -0.705053389072 2.93403410912
141 144 182
2 0 1151 -133.412979126 189.226379395 1 1236 -166.523086548 179.194519043
0.420953273773 -0.745564103127 2.99617385864
2 12 25
2 0 1342 104.741882324 195.149597168 1 1264 58.3770141602 190.53175354
0.926880478859 -0.370780587196 3.14922738075
77 116 148
2 0 1209 226.520812988 91.7329559326 1 1298 193.28894043 83.1919784546
-0.529638290405 -0.821022927761 2.89765119553
101 148 225
2 0 1149 -151.02986145 223.328399658 1 1342 -182.137969971 210.341567993
1.19985032082 -0.552562773228 3.13933610916
116 181 186
2 0 2379 295.927124023 137.876159668 1 1359 271.395690918 131.796157837
-1.03993046284 -0.410219997168 3.00648164749
76 107 131
2 0 904 -280.245666504 107.32648468 1 1388 -287.346466064 102.206298828
-0.440890222788 -0.36185207963 3.03988432884
120 158 190
2 0 803 -121.110061646 92.9699478149 1 1402 -153.868804932 88.8891220093
0.207120016217 -0.773759484291 2.96900749207
0 17 48
2 0 1207 48.7822265625 204.508575439 1 1413 2.07934570313 198.628097534
-0.593788743019 -0.312193334103 3.03116774559
107 151 205
2 0 1157 -161.339889526 80.6607894897 1 1473 -190.077316284 77.1724472046
0.167430058122 -0.801780164242 2.95765018463
124 177 254
2 0 1833 38.337097168 212.670684814 1 1508 -8.31399536133 206.644058228
-0.608403384686 -0.39007678628 2.9861934185
103 139 165
2 0 1426 -167.641296387 102.321968079 1 1510 -197.213378906 98.4698410034
1.1929666996 -0.294838070869 3.19950938225
69 120 187
2 0 1928 288.580749512 71.4406356812 1 1517 266.131164551 59.9777336121
1.19443809986 0.213547199965 3.24600815773
84 126 165
2 0 3419 284.690734863 -53.778263092 1 1567 261.65814209 -76.4190979004
0.833880126476 -0.701908826828 3.0675008297
124 124 155
2 0 2571 208.666870117 179.474960327 1 1604 170.571716309 175.542297363
-0.954932689667 -0.577124476433 2.95845127106
63 117 119
2 0 935 -261.98815918 153.487594604 1 1605 -272.905334473 144.643035889
0.944666385651 0.130028247833 3.23255443573
91 127 147
2 0 3167 224.866088867 -33.5563735962 1 1639 193.654907227 -50.5649490356
1.07800412178 -0.157882615924 3.2203874588
137 144 175
2 0 2812 258.533508301 37.4698600769 1 1640 232.598449707 23.5736999512
0.846166074276 -0.69150185585 3.0714199543
143 146 178
2 0 1856 211.572692871 176.628936768 1 1651 173.86529541 172.491989136
-0.855236053467 0.222564578056 3.01470422745
76 110 142
2 0 1086 -231.062698364 -59.4112281799 1 1673 -259.306884766 -50.2844810486
1.07952284813 -0.291107982397 3.18272852898
97 150 225
2 0 2347 262.021118164 71.1103286743 1 1682 234.528686523 59.9940185547
-0.426147371531 -0.22756819427 3.06278800964
98 147 225
2 0 1476 -116.402694702 57.6902236938 1 1684 -150.417037964 55.0285758972
-0.688706040382 -0.390963703394 3.00893640518
98 134 162
2 0 1596 -187.520278931 101.898872375 1 1695 -212.244995117 97.4897384644
0.185214489698 -0.780385077 2.9732644558
119 159 231
2 0 1563 42.8717651367 205.939941406 1 1730 -3.0979309082 199.842102051
0.897853434086 -0.309358537197 3.1601319313
111 160 232
2 0 1911 218.554504395 76.3935928345 1 1758 184.74230957 66.3148880005
-0.976767718792 -0.691422760487 2.93177890778
110 112 142
2 0 1193 -270.170043945 186.021148682 1 1769 -279.147827148 173.209182739
1.07667648792 -0.825726211071 3.0802989006
105 159 247
2 0 3242 269.989990234 210.278503418 1 1776 239.617553711 209.054733276
-0.608615040779 0.138863146305 3.0578854084
71 107 134
2 0 1810 -163.960113525 -37.2777748108 1 1780 -198.161682129 -32.7016029358
1.06040239334 -0.470485597849 3.14111733437
75 114 142
2 0 1914 260.777770996 117.444061279 1 1791 231.119384766 109.433288574
1.18506968021 -0.853202521801 3.09223389626
69 121 201
2 0 2203 296.638061523 216.581222534 1 1806 270.646057129 216.093307495
-0.956383705139 0.228377252817 3.018253088
43 75 106
2 0 1271 -257.417602539 -61.0892906189 1 1821 -280.509246826 -50.2438850403
-0.956383705139 0.228377252817 3.018253088
43 75 106
2 0 1270 -257.417602539 -61.0892906189 1 1822 -280.509246826 -50.2438850403
-0.738558292389 -0.0390718616545 3.05300021172
117 149 168
2 0 1187 -197.899398804 8.95585441589 1 1831 -224.025787354 11.616104126
1.00276374817 -0.873364031315 3.06166696548
92 140 211
2 0 1895 252.578918457 223.835205078 1 1832 219.286010742 222.84387207
0.895474493504 -0.697783708572 3.07368063927
114 116 144
2 0 2514 224.128051758 178.275360107 1 1849 187.515075684 174.068267822
-0.923896789551 -0.383902937174 3.00605821609
85 121 151
2 0 1039 -249.737548828 100.115921021 1 1852 -263.465301514 96.2416610718
1.01135802269 -0.778146803379 3.0712249279
105 134 196
2 0 2397 254.079284668 198.969787598 1 1873 220.710876465 196.422180176
0.926273345947 -0.565614402294 3.11590003967
83 151 149
2 0 1951 228.880981445 142.399307251 1 1888 194.863586426 136.146408081
0.985970437527 -0.259366780519 3.18553638458
100 151 229
2 0 2692 238.588562012 63.1463127136 1 1933 208.405456543 51.9651794434
1.21897387505 0.270940035582 3.23415851593
82 129 183
2 0 2047 291.779296875 -67.7816390991 1 1939 268.321105957 -92.5553741455
0.777622461319 -0.716245353222 3.05648803711
115 116 147
2 0 2157 194.867858887 183.756713867 1 1948 155.197631836 179.970092773
-0.999389886856 -0.411489635706 3.00347328186
86 119 151
2 0 1024 -269.841796875 107.653388977 1 1950 -279.247497559 102.755142212
-0.896011173725 -0.244493335485 3.03961038589
88 132 207
2 0 1396 -239.700622559 62.9609260559 1 1990 -255.768280029 61.4324569702
1.15055143833 -0.566882669926 3.13852119446
90 156 154
2 0 2950 283.644897461 141.68270874 1 2009 257.431274414 135.421875
0.85865932703 -0.385764271021 3.13517713547
78 114 143
2 0 2426 210.429382324 96.2283859253 1 2027 174.681793213 87.6979293823
1.18322432041 -0.746643364429 3.10054326057
101 114 149
2 0 2765 295.390380859 188.935028076 1 2036 269.059997559 186.750595093
1.18322432041 -0.746643364429 3.10054326057
101 114 149
2 0 2766 295.390380859 188.935028076 1 2037 269.059997559 186.750595093
-1.02865028381 -0.614083170891 2.95396780968
108 137 140
2 0 1423 -282.12387085 163.826644897 1 2046 -288.465301514 153.25163269
0.852915942669 -0.808296144009 3.04804944992
74 123 203
2 0 2934 214.875854492 207.918029785 1 2097 176.789520264 205.663421631
0.992510259151 -0.301042079926 3.17607235909
69 119 186
2 0 2165 240.936279297 73.7206726074 1 2116 210.603515625 63.2720527649
-0.750459432602 0.190117448568 3.03713774681
81 116 148
2 0 1734 -202.021148682 -50.5456886292 1 2144 -232.958389282 -43.7590179443
-0.796845376492 0.116285800934 3.05330038071
93 138 158
2 0 1776 -213.058837891 -31.4288921356 1 2151 -239.435348511 -25.1947135925
0.897440135479 -0.608401536942 3.09046816826
127 187 189
2 0 3574 223.398010254 154.447662354 1 2155 187.251953125 149.189575195
1.00115501881 -0.216512620449 3.18417954445
92 121 169
2 0 2334 242.45111084 52.5104141235 1 2212 212.184997559 40.6808280945
-0.744116902351 -0.377700388432 3.00954627991
51 85 114
2 0 1851 -202.051712036 98.5184173584 1 2213 -224.558639526 94.2019042969
-0.880363106728 -0.746358573437 2.91224336624
107 129 181
2 0 1481 -245.737548828 202.039855957 1 2253 -260.04309082 188.470733643
1.21505618095 -0.480722129345 3.15575432777
79 116 145
2 0 3890 298.239440918 119.410705566 1 2258 274.751098633 111.327079773
-0.67636179924 -0.217471346259 3.03681349754
97 140 212
2 0 2821 -182.648681641 55.6463813782 1 2285 -209.256942749 54.5552940369
0.85491669178 -0.891362249851 3.03552937508
81 121 180
2 0 2283 216.331787109 230.550750732 1 2290 178.059936523 228.646209717
0.833377540112 -0.717527925968 3.05917835236
149 155 190
2 0 2495 209.085632324 183.896453857 1 2314 170.529815674 180.435165405
-0.823337137699 -0.582821846008 2.95368862152
119 172 176
2 0 1454 -227.171783447 154.834747314 1 2318 -245.042892456 147.10925293
-0.710167586803 -0.586335062981 2.96063065529
63 116 118
2 0 3020 -196.225509644 155.904495239 1 2353 -219.424621582 147.258560181
-0.4069006145 0.0935695618391 3.08393287659
5 26 31
2 0 3030 -110.69519043 -25.0077457428 1 2364 -149.318939209 -24.4351158142
-0.537207365036 0.0687762349844 3.06996178627
87 148 154
2 0 2085 -144.842453003 -18.8639545441 1 2390 -179.68951416 -16.6789665222
1.21430277824 0.375696748495 3.16132855415
80 102 142
2 0 2526 297.417175293 -95.3669967651 1 2399 267.685852051 -122.284248352
-0.848639547825 -0.46282055974 2.99088954926
87 124 149
2 0 1710 -231.023788452 121.509643555 1 2413 -247.94241333 115.741737366
-0.832472205162 0.27081656456 3.0090277195
52 90 130
2 0 1687 -225.551452637 -72.4687042236 1 2427 -256.019378662 -62.1009483337
0.822758257389 0.0739465653896 3.22796654701
74 119 130
2 0 4557 195.406738281 -19.6167259216 1 2449 161.497467041 -34.5514831543
1.2327876091 -0.394555956125 3.18037033081
67 106 137
2 0 3588 300.293029785 96.9810791016 1 2456 278.56854248 87.0010681152
1.23324406147 0.278509348631 3.23177623749
59 103 157
2 0 2832 295.572570801 -69.2595367432 1 2510 272.270446777 -95.2528991699
1.22634375095 0.189391583204 3.25932049751
82 120 158
2 0 3749 291.25378418 -47.6736602783 1 2536 270.537658691 -70.4530715942
1.05622541904 -0.647010445595 3.10541844368
96 129 146
2 0 2545 262.704833984 163.567092896 1 2549 231.882324219 158.846817017
0.836980998516 -0.0802309066057 3.19702982903
104 131 148
2 0 2402 200.876953125 18.5017414093 1 2576 166.437957764 5.84120130539
-1.04384315014 -0.107784621418 3.04367136955
119 121 141
2 0 1352 -278.041046143 26.8060626984 1 2604 -288.632476807 30.3435611725
-0.895369231701 -0.607348799706 2.95527744293
119 159 173
2 0 1618 -246.286499023 161.704055786 1 2656 -260.017913818 152.246429443
1.04707300663 -0.323588699102 3.17440772057
70 115 170
2 0 3609 254.664611816 79.4825668335 1 2663 225.853088379 68.9817047119
0.856626868248 -0.174888283014 3.18161559105
146 157 192
2 0 3611 206.809509277 42.4101829529 1 2723 172.432861328 30.5611381531
-1.03688693047 -0.441873073578 2.99505591393
60 90 112
2 0 1500 -280.586639404 115.682991028 1 2725 -287.597839355 110.685035706
-0.91927331686 -0.101049169898 3.04920864105
84 86 114
2 0 2958 -245.145507813 24.9691352844 1 2771 -261.955535889 27.8650341034
0.791291296482 0.0454138256609 3.21234488487
71 131 133
2 0 3729 188.695617676 -12.3813238144 1 2792 153.163299561 -26.8506793976
1.05454480648 -0.412987053394 3.15076756477
104 143 173
2 0 3691 258.456237793 102.4659729 1 2806 228.927429199 93.8303070068
0.59274071455 -0.760828197002 3.00823283195
106 135 187
2 0 3102 149.423431396 198.248001099 1 2825 104.578643799 194.755874634
-0.632156610489 -0.651481747627 2.94419789314
130 136 162
2 0 2577 -176.307113647 174.22543335 1 2899 -202.899017334 164.509933472
-0.389616876841 -0.631161868572 2.95614075661
91 115 131
2 0 3049 -110.651489258 167.86076355 1 2902 -146.493438721 159.855804443
1.16947412491 -0.498396515846 3.14875197411
82 123 149
2 0 3598 287.478393555 124.109008789 1 2923 262.041503906 116.46497345
-0.535724163055 -0.740356683731 2.92027068138
123 138 195
2 0 1621 -151.666412354 199.234771729 1 2928 -182.197769165 189.091903687
1.18682658672 -0.377798229456 3.17885994911
92 131 167
2 0 4692 288.944702148 92.5360641479 1 2990 265.480895996 83.0165557861
0.741146028042 -0.291191339493 3.14159488678
95 148 224
2 0 2839 180.429321289 72.2037734985 1 3025 142.170532227 63.0458488464
-0.769017994404 -0.0127238910645 3.05500745773
112 161 173
2 0 1793 -205.690093994 2.07136082649 1 3090 -230.828460693 5.52512693405
-0.833129346371 0.213311806321 3.02266001701
78 113 146
2 0 1722 -224.665084839 -56.857334137 1 3111 -253.261779785 -48.3227882385
0.868891537189 -0.327939778566 3.15014767647
102 147 209
2 0 2894 211.961853027 81.1708526611 1 3223 177.024108887 71.8607559204
-0.909739971161 0.262244284153 3.00605773926
42 79 116
2 0 3193 -246.163589478 -70.3256835938 1 3251 -272.928039551 -58.9308776855
-0.347808092833 -0.724120795727 2.92677879333
134 147 193
2 0 2613 -100.439971924 194.53817749 1 3253 -138.20552063 185.50831604
1.17470109463 -0.209736645222 3.20828223228
97 123 169
2 0 4980 283.299865723 50.317489624 1 3359 260.127929688 37.0924377441
-0.8463306427 -0.394383996725 3.00140476227
86 123 152
2 0 1308 -229.529602051 103.463127136 1 3362 -247.467895508 98.4117050171
1.13641393185 -0.685290157795 3.1139216423
129 138 172
2 0 1994 282.27355957 172.668441772 1 3397 254.862060547 168.886566162
1.04131019115 -0.198601603508 3.19497609138
123 145 191
2 0 4274 251.58605957 48.055519104 1 3417 222.995788574 35.1847915649
0.992861032486 -0.315247505903 3.16825580597
99 146 212
2 0 2342 241.626525879 77.4588699341 1 3431 210.84942627 67.3459854126
1.07261037827 -0.766883790493 3.09109306335
122 142 196
2 0 4807 268.078308105 194.805419922 1 3453 237.758666992 192.117721558
-0.460683822632 -0.720377862453 2.92626190186
104 113 153
2 0 2381 -130.987792969 193.668212891 1 3522 -164.676452637 183.860214233
-0.0597431175411 -0.75185239315 2.95206618309
26 52 90
2 0 5166 -22.383605957 200.106246948 1 3586 -66.1619873047 192.380889893
-0.876341342926 -0.847256660461 2.87977051735
98 141 208
2 0 2430 -247.291473389 232.302200317 1 3595 -261.770324707 215.156082153
-0.624198198318 -0.497852236032 2.98841333389
68 120 133
2 0 2573 -171.745223999 130.551864624 1 3661 -198.448883057 124.794052124
-0.869147360325 -0.00183367135469 3.05131912231
111 163 170
2 0 2011 -231.959396362 -0.763711154461 1 3725 -252.951141357 3.82032322884
-0.891527473927 -0.350519418716 3.01909828186
96 132 160
2 0 2198 -240.173583984 90.9258422852 1 3726 -255.474105835 87.6688308716
1.03311598301 -0.418943196535 3.16309857368
87 125 155
2 0 4719 252.092163086 103.560585022 1 3744 222.924743652 94.7613449097
-0.91755604744 -0.530244708061 2.96915912628
110 171 182
2 0 2048 -251.04498291 140.576156616 1 3789 -264.404022217 132.762008667
1.10537791252 -0.458187520504 3.15579199791
103 141 171
2 0 3865 270.777160645 113.686378479 1 3849 243.489379883 105.422477722
1.27457284927 0.133412957191 3.2567679882
58 97 123
2 0 4731 303.19909668 -34.007194519 1 3856 284.614501953 -56.2520980835
-0.466139346361 0.0769441947341 3.08371090889
76 125 127
2 0 4995 -125.953475952 -20.9024791718 1 3870 -162.384490967 -19.5776252747
-0.569328248501 -0.632338583469 2.9468934536
125 147 164
2 0 3488 -159.285644531 168.793899536 1 4036 -188.740310669 160.033630371
-0.972974896431 -0.492183417082 2.98333764076
58 103 118
2 0 2663 -264.616973877 129.752655029 1 4075 -274.92779541 122.907730103
1.19911205769 -0.830784857273 3.09897589684
102 156 246
2 0 5229 299.545471191 210.317718506 1 4130 274.376403809 209.663635254
-0.928482532501 -0.721117258072 2.92408180237
115 125 166
2 0 1963 -257.728515625 194.730758667 1 4312 -269.370147705 180.879364014
-0.628991365433 -0.562938392162 2.97099280357
106 169 168
2 0 3078 -173.937637329 148.951644897 1 4340 -200.51473999 141.315216064
-0.533748626709 -0.27230027318 3.04561781883
96 144 215
2 0 3746 -145.030395508 69.6392974854 1 4377 -175.690979004 67.0013122559
-0.903949558735 -0.112103521824 3.04251408577
79 83 108
2 0 3697 -241.644577026 28.0844421387 1 4387 -259.464599609 30.3922595978
-0.613382339478 -0.175828620791 3.05074977875
111 137 188
2 0 3560 -165.471069336 44.5817604065 1 4412 -194.494873047 43.7144775391
-0.806709110737 -0.543911039829 2.97291684151
112 175 173
2 0 2601 -221.228546143 143.743438721 1 4441 -239.702423096 136.301559448
-0.995154082775 -0.349653840065 3.01823449135
62 97 129
2 0 3617 -267.434844971 90.8961334229 1 4446 -277.495727539 87.5066986084
-0.97067207098 0.239839732647 3.01706457138
75 112 146
2 0 2548 -261.327697754 -64.3822402954 1 4492 -283.856658936 -52.5578193665
0.964680314064 0.134585440159 3.23466610909
95 134 160
2 0 4040 229.775024414 -33.867313385 1 4505 198.843017578 -52.7663574219
-0.643650233746 -0.697799563408 2.93019652367
92 99 125
2 0 2414 -180.2578125 187.484390259 1 4508 -206.326782227 176.856567383
0.93254327774 -0.213381722569 3.17676925659
127 160 216
2 0 5508 225.985412598 51.9548301697 1 4524 193.352966309 40.4335365295
-0.803642034531 -0.496938347816 2.98170137405
77 126 141
2 0 2862 -219.700027466 131.187469482 1 4578 -238.864776611 124.168029785
-0.727708160877 -0.374221682549 3.00853896141
98 133 163
2 0 4050 -197.789733887 97.6612854004 1 4625 -221.180541992 93.3670349121
0.898981809616 -0.576423764229 3.10237216949
114 188 183
2 0 4715 222.927124023 145.721054077 1 4854 187.415893555 139.906600952
-0.882512152195 -0.770570933819 2.89947128296
100 132 199
2 0 3619 -247.355728149 209.691543579 1 4890 -261.84854126 195.113540649
-0.780536055565 0.010330892168 3.05423283577
102 161 164
2 0 3869 -208.717163086 -3.81834244728 1 4951 -233.863006592 0.00646076491103
-0.780536055565 0.010330892168 3.05423283577
102 161 164
2 0 3870 -208.717163086 -3.81834244728 1 4952 -233.863006592 0.00646076491103
0.945717811584 -0.562469303608 3.10657167435
85 153 149
2 0 4245 234.531555176 142.080535889 1 5063 200.178527832 135.939529419
-0.904442429543 -0.613730370998 2.94973444939
77 113 128
2 0 3479 -249.152160645 163.853179932 1 5098 -262.638824463 153.961853027
0.913409054279 -0.440205335617 3.13304615021
81 120 148
2 0 5797 224.348388672 109.894996643 1 5234 190.180847168 102.168190002
-0.641813755035 -0.801909327507 2.89482426643
97 142 220
2 0 4548 -181.914627075 218.208465576 1 5304 -208.383361816 205.168258667
