# Bundle file v0.3
4 335
960.682922363 0 0
0.992175990566 -0.0377088912375 0.119016383328
-0.0438805343274 -0.997801489521 0.0496672647208
0.116881815628 -0.0545011630082 -0.99164923261
0.0188643509352 0.0259313874973 -0.00395150970967
969.509765625 0 0
1.00000007472 2.1965022301e-009 1.53191747065e-008
-2.1965022301e-009 -0.999999963965 1.81296005985e-009
-1.53191747065e-008 1.81296005985e-009 -0.999999908724
0.96633094634 1.27820088819e-005 -0.250868895982
975.700561523 0 0
0.975822492811 -0.0219855619942 -0.21745634728
-0.0140004724707 -0.999172171849 0.0381933376795
-0.218116170414 -0.0342254254421 -0.975322484635
2.41228954155 -0.0349429737987 -0.0860944646958
975.67755127 0 0
0.947414945829 -0.0180163741581 -0.319500072395
-0.00693785641554 -0.999335615727 0.0357789414335
-0.319932415033 -0.0316808631219 -0.946910574459
3.48501968214 0.00227589979189 -0.495786526403
-2.54230558298 0.917798633343 6.36562690334
179 168 160
2 0 4 -257.346099854 -66.1416320801 1 7 -231.164474487 -135.267791748
-0.0238700629651 0.866489436005 6.06830865446
207 234 229
2 0 5 108.39630127 -85.3783569336 1 8 144.674560547 -132.523620605
-0.546731525272 0.302063571691 6.64572157568
179 142 144
2 0 27 36.8754272461 11.8674926758 1 31 58.9839172363 -43.0319824219
-0.546731525272 0.302063571691 6.64572157568
179 142 144
2 0 28 36.8754272461 11.8674926758 1 32 58.9839172363 -43.0319824219
-1.89966045319 1.23530156376 6.36152765174
3 4 2
2 0 81 -168.387329102 -117.409332275 1 60 -136.942840576 -181.5105896
-2.9336267157 1.07815601056 6.46570270007
3 6 7
2 0 129 -305.955078125 -85.150970459 1 79 -284.417602539 -155.593231201
-2.21610555741 0.947020335684 6.3813921026
151 132 125
2 0 85 -210.940704346 -72.2629699707 1 81 -182.825592041 -139.407073975
-1.05032304785 0.266339385169 6.64869021077
233 208 218
2 0 99 -34.5223388672 19.4507141113 1 84 -11.8021240234 -37.4026489258
-1.03970543105 0.256624924713 6.64926073945
235 217 225
2 0 120 -32.9740600586 20.5886230469 1 101 -10.3063049316 -35.8453063965
-1.3994851721 0.217736445874 6.85763142982
227 205 222
3 0 138 -76.8349609375 28.877746582 1 114 -59.767578125 -29.491394043 3 87 -5.1628112793 5.82659912109
-0.735478326505 -0.136147741317 6.57148561809
172 164 157
2 0 149 11.104095459 75.495223999 1 152 32.8160705566 19.6446228027
-2.15090185239 1.34075094796 6.21221339298
40 32 41
3 0 163 -211.878204346 -134.778625488 1 157 -177.547866821 -201.406066895 2 119 -182.108688354 -188.862030029
-1.99774871595 1.33297936805 6.23979228038
38 32 39
2 0 195 -188.263153076 -134.048675537 1 172 -154.200271606 -199.535064697
-1.52473351243 0.253528801953 6.88851062338
159 134 142
2 0 158 -93.5138244629 24.5931396484 1 191 -75.832611084 -34.1305236816
-0.699940580555 0.453728849775 6.56212554245
186 156 149
2 0 211 12.8098144531 -10.3129882813 1 192 37.9129333496 -64.4398193359
-0.54844953732 0.10908352717 6.81997216118
143 142 158
2 0 216 39.6733703613 39.4146728516 1 220 57.2990722656 -15.0406494141
0.40928787468 0.233819262785 7.96625783769
113 137 186
2 0 225 166.741271973 20.8806152344 1 231 162.369262695 -27.6620788574
-2.33526231734 1.30940119858 6.10349660956
32 30 36
4 0 322 -243.965118408 -131.999389648 1 249 -210.78086853 -201.239318848 3 183 -124.122375488 -187.249359131 2 232 -211.488815308 -187.764434814
-2.45787563434 1.327073824 6.16184694705
29 27 35
4 0 359 -258.46105957 -131.706542969 1 268 -227.400390625 -201.264129639 2 179 -233.274993896 -189.93862915 3 165 -147.546203613 -189.366394043
-2.55097699871 1.20338590508 6.38030245139
176 171 184
2 0 326 -258.780151367 -107.108551025 1 281 -231.968673706 -176.403991699
-2.725201809 1.21818399946 6.40196731488
158 173 203
2 0 404 -281.71685791 -107.677490234 1 286 -256.689453125 -177.6980896
-0.80683671806 -0.596815708071 6.4141761239
239 207 187
3 0 335 0.785247802734 145.697738647 1 315 22.980682373 87.0401763916 3 630 105.798370361 129.262756348
-0.896027072113 1.17769181826 6.19530351128
11 10 16
4 0 744 -26.3557128906 -120.62121582 1 363 10.2828369141 -176.766174316 3 220 101.953704834 -151.127044678 2 197 26.2200012207 -158.91217041
-1.07519220067 -0.348884189869 6.0539569592
65 62 37
3 0 397 -49.7292175293 113.399902344 1 376 -16.202911377 53.5522613525 2 335 9.02795410156 95.3189697266
-2.82338499812 0.847319048183 6.24466416058
62 97 116
2 0 200 -303.843231201 -57.3338928223 1 392 -277.568023682 -125.872375488
-1.13171373996 -0.214884665195 6.03369924905
70 59 38
2 0 456 -59.4412536621 92.8739776611 1 419 -25.5173339844 33.0688171387
-2.95834314529 -1.45602707266 7.91900080838
105 131 166
2 0 835 -227.845687866 237.771240234 1 499 -236.699508667 172.943649292
-3.02094526486 0.0299782898572 8.0428577128
54 83 122
2 0 663 -233.628265381 60.7512817383 1 547 -240.378189087 -3.26123046875
-3.23113582365 0.513813279011 8.16102839091
114 119 154
4 0 875 -253.266189575 7.29452514648 1 609 -261.036376953 -59.4028015137 2 602 -335.263214111 -25.1558532715 3 472 -296.693511963 -27.1136169434
-1.7568537072 1.18419679297 6.28612353966
208 207 220
2 0 717 -150.888748169 -113.229095459 1 618 -117.319061279 -175.79888916
-1.07260403076 -0.295657323043 6.04323837951
202 206 181
3 0 816 -49.792755127 105.194046021 1 619 -16.0088195801 45.3670196533 2 650 9.72946166992 86.2888793945
-3.42186909645 -0.907333964245 8.08330776666
115 119 156
3 0 749 -274.467163086 170.564758301 1 637 -285.583251953 105.260269165 2 436 -361.811981201 167.331192017
-3.06231319072 0.121543417714 8.1063357141
91 126 178
2 0 829 -235.833511353 50.3551940918 1 667 -243.362426758 -13.8924255371
-3.06231319072 0.121543417714 8.1063357141
91 126 178
2 0 830 -235.833511353 50.3551940918 1 668 -243.362426758 -13.8924255371
0.661972723427 1.16387533598 3.96221780692
5 6 8
2 0 925 271.760681152 -238.576171875 1 677 375.885314941 -268.432556152
-2.89233649746 0.172482053661 8.1230961397
85 120 177
2 0 845 -216.433242798 44.0309906006 1 696 -223.152999878 -20.0283813477
0.223592312022 0.275735957374 7.98860373602
118 138 195
2 0 659 143.487060547 17.0157775879 1 751 140.05279541 -32.7433166504
1.76458809519 -0.912339921442 7.60475243784
90 105 156
2 0 643 359.097717285 163.600082397 1 814 337.701293945 113.155471802
-3.4687861246 -0.87087163833 8.04069045908
85 86 120
2 0 1418 -281.516876221 167.408950806 1 819 -293.028900146 101.942550659
-2.8567034292 0.41937205846 8.12192738157
92 109 154
4 0 1148 -213.439178467 15.5001831055 1 864 -218.959854126 -48.4457702637 2 516 -283.3984375 -13.5527954102 3 566 -244.37286377 -14.4234008789
-0.527955025756 -0.0621164794992 6.85723886926
5 14 70
2 0 539 43.9364318848 63.8221893311 1 922 59.7793579102 7.87982177734
-0.0751891695152 0.517163602466 6.3139118343
9 13 7
2 0 1102 103.112182617 -26.6346435547 1 935 131.654724121 -76.1718139648
-0.718384503941 -0.0674114311458 6.64857811723
8 11 28
3 0 682 14.4158325195 65.3492736816 1 946 34.7749328613 9.61624145508 2 1436 40.652130127 45.0894622803
-0.869180129919 0.315762078266 6.42321148841
3 4 22
2 0 1094 -13.4403991699 10.3983764648 1 947 14.1090087891 -46.2066345215
-0.964150716247 -0.937760234561 6.45368140392
202 190 214
2 0 770 -19.9997558594 196.884735107 1 969 0.328765869141 135.858413696
-1.16576845902 -0.370734579905 6.03923744067
172 177 152
4 0 1516 -64.1286315918 116.802261353 1 976 -29.6379089355 57.1131591797 2 889 -6.37643432617 99.8460845947 3 594 77.163269043 100.338851929
-0.246295947588 0.47284204314 6.64525074274
65 101 204
2 0 1178 79.1381225586 -15.2331848145 1 978 101.251708984 -66.4309082031
-3.16884077331 -1.44008849198 7.9049750942
61 87 121
2 0 1372 -252.671905518 236.531951904 1 1011 -262.200622559 171.504257202
1.71837812415 -0.375255088799 7.68642309967
117 161 177
3 0 988 346.193664551 91.5029754639 1 1026 327.852966309 46.265914917 3 2515 312.61541748 75.380279541
1.03567209266 1.01040110539 7.8369955631
94 135 150
2 0 858 242.469787598 -79.5614318848 1 1031 240.245910645 -121.441986084
1.08740517661 -0.912876554359 7.66788013276
136 149 204
4 0 1260 265.721618652 164.932739258 1 1048 251.226257324 111.832473755 3 1811 251.67565918 142.710845947 2 1323 229.068481445 144.824279785
1.7959918705 0.967557534277 7.74139519734
83 123 138
4 0 1296 344.799438477 -81.4547424316 1 1058 335.421386719 -117.884063721 2 1425 297.614868164 -88.6008300781 3 1473 311.942504883 -80.4111938477
-0.80232689409 -1.21654714243 6.68878541634
164 163 165
2 0 790 9.37463378906 232.372680664 1 1065 22.9060974121 169.804733276
-0.636553245465 0.183916026169 6.8058442687
192 177 192
2 0 878 26.7561950684 29.4119567871 1 1099 45.3074645996 -25.4017333984
-3.19469458274 -0.168298178232 8.12123439519
48 75 105
2 0 2105 -249.082672119 84.2910919189 1 1121 -258.306396484 19.554107666
-3.19469458274 -0.168298178232 8.12123439519
48 75 105
2 0 2104 -249.082672119 84.2910919189 1 1122 -258.306396484 19.554107666
0.948964250718 -1.29332292251 7.62322469896
87 124 183
2 0 1187 250.394287109 215.78868103 1 1137 236.130554199 159.710525513
-1.55448521387 0.859420196405 6.2574951547
166 154 133
2 0 1889 -121.116363525 -67.3218994141 1 1171 -87.6422424316 -128.330566406
0.36627454274 -1.03757664752 7.75464853033
148 169 236
2 0 1010 170.440368652 181.270431519 1 1179 161.491577148 125.817459106
1.08179302312 -0.648860650411 7.76291789184
143 174 189
2 0 6874 260.789367676 129.078033447 1 8097 248.043823242 78.7886810303
-3.24331865046 0.352279592428 8.12604348213
96 123 182
2 0 1615 -255.583297729 24.8208312988 1 1225 -263.804473877 -40.5570373535
-1.21943281047 -0.353401637784 6.03398010354
194 199 172
2 0 1268 -72.2921447754 115.181793213 1 1226 -39.0495910645 54.4582519531
-1.11322845491 -1.14440503302 6.46421661337
219 216 221
2 0 974 -40.5545959473 228.475616455 1 1230 -21.2256164551 165.180465698
0.282195007484 1.12351039875 6.19852257839
10 29 52
2 0 718 154.789978027 -124.785827637 1 1292 187.859558105 -168.76171875
1.86655163947 0.579577107503 7.85797138527
119 152 168
2 0 1626 353.12322998 -31.1130981445 1 1328 339.31451416 -69.2414245605
-0.706180212504 -1.13916658607 6.67345315964
160 149 156
2 0 787 22.5191345215 220.968780518 1 1330 36.4406738281 159.576278687
-3.04059734515 -1.46059812986 7.92191716572
63 88 121
2 0 1505 -237.17477417 238.230819702 1 1336 -246.389190674 173.647491455
-1.77093059967 -1.0356181632 6.5829011281
144 139 158
2 0 1956 -131.924835205 211.172363281 1 1409 -114.222839355 146.769241333
-0.727367185875 0.4698470358 6.53321503376
195 168 163
3 0 1147 8.5791015625 -12.7447814941 1 1413 33.697479248 -67.2185058594 2 1479 42.1119689941 -37.6093444824
1.1320024395 -0.915972640966 7.65491356218
103 115 168
4 0 1050 271.80682373 165.318847656 1 1427 257.217773438 112.711227417 3 1737 256.943237305 142.690124512 2 1074 235.337524414 145.200469971
-0.344289483668 1.27414838308 6.18148411541
16 11 10
2 0 2135 56.1926269531 -142.304656982 1 1513 93.8186340332 -192.055267334
-3.33616820355 0.5446762829 8.11642970932
114 115 148
2 0 2013 -266.694732666 3.55096435547 1 1561 -274.914123535 -63.1019287109
0.173497030492 -0.938274850859 7.83102386891
148 159 215
2 0 1897 144.84197998 168.141586304 1 1616 136.787841797 112.424835205
-1.80918323485 1.10554050849 6.29208153546
140 134 142
2 0 3971 -157.837936401 -101.321228027 1 1654 -124.971160889 -163.774536133
-2.35980657979 1.33364508159 6.14260010699
38 34 41
2 0 1828 -245.457962036 -133.638000488 1 1679 -211.565933228 -202.834716797
-2.19951370543 0.668117337354 6.79651115258
169 171 161
2 0 1647 -188.60748291 -28.2115478516 1 1699 -169.742431641 -91.996887207
1.62267275914 0.0287713823274 7.84955564568
68 102 154
2 0 1975 325.151184082 40.1203613281 1 1718 310.313598633 -3.4775390625
-2.41446540606 -0.925756867165 7.99774388745
122 129 169
2 0 2219 -163.836425781 171.351669312 1 1754 -170.317092896 108.785614014
-0.755683826306 0.526431949986 6.46513097708
182 168 168
2 0 3066 2.75177001953 -21.2953186035 1 1763 30.4120483398 -76.0422668457
-1.69825748828 0.472152090968 6.44826640822
226 172 162
2 0 2369 -133.011383057 -6.95523071289 1 1827 -105.953063965 -68.7045288086
-2.89844164529 -1.49932932941 7.97416648939
82 111 143
2 0 2124 -218.578308105 241.515533447 1 1832 -228.031234741 176.917419434
0.0945909058826 1.11241369305 6.00471729137
200 229 238
2 0 2716 125.734863281 -126.423065186 1 1837 164.566833496 -172.585357666
1.35769185556 -1.19104785547 7.59871526041
119 159 222
4 0 1741 306.168762207 202.109008789 1 1871 286.575439453 147.403747559 2 1863 265.862426758 179.70892334 3 2926 285.213500977 175.219070435
-0.860625484757 -0.885837305415 6.50473057237
243 229 246
2 0 2740 -4.06228637695 187.809112549 1 1900 15.1766967773 127.208282471
-3.19956298107 -0.595617118479 8.10600175335
125 159 170
3 0 2075 -249.782104492 133.699157715 1 1928 -258.624694824 69.8976745605 3 1117 -290.983673096 123.813079834
-0.879856522397 -0.663754907501 6.40511169992
240 192 187
2 0 1688 -9.98330688477 156.621536255 1 1934 12.5888366699 96.5269165039
1.97310382528 -0.387023109169 7.74743356114
102 144 161
2 0 1139 378.519897461 91.920501709 1 1977 357.01159668 47.4137420654
-3.33987072361 -0.618020589651 8.12349519084
121 152 166
4 0 3389 -264.15447998 136.545791626 1 1998 -274.714599609 71.5747680664 2 1520 -349.753051758 126.618148804 3 1226 -310.759094238 128.016036987
-0.286938505702 0.28908790557 6.60096619151
8 29 142
2 0 1985 74.1019897461 11.4110107422 1 2007 96.1472167969 -40.9756164551
-3.5769759459 -1.2070671586 8.02683086826
57 92 151
2 0 2200 -293.621520996 206.845947266 1 2013 -306.262878418 142.080093384
-3.02365926745 -0.913488746869 8.04334932324
112 118 157
3 0 2007 -231.645599365 171.185455322 1 2037 -240.446777344 107.243774414 3 1548 -264.962982178 167.204299927
-0.50729073213 0.49261848181 6.4836683389
175 141 120
2 0 2226 39.5954284668 -17.6839599609 1 2049 66.0927124023 -71.1231079102
0.316250845569 1.07625581176 6.22934581585
12 29 54
2 0 3674 160.274597168 -117.015136719 1 2112 192.063049316 -160.846801758
-1.10572187525 -1.30474856022 6.72174659886
148 152 156
2 0 2407 -32.782409668 244.675460815 1 2115 -19.3847045898 181.59979248
0.586275600596 0.400845720152 7.95509395058
130 145 186
2 0 2530 187.851196289 -0.675994873047 1 2123 183.535888672 -47.2723693848
-2.14141627417 0.844144557937 6.56493147486
231 239 217
2 0 2657 -191.601501465 -55.9083251953 1 2157 -167.253326416 -120.228393555
-3.19998602355 -0.745238194354 8.07155226958
113 122 141
2 0 3022 -250.402053833 151.431838989 1 2208 -260.499450684 86.9327545166
-2.79540403312 -1.40158486043 7.88729450285
73 100 138
2 0 2691 -210.522674561 231.170379639 1 2217 -218.126251221 167.47807312
-1.26828572342 -1.71590883838 7.75333543133
92 140 155
2 0 1916 -31.3064575195 271.233306885 1 2238 -36.6251220703 207.662719727
0.306062760934 0.234544850698 7.96650106913
116 137 187
2 0 1528 153.968933105 21.4739685059 1 2240 150.169189453 -27.9141845703
0.642250931114 -1.02152590637 7.71766553892
147 170 234
2 0 2245 206.503723145 179.553100586 1 2241 195.848449707 124.05657959
-3.61656478037 0.334162523149 8.16659259913
78 109 165
2 0 2830 -294.460083008 28.7719116211 1 2288 -305.678497314 -38.3446655273
-3.61800319222 0.337296010775 8.17103518588
78 109 165
2 0 4270 -294.430419922 28.0853881836 1 2289 -305.678497314 -38.3446655273
1.25846057611 -0.932986524893 7.68283717077
135 150 209
2 0 2043 288.019470215 166.396179199 1 2321 272.248657227 114.511703491
-0.791653816243 0.996285202579 6.19394018615
164 145 136
2 0 2300 -10.227355957 -95.4915771484 1 2386 26.2882080078 -149.996643066
-1.14778964233 -0.177809395382 6.05902874825
228 215 197
2 0 1742 -61.4161682129 86.750793457 1 2394 -27.8782958984 27.4389343262
-2.87221559792 -1.72965020116 7.89554782671
109 153 170
2 0 3366 -218.173400879 271.687774658 1 2403 -227.17250061 205.724349976
-2.87221559792 -1.72965020116 7.89554782671
109 153 170
2 0 3365 -218.173400879 271.687774658 1 2404 -227.17250061 205.724349976
-3.13470365358 -1.29676559247 7.94375522825
95 125 174
2 0 3576 -247.36730957 218.321578979 1 2422 -256.877624512 153.764282227
-3.46387630328 -1.52166939359 7.9479711119
88 115 148
2 0 4305 -284.11505127 245.946838379 1 2423 -295.860351563 180.355117798
1.12060413118 -0.955864432079 7.72283235368
104 118 175
2 0 2262 268.928894043 169.363067627 1 2472 254.047790527 116.427810669
-3.03749975649 0.151766413971 8.15922345275
63 97 145
2 0 2995 -231.004196167 46.6280822754 1 2511 -238.958892822 -17.1336975098
-2.8866231132 -1.19768514748 7.94726086795
94 130 191
2 0 4451 -219.080459595 206.178527832 1 2521 -227.354660034 141.510009766
1.79632536493 -0.360649791785 7.66715933194
73 117 135
4 0 2878 357.199523926 89.5143737793 1 2551 338.453308105 44.2808837891 2 2605 307.914672852 72.9424591064 3 3515 321.598205566 73.5950622559
1.7768547559 -0.336823724413 7.69051574485
122 168 189
3 0 2202 353.377258301 86.5664978027 1 2692 335.385620117 41.2045288086 3 3703 317.812927246 70.6508178711
-3.15332137712 -0.62965779717 8.0940720391
82 111 123
3 0 2232 -244.724716187 137.373840332 1 2727 -253.980987549 73.2621765137 2 1188 -323.788513184 127.362060547
-3.2044152501 -1.31363227211 7.99088040598
92 123 171
2 0 3577 -253.169570923 219.291259766 1 2792 -263.621490479 155.112243652
1.07833241447 -1.43505559768 7.55262732068
83 111 148
3 0 2209 270.497558594 236.631072998 1 2831 254.215087891 178.489562988 2 3998 236.922302246 213.565124512
-3.58995804735 -1.74272190249 7.95389052857
103 145 163
2 0 3962 -297.692077637 272.607666016 1 2837 -310.667633057 206.365814209
0.671134437806 1.20501300208 7.06333226616
3 8 20
2 0 3762 203.665649414 -117.413848877 1 2841 217.290893555 -160.155334473
-2.97059062198 -1.17691366846 7.96769132963
97 131 199
2 0 2685 -227.929916382 202.927963257 1 2863 -236.682769775 139.313598633
2.36746744953 1.52426844899 9.59936483657
12 19 35
2 0 684 357.468322754 -114.783477783 1 2875 328.797546387 -151.735198975
-2.35583282908 0.0286945114391 8.03760887903
73 102 143
2 0 4801 -158.882171631 57.8784179688 1 2876 -162.585342407 -2.97387695313
0.736996924029 -1.24300238608 7.67655441968
90 128 196
2 0 3028 220.965393066 208.574020386 1 2886 208.526672363 152.239456177
-2.79876049451 -0.670507132599 7.98614206471
126 145 161
2 0 3095 -208.930831909 142.457260132 1 2894 -215.853729248 78.9000701904
1.92612010675 -0.433608184519 7.73164112333
73 112 129
2 0 1625 373.032104492 98.1348571777 1 2929 351.992370605 53.3333435059
1.92612010675 -0.433608184519 7.73164112333
73 112 129
2 0 1624 373.032104492 98.1348571777 1 2930 351.992370605 53.3333435059
-1.43041344834 -0.586134013926 6.29353286374
221 198 188
4 0 5471 -95.0897216797 148.820159912 1 3003 -68.3248596191 86.7376251221 2 1835 -56.3973083496 134.793380737 3 1561 21.1796264648 133.783706665
-2.44877186374 0.989302498056 6.29023342735
187 171 169
2 0 3533 -248.667877197 -78.997467041 1 3012 -219.949020386 -146.992126465
-0.978511260196 -1.73059607917 7.73953823862
84 135 149
2 0 2933 4.29348754883 272.645721436 1 3015 -1.46768188477 210.266143799
-0.978511260196 -1.73059607917 7.73953823862
84 135 149
2 0 2934 4.29348754883 272.645721436 1 3016 -1.46768188477 210.266143799
-1.54889769485 1.34866916931 5.89213351127
36 23 25
2 0 5196 -136.798126221 -151.065704346 1 3017 -92.0093383789 -213.206054688
-2.24028965499 0.710694248545 6.58458106555
216 220 199
2 0 3218 -203.743148804 -36.4920349121 1 3036 -180.807235718 -100.678955078
1.69809371606 -0.318428146364 7.80060754734
78 121 145
2 0 1915 339.147521973 84.0855255127 1 3042 321.342346191 38.5493774414
-3.54453164905 -1.02555886659 8.08593318853
96 118 178
2 0 4797 -287.473815918 184.724533081 1 3119 -300.284576416 119.666625977
0.135198941887 0.306297572921 7.98994320744
126 147 193
2 0 3020 132.467041016 13.6402587891 1 3131 129.625061035 -36.2027282715
-3.01981115395 0.496495717875 8.10905000946
14 15 43
3 0 7534 -231.882705688 7.84008789063 1 3190 -238.579605103 -57.5746154785 2 2910 -306.366363525 -24.0914916992
-2.98382652136 0.452214453067 8.12897492956
102 112 155
3 0 4325 -227.198822021 12.7298278809 1 3225 -233.464736938 -52.5941162109 2 3430 -301.222351074 -17.805480957
-1.01834602026 -0.359590400562 6.0367394614
217 223 197
4 0 2055 -40.6060180664 114.987426758 1 3257 -8.32815551758 55.4562530518 2 1971 18.984375 97.1098175049 3 2438 99.6252746582 96.8292694092
-3.59005295813 -0.929686995496 8.0211418636
106 115 157
2 0 3312 -295.84753418 175.247039795 1 3261 -308.018188477 108.810836792
-3.59005295813 -0.929686995496 8.0211418636
106 115 157
2 0 3313 -295.84753418 175.247039795 1 3262 -308.018188477 108.810836792
-0.862177995178 0.834224816601 6.21484758007
226 220 198
2 0 4431 -19.5289001465 -69.8243103027 1 3287 15.623260498 -125.29864502
-2.55875990897 -0.641476223975 8.00858102727
82 107 119
2 0 2780 -180.853439331 137.791244507 1 3299 -187.031814575 75.4356231689
-1.18034531732 0.0992770184731 6.25995149819
180 200 238
2 0 5376 -62.1373291016 43.7726745605 1 3325 -31.868927002 -14.7679138184
0.0815527492754 0.298919661623 7.97648768773
115 133 167
2 0 2771 125.963439941 14.7456665039 1 3395 123.510803223 -35.3864746094
1.53373811001 0.927947355862 7.8167083425
58 97 112
2 0 3251 307.973693848 -73.3848571777 1 3399 300.903869629 -111.501098633
-1.19355446621 1.0951777324 6.77311380185
187 167 157
2 0 3429 -55.615020752 -93.7371520996 1 3471 -31.366607666 -151.658691406
-3.21675849495 -0.81606184189 8.04014852461
122 121 150
2 0 5569 -253.498641968 160.071182251 1 3472 -263.457824707 95.6468811035
0.624101066328 0.0877376576535 7.88830651167
89 123 177
2 0 4120 195.154968262 37.7358703613 1 3499 189.544250488 -10.6489868164
1.83515504484 -0.0859130577875 7.77826203692
114 150 202
2 0 2698 356.429931641 53.501449585 1 3501 338.866699219 10.653503418
-2.90200293017 0.378010177403 8.07021388679
101 124 182
2 0 5245 -220.186050415 20.487701416 1 3535 -225.70791626 -44.2094726563
-0.640391862388 0.779430316867 6.34306925152
224 220 188
2 0 4094 16.3316345215 -61.3614196777 1 3584 47.9340820313 -114.500305176
-3.62058133485 -1.60942181077 7.96771928582
66 94 122
3 0 4350 -300.716217041 256.024536133 1 3639 -313.727783203 190.645324707 2 2642 -392.3671875 268.421813965
-1.39700743401 -0.772157297848 6.36271211927
201 157 166
2 0 5318 -86.854309082 175.280426025 1 3645 -63.1394042969 113.430130005
1.24004821164 0.90445538213 7.91978456517
86 122 139
2 0 4092 267.81463623 -66.621307373 1 3658 262.117980957 -107.554443359
-3.60165232281 0.415652136843 8.1929799648
70 91 143
2 0 4774 -291.771972656 19.6661987305 1 3798 -303.005859375 -47.6535949707
0.938156872926 -0.439209595788 7.76224180733
127 172 189
3 0 5131 240.892578125 103.124267578 1 3834 230.055664063 53.1729278564 2 5724 205.343078613 85.2341766357
-2.74048765178 0.423079862146 8.10498313644
89 102 148
4 0 3504 -201.214950562 14.7609863281 1 3858 -205.709899902 -49.085357666 2 2780 -267.844848633 -14.7198791504 3 2232 -228.172241211 -14.8413085938
-2.6242356359 -1.68511976959 7.84365874555
103 144 164
2 0 3707 -191.483520508 267.007537842 1 3865 -198.828369141 201.8722229
-3.28896459913 0.385104963328 8.1573025904
60 84 136
3 0 4887 -259.453369141 21.5354614258 1 3867 -267.83984375 -44.1305541992 2 2315 -343.213623047 -8.43124389648
-0.858823826692 0.238618813165 6.47780957266
15 21 97
2 0 4220 -10.4559936523 21.8366699219 1 3916 15.487487793 -34.592590332
-1.03138541641 -0.406479287473 6.05135546841
236 239 207
2 0 3339 -42.359161377 122.376846313 1 3943 -10.0061340332 62.5962219238
-3.17506308767 0.523339776183 8.1483429461
80 84 122
3 0 4376 -247.787826538 5.1628112793 1 3981 -254.925811768 -60.3724365234 3 2724 -288.865661621 -27.8469543457
-3.33160345202 -0.740193575457 8.02118414805
92 98 118
2 0 3372 -267.38671875 151.970123291 1 4000 -277.570037842 86.8157653809
-2.85235469409 -1.68384005186 7.88936257947
99 137 158
2 0 3866 -216.282058716 265.786895752 1 4109 -224.931091309 200.867645264
-1.13677490014 -0.107833297983 6.11003036028
244 230 219
2 0 3749 -58.6496276855 75.5576629639 1 4133 -25.9783630371 16.4711303711
-3.46711156653 -1.61547328076 7.96116363963
90 120 150
3 0 4766 -283.569366455 256.985595703 1 4173 -295.919555664 190.98916626 2 2778 -369.818786621 267.966064453
-2.95195588763 0.465331235397 8.12191835342
32 41 81
4 0 5870 -224.000686646 10.9009094238 1 4179 -230.050750732 -53.8092651367 2 3988 -296.773254395 -19.5747375488 3 5006 -257.425048828 -20.6018981934
-3.41036271634 0.185126450546 8.15762035608
89 122 183
2 0 4641 -272.045654297 44.929901123 1 4268 -282.136657715 -21.4222717285
-2.55863418315 -0.606329701371 8.01284125432
115 149 161
2 0 4396 -180.794815063 133.559310913 1 4298 -186.917190552 71.3091583252
-2.70815623899 0.0337005734795 8.13136414953
94 125 166
2 0 5206 -195.222396851 59.3307037354 1 4305 -201.590393066 -4.13656616211
-3.47715229294 -0.966258278274 8.07281322539
86 98 144
2 0 6653 -280.736663818 177.877807617 1 4308 -292.873840332 112.879760742
-3.42206929242 -0.165194710374 8.12852216453
83 113 142
2 0 7226 -273.833648682 84.6856842041 1 4326 -284.47253418 19.3121643066
-3.42206929242 -0.165194710374 8.12852216453
83 113 142
2 0 7225 -273.833648682 84.6856842041 1 4327 -284.47253418 19.3121643066
-2.64586147679 -1.33955307709 7.95481810887
72 103 145
3 0 4079 -190.996017456 222.39666748 1 4348 -198.299407959 158.182495117 3 2465 -210.31602478 224.508346558
-3.49642599052 -1.63112796613 7.96969330333
63 95 123
2 0 6814 -286.545013428 258.386291504 1 4427 -298.941650391 193.000259399
1.41097881759 -1.37763603871 7.62546798655
115 147 195
2 0 4697 313.598510742 226.177597046 1 4454 293.154968262 170.182235718
-0.768878860433 1.01334308081 6.1640357153
229 215 207
2 0 5856 -7.45660400391 -98.986328125 1 4472 29.854309082 -153.257171631
-1.02413458964 -1.70219928893 7.76842979187
126 174 194
2 0 3258 -1.03970336914 268.582000732 1 4482 -7.00814819336 205.742294312
-1.02413458964 -1.70219928893 7.76842979187
126 174 194
2 0 3259 -1.03970336914 268.582000732 1 4483 -7.00814819336 205.742294312
-3.13082048794 -1.56040836721 7.90661646186
93 122 154
2 0 4655 -247.941238403 251.193771362 1 4506 -257.652282715 185.521774292
-3.10664734265 -1.25581419171 7.95039934742
54 85 138
2 0 7070 -243.981582642 213.100799561 1 4572 -253.328765869 148.903915405
-1.4190336293 1.17850151828 6.26169607749
158 146 153
2 0 5266 -102.706054688 -115.842010498 1 4711 -67.4259033203 -175.594085693
-1.45434365379 0.279504821948 6.87387850043
219 192 208
2 0 8187 -84.5799865723 20.6877746582 1 4795 -66.4096374512 -37.8353881836
1.85999084482 -0.0590713710688 7.79469622311
82 117 173
2 0 4851 359.070129395 50.479888916 1 4828 341.162231445 6.79931640625
-2.86870095061 -1.48513211417 7.93023313695
84 113 146
2 0 6060 -217.004318237 240.684799194 1 4850 -225.715530396 176.281036377
-3.58321886925 -0.943673163658 8.08273128808
76 85 128
2 0 4732 -292.068786621 175.546981812 1 4994 -304.91973877 109.995651245
-2.76722975812 -0.932800942597 7.96673306972
126 140 183
2 0 4306 -205.368911743 173.698944092 1 5030 -212.655792236 110.069900513
1.68181613606 0.460818096833 7.89484895118
124 153 195
2 0 5163 328.557373047 -14.6359863281 1 5089 315.669372559 -54.8358154297
-2.47716747621 0.206115112222 8.08166201472
51 88 143
4 0 6960 -171.928390503 38.4425964355 1 5187 -175.638748169 -24.0216369629 2 4506 -231.675369263 13.3662109375 3 4762 -192.026535034 13.5047302246
-1.3235388819 -1.62478789935 7.80659216851
110 147 170
2 0 7231 -37.4714050293 258.046020508 1 5206 -43.007232666 195.624679565
-3.6021626627 -1.436613175 8.02844344306
65 90 127
4 0 5331 -296.470306396 234.365722656 1 5224 -308.838867188 168.831542969 2 2989 -387.771606445 242.769317627 3 2168 -348.874237061 246.464370728
-3.25568781192 -0.888894970516 8.05574563149
117 121 158
2 0 5758 -256.991149902 168.513946533 1 5279 -267.528442383 103.963699341
-3.17166634514 -0.830029195509 8.01808868836
77 76 109
2 0 5744 -249.357681274 162.114028931 1 5283 -258.871337891 97.2923736572
1.60285665859 0.0978483395037 7.83373496514
81 110 160
2 0 4822 322.460510254 31.3382873535 1 5397 308.538818359 -11.6930236816
-2.31792606341 0.71090436675 6.50210223128
216 219 195
2 0 5438 -218.325683594 -36.6352844238 1 5471 -194.183380127 -102.327301025
-2.39884336712 0.940050414221 6.32121668105
213 196 190
2 0 7606 -239.752944946 -71.7234191895 1 5563 -211.521789551 -138.938018799
-3.35791536588 -1.33333953161 7.99150793462
81 109 153
2 0 5458 -270.411865234 222.499023438 1 5634 -281.75769043 156.95022583
-2.68533529098 -1.28731493145 7.93181719871
103 134 188
2 0 4003 -196.36831665 216.060943604 1 5638 -203.846786499 153.067718506
1.57041651553 -0.474740144487 7.7341562276
95 136 153
2 0 6151 325.151367188 105.254730225 1 5678 308.459411621 57.813079834
-1.52824870037 -0.536098060142 6.38110899784
225 200 178
2 0 5436 -106.518371582 140.127502441 1 5680 -82.1575317383 78.4748382568
-3.5560000276 -1.10605816289 8.04566447789
91 123 186
2 0 6366 -290.493408203 195.406921387 1 5831 -303.133850098 129.114990234
-2.30502708224 1.09784426912 6.42730278552
199 179 177
2 0 7805 -221.711624146 -92.9647827148 1 5886 -194.52444458 -159.739044189
1.60429154181 0.796845050622 7.85868301534
68 94 116
2 0 6426 317.043151855 -56.5416259766 1 5906 307.799316406 -95.4815979004
-0.0662614976544 -1.26039319464 7.77365432169
117 154 215
2 0 5110 116.481079102 210.323287964 1 5960 108.810394287 152.485916138
-2.30887566596 0.680058398661 6.56060242884
197 196 177
2 0 8087 -214.125610352 -31.6910095215 1 6016 -191.220565796 -96.9977416992
-3.11921653865 -1.29983875378 8.01405646109
81 111 160
2 0 4394 -242.52571106 217.106872559 1 6215 -252.859634399 152.897659302
1.2039044963 -1.31662873524 7.66217733366
96 129 194
2 0 5063 284.11114502 217.941696167 1 6265 266.2734375 161.402420044
-2.8020751295 -0.159805242359 8.1293915241
88 116 146
2 0 5786 -205.194992065 81.9807281494 1 6336 -212.526855469 18.2657775879
-2.47532610175 -1.81796034844 7.85086347619
67 113 123
2 0 5967 -173.371414185 282.636047363 1 6438 -180.790649414 217.865005493
-2.31093666608 0.691288900402 6.52535915913
139 139 115
2 0 6272 -216.14491272 -33.4590759277 1 6459 -192.512527466 -99.3262634277
-3.07933065939 0.518937189506 8.12958704796
79 81 113
4 0 7321 -237.872573853 5.61026000977 1 6503 -244.728302002 -60.1275024414 2 5966 -314.229431152 -27.0464782715 3 4004 -275.373321533 -27.170135498
1.67182098391 -0.191068306586 7.83485205977
60 95 129
2 0 7546 333.700256348 67.9725494385 1 6623 316.798583984 22.8419494629
-2.82012339693 -1.73116648364 7.91762452906
104 148 167
2 0 5998 -211.280426025 270.689666748 1 6715 -220.320495605 205.817932129
-3.59867075925 -1.64010398149 7.96023308178
102 133 161
2 0 5007 -298.561706543 259.901916504 1 6733 -311.418273926 194.325088501
-2.21623790519 1.18197622147 6.52620769061
212 200 206
2 0 6256 -204.971878052 -103.421112061 1 6847 -178.963973999 -169.453582764
-1.24529286979 0.318863808424 6.80350047622
224 191 201
2 0 7656 -58.220123291 14.0709228516 1 6848 -38.3422851563 -43.9526062012
-3.6096565477 -1.2178605001 8.02132559253
91 125 185
2 0 7960 -297.512390137 208.484069824 1 6963 -310.326843262 143.274307251
-3.69147804893 -0.825337932648 8.15052937244
90 89 120
2 0 5906 -300.937408447 160.963882446 1 7152 -314.97454834 95.707244873
1.71189555765 0.986758388652 7.7881934552
77 116 128
2 0 5612 331.828796387 -82.1807556152 1 7270 323.569885254 -119.380310059
-2.83209730369 -1.74326892319 7.89314644839
78 122 140
2 0 6094 -213.625411987 272.903930664 1 7322 -222.419082642 207.843811035
-2.90114202705 -1.42895660745 7.95828689788
80 105 145
2 0 7652 -219.692718506 233.732391357 1 7452 -228.801940918 168.646697998
-0.897105982134 0.0875015443797 6.47080973528
2 17 105
2 0 7061 -15.3812866211 43.6631469727 1 7642 9.99353027344 -12.2283630371
0.775667424276 -0.825225581151 7.74001287519
153 166 203
2 0 6568 222.292175293 153.259307861 1 7668 211.521057129 100.142868042
-3.09398170388 -1.65540074181 7.94065212947
65 103 124
3 0 7102 -242.342437744 261.196380615 1 7692 -251.621673584 196.219238281 2 7044 -316.095275879 270.567657471
-0.781141191472 0.205225439783 6.58215793379
9 18 90
2 0 6996 2.83850097656 26.7036132813 1 7840 26.2715148926 -29.41796875
-3.04481352256 -1.00079919486 7.97461932508
102 122 174
2 0 6340 -236.524505615 182.04335022 1 7876 -245.236755371 118.443878174
-2.94668715624 -1.74874792362 7.92500045948
85 127 147
2 0 7427 -225.542770386 272.873809814 1 7917 -235.178924561 207.719299316
0.594804813871 -1.28126837579 7.71122037661
88 124 186
2 0 6913 202.096740723 213.161895752 1 7981 190.264526367 156.149475098
1.21688831482 -1.29541151018 7.69257598941
109 143 207
2 0 7979 284.99206543 214.316680908 1 8090 266.847412109 158.307495117
-2.57683780023 1.3521872953 6.02937738507
19 19 30
2 1 130 -249.038269043 -209.357879639 2 100 -258.383789063 -200.226348877
1.97309145865 0.896500214951 7.73334812419
75 119 125
3 1 135 357.668884277 -108.817901611 2 169 318.066223145 -80.2445678711 3 215 329.668823242 -72.5111999512
-1.47154805421 -0.535378179982 6.36853072133
8 6 7
3 1 153 -73.6677246094 78.0700836182 2 114 -65.621673584 125.735900879 3 104 10.9920959473 124.936920166
1.83516065551 0.594821522262 7.82475482546
111 112 141
2 1 221 336.907531738 -71.8446655273 2 345 298.438293457 -42.396484375
1.83516065551 0.594821522262 7.82475482546
111 112 141
2 1 222 336.907531738 -71.8446655273 2 346 298.438293457 -42.396484375
-1.0498614398 -0.421275315274 6.13820613642
217 210 176
3 1 236 -11.9855041504 63.6375732422 2 202 9.02807617188 107.296585083 3 227 88.6984558105 105.711166382
-0.667500729811 1.12970315939 6.2855422116
174 166 159
2 1 246 44.3886108398 -167.010620117 2 302 58.9421386719 -146.605133057
-0.16511481607 1.10105710935 5.88368408569
196 208 211
3 1 265 126.77130127 -174.335174561 2 260 158.547668457 -152.352874756 3 304 230.415283203 -142.413085938
-1.07204415119 -0.350354660205 6.07256747749
66 69 42
2 1 377 -16.202911377 53.5522613525 2 334 9.02795410156 95.3189697266
-2.71669196576 1.08905721087 6.37382159912
133 124 124
2 1 428 -256.437194824 -158.723480225 2 331 -280.023010254 -143.673431396
-1.16271544021 -0.264462437943 5.97035728275
212 225 188
3 1 457 -30.484161377 40.7803955078 2 457 -2.77740478516 82.4237823486 3 490 81.4157714844 82.3696136475
-0.0706839172618 1.0130880443 5.83042896481
232 248 251
2 1 492 142.897399902 -161.47567749 2 408 177.436523438 -138.885314941
-1.15097416711 -1.83018540144 7.78682743398
126 183 188
2 1 568 -22.4176025391 221.967590332 2 512 -48.1653137207 278.206207275
-1.15097416711 -1.83018540144 7.78682743398
126 183 188
2 1 569 -22.4176025391 221.967590332 2 513 -48.1653137207 278.206207275
1.69911160635 0.701515037627 7.81491956459
86 81 112
2 1 649 320.895202637 -84.7727966309 2 734 283.728271484 -55.2358398438
-0.693199100137 -0.636529852771 6.53162022914
250 211 204
2 1 660 39.0676879883 90.6477050781 2 1253 51.1603393555 133.911209106
-1.25050909289 1.12034884128 6.44129664473
23 15 12
2 1 685 -41.2044372559 -162.649749756 2 872 -37.1041870117 -141.456665039
-2.68303464589 -0.889712271862 7.9536600432
81 94 145
2 1 813 -203.019165039 105.286087036 2 803 -258.706115723 161.34979248
1.73206825296 0.747308552156 7.79932357394
122 130 156
3 1 825 325.512573242 -90.5241699219 2 988 288.111999512 -61.2846069336 3 1005 302.034179688 -54.5905151367
-2.8294346527 0.287151426299 8.13721775201
52 82 144
3 1 913 -215.683166504 -33.3278198242 2 750 -279.277099609 3.47006225586 3 746 -240.603057861 3.87362670898
-3.26059580312 -0.94606381001 8.07204052994
66 89 145
2 1 959 -267.549133301 109.956222534 2 659 -338.764984131 171.365112305
-0.885806890229 1.17304756925 6.20792006509
19 15 14
2 1 1001 12.1216125488 -175.800537109 2 620 28.0339050293 -156.371276855
1.41345858751 -0.777422576781 7.60300829049
110 114 151
3 1 1033 294.130493164 96.3599090576 2 1201 270.369384766 126.958724976 3 1048 289.05871582 124.718704224
-1.21457282683 -1.82454003292 7.80059718465
90 142 144
2 1 1037 -29.845123291 219.310791016 2 675 -56.8726196289 279.096832275
-2.7157336687 -1.02716773446 7.99836099408
58 102 166
2 1 1045 -205.790237427 121.022201538 2 998 -262.768157959 179.289810181
-3.35366061534 0.624356765947 8.13312316734
114 112 138
2 1 1063 -276.402008057 -72.49609375 2 716 -352.936096191 -40.049041748
1.19452218095 0.543674937641 7.83393372295
125 131 173
2 1 1115 259.38848877 -65.6780395508 2 1125 227.033874512 -35.6365356445
-1.09697312837 -1.78743706614 7.72611907426
96 147 153
2 1 1153 -15.9143371582 217.602844238 2 1000 -39.845916748 274.610748291
-1.52517815881 1.1708797116 6.15137733414
157 144 139
2 1 1243 -84.6839294434 -177.524932861 2 1474 -74.0126037598 -159.669830322
-2.48072251625 1.15383815646 6.4038229405
181 168 165
2 1 1247 -220.819519043 -167.566131592 2 1603 -238.804260254 -152.70791626
0.799334571018 -0.759347790174 7.69635166627
126 126 159
3 1 1255 215.577148438 92.645324707 2 1451 193.555786133 126.96812439 3 1606 218.632080078 125.412216187
-2.62754893629 0.774651095182 6.37602111761
145 155 127
2 1 1345 -243.287200928 -113.332366943 2 805 -263.605285645 -89.6975402832
1.61039903566 -0.659890748686 7.61003738963
142 134 172
3 1 1516 318.311950684 81.594039917 2 2196 291.793701172 110.979644775 3 5217 308.224243164 109.856201172
-2.25581431286 -0.944042276316 7.94744737556
112 138 199
2 1 1545 -152.546325684 111.378204346 2 1175 -199.704833984 166.212905884
1.5140611419 0.853663272788 7.77507603601
77 112 121
2 1 1580 300.058349609 -103.489471436 2 1891 265.030822754 -74.1934814453
0.811349946381 -0.803274126091 7.67509891088
148 152 197
2 1 1599 217.621643066 98.4623413086 2 1438 196.2421875 132.518615723
-0.536270372326 -0.0169310523559 6.79269532425
52 74 161
2 1 1824 59.2021789551 2.10394287109 2 2301 61.0031738281 37.0477294922
-0.939335650457 -0.637895745568 6.16062463295
240 190 191
2 1 1877 4.0546875 96.920135498 2 1569 28.2746276855 141.088150024
1.26265325099 0.551418347375 7.84211937031
138 141 184
2 1 1878 267.310852051 -66.671295166 2 2775 234.230102539 -36.4261169434
-2.28853242409 0.619857645024 6.7660186493
140 135 132
3 1 1913 -182.456207275 -85.9106750488 2 2186 -205.916900635 -57.2574157715 3 3317 -134.568817139 -56.3551940918
-2.28853242409 0.619857645024 6.7660186493
140 135 132
3 1 1914 -182.456207275 -85.9106750488 2 2187 -205.916900635 -57.2574157715 3 3318 -134.568817139 -56.3551940918
1.30454739255 -1.06077895186 7.56171181921
82 123 201
2 1 2043 282.193603516 132.019317627 2 1161 261.335876465 163.818771362
-3.57361794289 -0.47831893311 8.16656432476
115 162 168
3 1 2113 -300.660705566 55.1571044922 2 1087 -382.243774414 108.211029053 3 1234 -344.762695313 110.005950928
1.69623143123 0.796655667607 7.81156196044
77 94 113
2 1 2119 320.703613281 -95.7989196777 2 3100 283.235107422 -67.1719665527
-1.03382939501 0.418143851301 6.79763829995
247 215 225
2 1 2197 -9.28775024414 -57.7463684082 2 1378 -12.5857543945 -26.5842895508
1.30639490728 -0.69514516351 7.66867934867
113 107 137
3 1 2221 278.577697754 85.1967926025 2 2036 253.70892334 116.406723022 3 2077 273.262695313 115.166824341
2.02100077478 0.496970414968 7.78799713217
97 114 158
2 1 2234 360.985473633 -60.1226806641 2 2533 321.357177734 -31.3885192871
1.18901871394 -0.650584750295 7.68514882372
130 125 154
2 1 2311 263.601745605 79.5664367676 2 2364 239.113830566 111.336883545
-1.49221824917 -0.435648073745 6.39434994802
235 233 208
2 1 2373 -76.7174682617 63.1454925537 2 2300 -69.2884216309 108.922531128
-2.6351374987 -0.452440509358 8.07120874664
79 129 133
2 1 2390 -194.54045105 53.0059661865 2 1402 -252.241210938 100.734054565
-2.69268766207 -1.07750127454 7.98625543736
107 149 227
2 1 2416 -203.346725464 126.738525391 2 1585 -259.555938721 186.504516602
1.70097789894 0.755311452245 7.81809666515
117 125 151
2 1 2471 321.009765625 -90.7957458496 2 3824 283.522949219 -62.0765991211
1.28199117035 -2.03573465583 7.48550317002
91 90 125
2 1 2513 282.366943359 255.55368042 2 2397 267.305725098 291.413482666
0.898890584704 0.359517068678 7.85160063279
99 142 225
2 1 2538 223.353210449 -43.189239502 2 3812 193.168762207 -12.9797058105
0.855476168317 0.308154025206 7.86885144389
61 106 180
2 1 2560 217.682556152 -36.8209838867 2 3855 187.512207031 -6.65621948242
-2.40533127517 0.507546683379 8.09489716417
97 110 158
2 1 2767 -167.239608765 -58.878326416 2 2623 -222.795547485 -26.1125183105
-3.04093470888 -1.05279657766 8.01225999934
47 85 154
2 1 2780 -243.642547607 123.2394104 2 1549 -308.27822876 185.453048706
-0.199691331755 -1.97009692238 7.66189787055
124 122 156
3 1 2812 94.0328063965 241.78453064 2 2820 77.8596191406 292.14932251 3 2583 112.985717773 287.036407471
-2.02500672533 -1.54709634413 7.89265839642
79 110 136
2 1 2949 -126.189147949 184.849960327 2 2878 -166.816360474 245.978622437
-3.44709101844 -0.440777439012 8.13308911318
91 141 145
2 1 3218 -287.216888428 50.7563171387 2 2405 -364.849029541 103.126541138
-3.37572131005 0.718545714424 8.15488608251
100 99 126
3 1 3309 -277.984680176 -83.4281616211 2 2326 -356.212432861 -52.9749145508 3 2047 -317.206604004 -53.6874694824
1.55611626594 -2.03736453502 7.50739961111
114 114 147
2 1 3312 315.999084473 255.038269043 2 4931 297.903503418 288.247436523
1.85316760542 -1.33633263093 7.50162751762
89 116 147
2 1 3321 353.365661621 167.794281006 2 3026 329.384338379 196.021148682
1.64674883695 -0.826658625475 7.57928401366
131 144 198
2 1 3388 324.082458496 102.702301025 2 2880 298.620239258 131.994216919
1.65116629028 -0.94000105668 7.57082846072
72 111 194
3 1 3502 325.000915527 117.189926147 2 3987 300.079528809 146.518310547 3 4176 316.147460938 142.88949585
-3.43592899058 -1.3599308476 7.99013714806
79 107 137
2 1 3512 -290.970062256 159.938980103 2 3047 -365.013305664 231.419128418
-3.0053875367 0.403782814366 8.13523281124
46 83 148
2 1 3519 -235.933792114 -46.7968139648 2 2547 -303.999938965 -11.2593078613
-0.0149567079507 1.28020343034 4.45431767247
12 14 11
2 1 3532 196.448425293 -263.288146973 2 2682 305.795837402 -250.578125
1.17663231491 0.121191518541 7.82836243043
54 80 109
2 1 3542 257.405700684 -14.4714050293 2 1992 226.846923828 15.3791503906
1.17663231491 0.121191518541 7.82836243043
54 80 109
2 1 3543 257.405700684 -14.4714050293 2 1991 226.846923828 15.3791503906
0.571259889678 0.435572879727 7.89704094811
17 37 74
2 1 3549 183.055969238 -51.6543579102 2 2370 152.977539063 -21.9246520996
1.90386702648 -0.795381957197 7.52480044153
8 14 27
2 1 3759 358.585449219 99.5807800293 2 1918 331.22454834 127.286804199
-2.69217549775 0.128720435747 8.08333819006
61 88 118
2 1 3872 -200.883239746 -15.2470397949 2 2143 -260.966796875 24.3875732422
-2.18421602472 -0.891794179638 7.99223232959
114 126 174
2 1 3908 -143.31439209 105.043258667 2 3664 -190.233123779 157.643783569
1.83577276045 0.41660322888 7.81595655691
96 130 193
2 1 3956 337.344116211 -50.0625 2 6779 299.733764648 -21.5231933594
-2.81139498429 -0.868691251407 8.0298662524
114 121 163
2 1 4224 -216.185974121 101.584655762 2 4187 -276.134735107 158.36428833
-3.21249571569 -0.936710780663 8.08494844066
104 123 177
2 1 4253 -261.541381836 108.956558228 2 2148 -331.735534668 169.297470093
-0.600139334988 -1.69153018963 7.6892543596
120 177 179
2 1 4300 44.7687072754 206.44078064 2 3182 25.2899475098 258.448791504
1.87339833977 -1.05543691722 7.52414852554
85 123 187
2 1 4518 354.814819336 132.337539673 2 6039 328.936767578 159.891693115
-2.73362903929 -1.6581324392 7.9124848867
83 128 142
2 1 4579 -210.129058838 197.034240723 2 4379 -264.768188477 267.99420166
1.37679455599 -1.50717162747 7.53834918305
78 113 143
2 1 4774 292.14855957 188.044906616 2 4946 272.959655762 220.775238037
-0.414849062899 1.21433158447 6.21529999789
16 10 4
3 1 4836 82.6890258789 -182.626922607 2 4221 100.731536865 -161.205200195 3 5358 168.147216797 -152.11026001
-1.49089346265 1.12944163207 6.25019857841
225 207 197
2 1 5054 -78.2719116211 -168.584899902 2 6569 -70.5968322754 -149.538879395
-2.77386445827 -0.987205982388 7.99504137397
70 108 173
2 1 5073 -212.690460205 116.017272949 2 4019 -270.968811035 174.67276001
-1.77227374628 -1.52562398945 7.86357073079
109 137 160
3 1 5081 -96.4092102051 183.008346558 2 4052 -132.521270752 242.329376221 3 4215 -90.3818969727 241.463867188
1.30191577222 0.969310897372 7.75144527832
56 108 108
2 1 5148 275.156860352 -117.845947266 2 4137 242.14831543 -88.6721496582
-3.54893003831 0.257640639821 8.21102568071
55 86 141
2 1 5164 -296.281860352 -29.6141357422 2 5152 -378.516418457 9.49090576172
-3.24648179943 -0.919150391267 8.07447855602
66 82 134
2 1 5193 -265.848022461 107.152801514 2 3739 -336.745147705 167.247680664
-3.42791871784 0.446066792072 8.20685450281
105 135 197
2 1 5517 -282.510803223 -51.0939941406 2 4323 -361.789123535 -15.9037475586
-2.40942432293 0.458556479445 8.09725523177
96 121 180
3 1 5573 -167.848007202 -53.5088806152 2 4882 -222.919494629 -19.7807617188 3 4878 -183.652923584 -19.306427002
0.043140124116 -1.5371365548 7.67236727632
127 163 191
2 1 5630 123.606445313 188.297225952 2 6521 106.302520752 232.482055664
1.65334023529 -0.794589077921 7.58576653245
94 100 145
3 1 5656 324.520935059 98.5248260498 2 5292 299.122680664 128.107894897 3 5889 314.530883789 125.689941406
-3.3359425634 -1.38963287394 8.03051863195
79 103 137
2 1 5718 -277.821624756 162.826446533 2 4898 -349.696838379 233.369567871
1.58191769056 -1.03948431718 7.57869264124
77 116 195
2 1 5789 316.065368652 129.151702881 2 7701 292.142150879 159.09312439
-3.33483334616 -0.44421396425 8.1548924008
64 112 117
2 1 5815 -273.4894104 51.2851409912 2 4526 -348.523681641 102.608734131
-1.88320280259 -1.5979888245 7.83647139812
113 155 174
2 1 5834 -110.004150391 191.803359985 2 3534 -147.035095215 253.501495361
1.03630375944 -1.17581757345 7.58014361829
87 120 171
2 1 5845 248.226928711 145.845214844 2 5616 229.32409668 180.062438965
-3.18229204415 0.554807052399 8.15204100006
92 99 140
2 1 6047 -255.929351807 -63.914276123 2 3629 -328.536071777 -31.0880737305
1.52677151319 0.0287913920046 7.77163774561
102 131 159
2 1 6126 301.68963623 -3.52810668945 2 7136 269.791748047 25.8740234375
-1.11353012769 -1.75653836757 7.74088546158
117 180 180
2 1 7040 -17.9120483398 213.59487915 2 4160 -42.4430847168 270.02633667
-1.87929428396 -1.16243305913 6.68050580874
101 105 108
2 1 7101 -127.760864258 162.501556396 2 5132 -134.643890381 223.522155762
-3.40304091766 0.63070719098 8.1502979249
92 90 115
2 1 7813 -281.542358398 -72.6549682617 2 7021 -359.601196289 -41.0549926758
-3.17485620238 0.726490442495 8.12450183675
15 14 20
2 1 7908 -255.922027588 -84.1317138672 2 7676 -328.143035889 -54.0317077637
-2.38480137264 0.469590839562 8.075282921
74 96 151
2 1 8155 -165.247543335 -55.0870056152 2 7758 -219.971374512 -20.9031677246
-3.59597337013 0.286134515064 8.2346274675
50 82 139
2 1 8188 -300.853057861 -32.8858642578 2 3653 -384.680755615 5.97546386719
