# Bundle file v0.3
3 729
770.713806152 0 0
1.0000000256 2.68910598453e-010 1.02745646518e-010
-2.68910598453e-010 -1.00000018461 -5.47046004416e-011
-1.02745646518e-010 -5.47046004416e-011 -1.00000004816
-0.00412147196083 -0.00768686242332 -0.0176301295797
765.783569336 0 0
0.979252860893 -0.0169234760175 0.201934621189
-0.0168017232334 -0.999856200882 -0.00231710806063
0.201944784324 -0.00112381544787 -0.979396262162
-0.982021823264 0.0123602670964 -0.171953400035
766.18371582 0 0
0.982081847237 0.0123290156151 -0.188051120896
0.0175924162537 -0.999498205768 0.0263458430273
-0.18763192593 -0.029182048793 -0.981805864464
0.878644314804 -0.0178259554264 0.0334551203309
0.0959630872809 -0.464831328602 4.65216911665
224 206 198
2 0 17 15.1517028809 74.7469024658 1 12 9.63967895508 76.2891845703
-0.151250439973 0.164097543019 4.77795033386
9 27 92
2 0 34 -24.969909668 -27.5537109375 1 30 -26.3644714355 -25.1895446777
-0.151250439973 0.164097543019 4.77795033386
9 27 92
2 0 33 -24.969909668 -27.5537109375 1 31 -26.3644714355 -25.1895446777
0.835196068132 0.842795573244 4.4119848936
6 16 12
2 0 97 144.555450439 -148.106750488 1 48 126.106658936 -151.06463623
-0.0338447528304 -0.5643612251 4.52113354778
224 200 204
2 0 72 -6.44839477539 94.2959594727 1 60 -15.3999023438 94.4419555664
-0.0206237550347 -0.258903547645 4.70087293145
247 216 185
3 0 112 -4.08294677734 41.0587921143 1 81 -7.75598144531 42.0731506348 2 140 -4.80926513672 60.7713775635
1.00046298738 -1.41015090016 5.56876787693
127 154 178
2 0 104 137.397155762 193.101364136 1 87 161.742004395 196.839111328
0.832989321262 -0.173667226111 5.73866878702
0 4 0
3 0 96 110.958862305 22.1195220947 1 99 135.521759033 21.5632781982 2 108 81.977142334 42.9832611084
-0.126899505507 -0.648781352524 4.53707722559
9 16 23
3 0 91 -22.2856445313 108.32232666 1 101 -29.498626709 107.976303101 2 96 -18.6979675293 130.756835938
0.126466385704 -0.255496950798 4.70704252466
10 28 87
3 0 105 19.7074279785 40.2294921875 1 112 15.6848144531 41.0754394531 2 114 19.190246582 60.6735839844
-0.361439502053 0.578274126958 5.05679046967
235 211 196
2 0 82 -55.5162963867 -89.6598815918 1 115 -47.7893066406 -83.4893493652
0.748070931592 -0.548505085619 5.73451919081
143 183 231
2 0 102 99.671295166 72.7857666016 1 116 124.663360596 72.3322906494
0.748070931592 -0.548505085619 5.73451919081
143 183 231
2 0 103 99.671295166 72.7857666016 1 117 124.663360596 72.3322906494
-0.531175768839 0.739872351982 4.84086495952
177 162 136
2 0 81 -84.9052429199 -117.762512207 1 135 -81.9434967041 -112.102478027
0.983745094651 0.0463011344914 5.67628381344
0 5 1
3 0 120 132.448394775 -7.13645935059 1 136 155.973846436 -9.04887390137 2 150 104.170776367 13.83152771
0.699756216806 0.761869258176 4.20076593278
79 111 87
2 0 299 127.066162109 -141.578521729 1 145 99.5075378418 -141.348510742
0.00129451852407 -0.186028448639 4.74737304379
2 6 17
2 0 159 -0.454925537109 29.2789306641 1 147 -3.01583862305 29.3160400391
0.799958208262 -0.300015253761 5.74957096617
151 183 206
3 0 147 106.554595947 39.0780944824 1 164 131.207366943 38.8036651611 2 180 77.0456237793 59.5493927002
0.799958208262 -0.300015253761 5.74957096617
151 183 206
3 0 146 106.554595947 39.0780944824 1 165 131.207366943 38.8036651611 2 179 77.0456237793 59.5493927002
1.48485365559 0.75430883557 5.30643371417
118 151 165
2 0 148 214.259521484 -109.813598633 1 170 231.03515625 -118.019256592
0.10755442076 0.402905792732 4.5109614711
235 218 219
2 0 140 17.602142334 -69.4830322266 1 174 4.57907104492 -67.9014892578
-2.15647763813 -1.99991394203 7.39850187447
110 139 172
2 0 175 -224.381011963 207.124969482 1 226 -152.629379272 197.735595703
1.53346366566 0.531294917439 5.41320953176
136 178 223
3 0 322 217.010437012 -76.1117858887 1 251 237.59197998 -83.0997619629 2 465 188.359954834 -51.8074035645
0.236311339749 -0.784671760433 4.63964117098
226 221 216
2 0 265 38.4167480469 128.332855225 1 253 32.7363891602 128.54486084
1.08284732935 -0.529943016562 5.59829014496
149 198 241
2 0 329 148.016052246 72.1399688721 1 258 171.504730225 71.5048980713
1.86453791334 0.546612913931 5.2367711147
111 154 198
2 0 247 272.724609375 -81.4526062012 1 266 293.919616699 -89.5452270508
0.974739409455 -1.20224637773 5.59518070533
139 197 209
2 0 271 133.233642578 163.820724487 1 269 157.557800293 166.466949463
0.163520113476 -0.387809846858 4.66959864276
123 102 83
2 0 514 26.2110595703 62.8048858643 1 273 20.73828125 62.511932373
-0.340070438473 -1.94143170293 6.36723072392
91 127 175
2 0 280 -41.5383911133 232.825027466 1 276 0.409393310547 230.371551514
1.24657289376 0.251755476145 5.56020941755
1 9 18
3 0 251 171.731262207 -35.8195495605 1 278 193.565734863 -38.9111328125 2 306 143.313232422 -13.7430725098
1.59298064237 -1.36723998895 5.26022868314
124 149 173
2 0 336 231.862243652 198.539932251 1 303 254.432800293 204.912216187
1.75918239663 0.910121561849 4.88777502389
1 19 20
2 0 666 275.551269531 -143.80557251 1 347 284.428344727 -156.184112549
-0.515638274263 -0.479972556408 4.44834527346
89 73 72
3 0 312 -89.9315490723 81.5099182129 1 356 -95.8369140625 81.2262420654 2 318 -85.1786956787 103.280303955
1.47485135941 0.621365720246 5.40805491319
3 10 10
3 0 371 209.044616699 -89.3417358398 1 359 228.355224609 -95.7565917969 2 371 181.101623535 -64.5426635742
0.185193805172 -0.785775093138 4.61385961937
142 126 110
2 0 522 30.1283569336 129.493652344 1 361 23.7516784668 129.0262146
0.320627828766 0.301725252824 4.60288233487
100 80 67
3 0 663 52.5522155762 -51.592590332 1 387 42.5989685059 -51.5497741699 2 2190 55.9155273438 -31.5211181641
-0.737944882937 0.37282532197 5.02137393328
196 163 164
2 0 290 -113.48526001 -57.6943664551 1 394 -101.873764038 -53.0800476074
-1.30864150915 0.334393720911 5.13464867592
202 188 192
2 0 335 -196.313217163 -51.2260742188 1 395 -172.603912354 -43.6107177734
0.0464488983845 -0.689759953745 4.55283487388
246 241 233
2 0 410 7.13958740234 115.249267578 1 408 -0.908569335938 114.201515198
1.4418730246 0.815101958967 5.30637111193
114 151 162
2 0 433 208.045532227 -119.227996826 1 421 224.169311523 -126.27947998
1.52166408573 -1.43435794137 5.2989302097
112 137 169
2 0 429 219.842346191 206.551574707 1 431 242.585693359 213.383422852
0.733097212331 0.575247154372 4.21663590541
101 103 89
2 0 690 132.65838623 -105.878601074 1 434 106.440765381 -107.991210938
1.53931610427 -0.550337834101 5.3297762837
154 199 248
2 0 379 221.176635742 78.1707611084 1 445 242.655334473 78.999786377
-0.0860736343014 -0.496233376543 4.46372538986
122 97 88
2 0 635 -15.5126647949 83.8176422119 1 457 -26.2810974121 84.0921173096
0.730161731793 0.477486472348 4.24674331534
82 93 85
2 0 780 131.196166992 -87.9358825684 1 468 106.589996338 -88.8789672852
-0.130362415897 -0.391963675727 4.41987020432
138 115 96
2 0 525 -23.3554992676 66.865814209 1 476 -35.6130981445 66.8953704834
-0.130362415897 -0.391963675727 4.41987020432
138 115 96
2 0 526 -23.3554992676 66.865814209 1 477 -35.6130981445 66.8953704834
0.956011904278 -1.34331228238 5.57473133031
8 23 26
3 0 665 131.437713623 184.067138672 1 491 155.062988281 186.574645996 2 712 103.174743652 204.443908691
-0.499698594116 0.308133513485 5.16361967386
64 35 22
3 0 554 -75.1528167725 -46.8516540527 1 506 -62.225769043 -43.2060241699 2 986 -89.5347137451 -30.6475219727
-1.19982590957 -1.99359980889 6.82392389018
79 120 159
2 0 414 -135.560836792 223.465484619 1 514 -80.3906402588 216.962585449
0.611436544932 0.397965772648 4.25323988877
228 223 226
2 0 495 109.581451416 -73.5503540039 1 527 85.195526123 -73.3483581543
0.696751202962 0.581611588129 4.17880287055
213 218 199
2 0 700 127.182281494 -108.318267822 1 532 99.1770935059 -109.510345459
1.5111444639 -0.597216717087 5.33811352276
115 153 215
3 0 530 217.287841797 84.8643798828 1 542 237.999633789 85.739654541 2 680 188.887939453 104.557861328
1.28412950674 0.913160203424 5.03351558344
8 31 36
2 0 609 195.223510742 -140.353759766 1 545 201.680358887 -147.649871826
-1.24239127317 0.543242276725 5.08857870775
233 211 207
2 0 453 -188.086288452 -83.1440734863 1 559 -167.09526062 -73.8465881348
-0.421903948913 -1.9360736369 6.33403674937
84 119 166
2 0 557 -51.673034668 233.828094482 1 561 -9.87905883789 230.03276062
1.55293105631 0.275463143482 5.39575877874
117 154 208
2 0 461 220.426635742 -39.9797363281 1 580 241.582275391 -45.1903381348
-0.112995184105 -0.241582780327 4.65551300544
196 176 151
2 0 627 -19.3154907227 38.4827423096 1 589 -23.9144287109 39.5606079102
-0.433110861709 -1.86158737122 6.40100325151
81 119 159
2 0 598 -52.4825439453 222.358856201 1 604 -9.62805175781 219.019821167
-1.37616026542 0.626963494174 5.08138961074
250 222 205
2 0 440 -208.548568726 -95.9053344727 1 634 -185.34286499 -85.0531311035
-0.627203273311 0.272475816673 4.99935775063
143 115 102
2 0 806 -96.9764862061 -43.0161437988 1 635 -87.1471862793 -38.5056152344
0.340864652344 -0.735225155225 4.75072624454
164 164 160
2 0 931 54.4263916016 118.043327332 1 642 52.0985107422 117.194625854
1.87901688264 -0.4173390077 5.2295130375
153 189 227
2 0 1038 275.228210449 59.8306884766 1 660 299.103210449 60.377166748
0.916874340439 0.190814196517 5.72979236146
0 6 7
3 0 503 122.441741943 -26.4705505371 1 662 146.220184326 -28.9429321289 2 461 93.446685791 -5.01037597656
0.302910298594 0.0134760421238 4.62617083709
3 39 133
2 0 1081 49.5868835449 -3.85920715332 1 716 41.0142822266 -2.44291687012
0.970899671807 0.132371044512 5.69612147254
117 158 197
3 0 685 130.491455078 -18.8321838379 1 719 153.866363525 -20.6623535156 2 717 101.649139404 2.27087402344
-0.592412597829 0.265824714716 5.01723177758
187 158 146
2 0 677 -91.3079223633 -41.9411010742 1 720 -81.4112701416 -37.4432373047
1.29529785355 -0.837955559047 5.46935804558
130 175 222
2 0 570 181.299560547 116.529380798 1 727 204.198425293 118.607307434
-0.643612258536 0.695775176996 4.80271962464
241 202 168
2 0 897 -103.546981812 -112.416046143 1 740 -100.048721313 -104.585449219
-0.891792119904 0.911440400555 3.79184206819
13 14 16
2 0 826 -181.166397095 -186.083007813 1 743 -207.911254883 -167.744354248
-0.736283150811 0.498175077315 4.8524255837
240 233 232
2 0 512 -117.155181885 -80.5076599121 1 744 -110.383331299 -72.6450805664
1.03918238409 0.181985858886 5.66162511039
77 120 164
2 0 831 140.443847656 -25.8703308105 1 754 163.450775146 -27.6959533691
1.03948505951 0.182860966353 5.66685383823
77 120 164
3 0 832 140.443847656 -25.8703308105 1 755 163.450775146 -27.6959533691 2 813 111.736480713 -4.61152648926
1.01222380537 -0.929245959975 5.53932027865
127 175 225
2 0 742 139.778381348 127.537734985 1 757 162.338745117 129.658538818
0.959220211727 0.295863519185 5.69882110304
144 182 217
3 0 510 129.282104492 -40.6868896484 1 758 151.635406494 -43.3319091797 2 858 99.9958190918 -19.4853820801
0.959220211727 0.295863519185 5.69882110304
144 182 217
3 0 509 129.282104492 -40.6868896484 1 759 151.635406494 -43.3319091797 2 859 99.9958190918 -19.4853820801
0.0442516974445 0.710800955998 4.38659079997
252 244 208
2 0 721 7.02066040039 -125.456115723 1 760 -11.1558532715 -122.023529053
-0.215378871861 -0.297652528874 4.42528621201
185 148 115
2 0 917 -38.0737915039 50.5694580078 1 764 -49.536529541 50.7799072266
-0.215378871861 -0.297652528874 4.42528621201
185 148 115
2 0 918 -38.0737915039 50.5694580078 1 765 -49.536529541 50.7799072266
-0.0420635289876 -0.328855793644 4.58678966066
203 177 149
2 0 854 -7.73226928711 53.4768829346 1 770 -14.9794616699 54.5755004883
-0.686151014063 -1.96136842696 6.5569614574
79 120 164
2 0 957 -80.8812561035 228.99571228 1 771 -33.7363891602 223.93572998
0.431731868117 -1.02415894096 4.57230816435
189 203 181
2 0 986 71.781036377 170.426971436 1 773 63.9999389648 171.132110596
0.0512202598547 -0.273180929725 4.66727077175
208 179 153
3 0 547 7.92074584961 43.8870239258 1 780 2.3688659668 43.2428894043 2 533 7.97848510742 64.6434783936
-1.62593096762 -1.99354236998 7.11531218868
123 160 201
2 0 568 -176.027877808 214.414031982 1 800 -113.12612915 206.724655151
1.47933248345 0.41494536284 5.43277620303
2 17 26
2 0 855 208.530578613 -59.9080810547 1 817 229.355224609 -64.6635131836
-2.24342222061 -2.17820042332 7.43303779757
76 119 155
2 0 492 -232.317672729 224.107070923 1 838 -158.915390015 214.332794189
0.23132523946 -1.74547231997 5.94231962267
139 182 236
2 0 607 29.3741149902 224.863983154 1 842 61.0474853516 223.839691162
0.23132523946 -1.74547231997 5.94231962267
139 182 236
2 0 608 29.3741149902 224.863983154 1 843 61.0474853516 223.839691162
0.669397775579 0.532252436087 4.15415480877
134 134 108
2 0 1823 122.882293701 -99.2143859863 1 851 93.8383789063 -101.33505249
-1.18344856453 0.578497543217 5.12190812606
181 142 128
2 0 849 -178.034042358 -87.9112243652 1 868 -157.453323364 -78.6673583984
-1.18344856453 0.578497543217 5.12190812606
181 142 128
2 0 850 -178.034042358 -87.9112243652 1 869 -157.453323364 -78.6673583984
1.59105921854 0.623546111675 5.33639597577
98 133 163
3 0 601 228.524780273 -90.871673584 1 880 247.528625488 -97.9440002441 2 844 200.41003418 -65.5411987305
-1.33136236703 0.281722973003 5.22682390807
76 74 69
2 0 857 -196.201873779 -42.3211669922 1 891 -170.049880981 -35.8785705566
0.283607227008 0.306185566738 4.5507321294
224 207 206
3 0 1875 47.1430358887 -52.744354248 1 893 35.0605163574 -52.3714294434 2 1933 51.9993591309 -33.5144042969
0.159666534593 -1.79299312991 5.9967152212
133 172 231
2 0 697 19.9276428223 228.835357666 1 902 52.9237365723 227.583724976
-0.25715386054 -1.81014873589 6.25578020683
93 135 177
2 0 603 -32.0890808105 221.204147339 1 937 7.23568725586 218.62121582
1.82529823946 0.611834732602 5.26280156377
152 194 231
3 0 1886 265.652038574 -90.3738708496 1 946 286.66204834 -98.9124755859 2 2151 235.552001953 -64.1511230469
0.941078811935 -0.765407207232 5.63951289232
104 141 192
2 0 1178 127.624450684 103.296447754 1 950 151.771362305 104.050231934
-1.15471502461 0.723434611635 5.14727087373
253 216 186
2 0 1043 -172.870437622 -109.070648193 1 970 -152.566741943 -98.8607177734
1.74358164737 0.514070343447 5.28220781793
147 197 246
3 0 1140 253.568664551 -76.0675048828 1 973 272.89831543 -83.3082580566 2 1902 223.219970703 -50.1050109863
-0.570274647851 0.140183157309 5.1467248113
137 110 93
3 0 1285 -85.7516784668 -22.0207824707 1 979 -72.3490600586 -18.6771850586 2 1888 -100.886901855 -5.11459350586
0.67175156966 0.425822038084 4.24921048891
112 113 103
3 0 1464 120.705108643 -78.4038391113 1 981 95.99609375 -78.9630126953 2 2607 133.307067871 -57.4398498535
0.236952345672 0.185116846714 4.39514165419
0 18 110
3 0 909 40.7736206055 -33.7831115723 1 982 23.1737060547 -32.582244873 2 947 50.7268981934 -14.2910461426
0.31632257268 0.348241985285 4.56567543947
201 177 177
3 0 1573 52.5649108887 -59.5885314941 1 1031 40.7376098633 -58.7578125 2 2457 56.7698669434 -41.0068359375
-0.0882336082762 -0.539597420885 4.5281207307
234 219 231
2 0 1034 -15.655670166 90.3659820557 1 1039 -23.9966125488 89.7046203613
0.202630094794 -0.6502056482 4.63828803861
228 204 202
2 0 1190 32.8549499512 106.124862671 1 1044 26.8779907227 106.455673218
0.148543044352 -0.298111642652 4.73445911697
32 31 27
2 0 1425 23.424407959 47.4066925049 1 1056 19.953704834 47.2794799805
0.964900519487 -1.44195414873 5.59423448404
134 158 173
2 0 1319 131.895263672 196.831939697 1 1063 156.706695557 199.984054565
-1.14271082844 0.494202676255 5.12643526005
145 119 118
3 0 1430 -171.915206909 -75.3023376465 1 1073 -151.539367676 -66.8463134766 2 2668 -191.724990845 -63.3287658691
-1.47473812048 0.841640058252 5.22836231504
97 118 112
2 0 878 -217.167388916 -124.642730713 1 1084 -189.544128418 -111.854187012
0.971089884215 -1.28333666837 5.59160546216
9 28 27
2 0 1008 132.814422607 175.120193481 1 1094 157.224243164 177.881240845
0.641317370762 0.68058379094 4.13615085556
120 147 114
3 0 2014 118.258972168 -127.471008301 1 1101 87.8377990723 -128.422851563 2 4694 135.840759277 -106.760406494
1.54003620669 -0.661230764912 5.30564623039
111 147 210
2 0 1458 222.274963379 94.2181396484 1 1105 243.44708252 96.4946746826
-0.809952144491 0.511023534682 4.86913604546
241 240 238
2 0 667 -128.369552612 -81.7121276855 1 1111 -120.071472168 -74.5149230957
-2.45649115739 -0.567541453691 7.57769508205
105 131 150
2 0 575 -249.562438965 56.8930664063 1 1116 -174.867614746 56.9983978271
-0.101199509891 -0.369132420803 4.48877295527
241 227 208
2 0 1498 -18.01171875 61.8522033691 1 1137 -28.1109313965 62.1691131592
0.989374995136 -1.31410394616 5.57992508663
131 170 179
3 0 2230 135.453155518 179.572998047 1 1138 160.003753662 182.417160034 2 1728 107.60534668 200.420394897
-0.471405492452 -0.357788043411 4.39618766661
253 250 243
2 0 950 -83.0303344727 60.6518707275 1 1140 -92.0736083984 62.0931243896
0.153662372344 -0.660136447816 4.5964330569
238 218 217
2 0 1387 24.9760437012 108.922409058 1 1141 17.7822570801 108.781265259
1.02024517443 -1.4246793836 5.54934353899
170 195 224
2 0 1335 140.616210938 196.05960083 1 1145 164.658508301 199.422332764
0.17294599814 -0.643582668032 4.61475828816
148 125 112
2 0 1716 28.0813293457 105.319396973 1 1164 21.3959960938 106.094268799
-0.793721559345 0.210136363419 5.05310588531
245 243 241
2 0 1491 -121.251922607 -33.0673217773 1 1165 -107.63621521 -28.4703674316
1.64318055841 0.219363458632 5.36624570296
112 151 202
2 0 1141 234.539123535 -32.5535888672 1 1166 256.331787109 -37.0322570801
1.80012061365 -0.279892542655 5.24701690904
113 146 168
2 0 1804 262.788757324 39.8387756348 1 1181 285.360839844 38.6266784668
-0.245090202722 -0.295178297399 4.38773257888
207 174 142
2 0 1426 -43.5997619629 49.9832458496 1 1190 -56.090423584 51.4076385498
0.0513603119806 -0.233822320071 4.69593759254
19 36 83
2 0 1004 7.72366333008 36.9097290039 1 1199 3.29891967773 37.772567749
0.723695126774 -0.515169549527 5.76699136316
136 169 205
3 0 1315 95.8444519043 67.6535491943 1 1202 121.454803467 67.6093597412 2 1409 66.4461364746 88.2691497803
0.508671840119 -1.7821065283 5.80155110208
134 173 240
2 0 1052 66.7975463867 235.012771606 1 1227 95.5463256836 235.792510986
0.632381032896 0.705038322635 4.14308499616
227 252 226
3 0 1469 116.49911499 -131.908996582 1 1242 86.1060180664 -133.306243896 2 2082 133.792449951 -110.337371826
1.97267495077 0.735452924908 5.15162098746
133 164 179
3 0 1779 293.216796875 -110.482025146 1 1248 313.850708008 -122.105316162 2 1546 262.617736816 -82.3994140625
-1.4856129944 -2.08840698027 6.99344711174
83 122 164
2 0 1076 -163.665664673 228.751190186 1 1251 -103.438232422 220.390884399
1.27226861077 0.89087280976 5.10083528348
79 117 118
2 0 1784 190.875518799 -135.266876221 1 1254 199.253540039 -142.015167236
1.27226861077 0.89087280976 5.10083528348
79 117 118
2 0 1785 190.875518799 -135.266876221 1 1255 199.253540039 -142.015167236
1.79726852768 0.767827801995 5.18150935865
128 159 179
2 0 1711 265.651672363 -114.886138916 1 1258 283.680664063 -124.917572021
0.650442586936 0.442706874268 4.19879045743
211 212 202
2 0 1286 118.122894287 -82.766204834 1 1260 91.3265686035 -82.6817321777
-0.759163471906 0.304923751114 4.95649586302
238 219 218
2 0 1478 -118.252716064 -48.6572265625 1 1276 -107.854324341 -42.814239502
-0.543238890219 0.647757796478 4.85631143681
142 103 70
2 0 1565 -86.5420837402 -103.680908203 1 1279 -82.7071685791 -96.809967041
-0.543238890219 0.647757796478 4.85631143681
142 103 70
2 0 1564 -86.5420837402 -103.680908203 1 1280 -82.7071685791 -96.809967041
-0.276978171634 -0.306661817822 4.38400791078
254 230 200
2 0 1128 -49.2177429199 52.3417205811 1 1285 -61.4417419434 53.0972747803
0.756160994293 0.538558484797 4.24147633711
169 183 173
2 0 2664 136.057098389 -98.2398986816 1 1287 111.102294922 -101.214935303
0.916939033059 -0.91822341722 5.66250494937
104 145 197
2 0 1311 123.827453613 123.376190186 1 1304 148.746734619 124.952102661
-0.7860128503 0.239208205114 4.99309811813
159 147 140
2 0 1259 -121.517990112 -37.8011169434 1 1312 -109.624511719 -33.1999511719
1.13063069841 -1.35570440794 5.51075045864
170 200 226
2 0 2136 156.977478027 187.759155273 1 1316 180.712036133 191.574752808
0.667876097529 0.741756603199 4.15082298836
174 219 194
2 0 2101 122.691772461 -138.422119141 1 1333 92.8421936035 -140.064056396
-1.60162900291 -2.02076086527 7.04151012922
90 128 171
2 0 1527 -175.216033936 219.501815796 1 1335 -113.339828491 211.801574707
-0.479579014979 -1.89028681368 6.41282730907
106 147 197
2 0 1864 -57.9533691406 225.333053589 1 1337 -14.5821838379 221.813049316
1.3517216682 -0.431629210065 5.43767685725
147 182 216
2 0 1766 190.329315186 59.6435241699 1 1340 212.006530762 60.0911102295
0.587032115073 -1.68542770764 5.73743876639
141 182 238
2 0 1096 78.0300292969 224.530731201 1 1361 105.25491333 226.023284912
0.736032772162 -0.599811376075 5.74901712334
128 157 196
3 0 1328 97.8664245605 79.006652832 1 1364 123.18963623 79.2588806152 2 1864 68.5449829102 100.014923096
1.49050889251 0.795270518239 5.29628158876
82 116 130
3 0 1879 216.071838379 -116.388122559 1 1367 231.722961426 -123.892120361 2 1994 189.660827637 -90.8131408691
-1.40116774035 0.851388295121 5.24406949686
92 108 94
2 0 1358 -205.754241943 -125.765441895 1 1373 -179.256576538 -113.287567139
-1.0079546398 -1.82815428117 6.69656751892
125 157 191
2 0 908 -116.126998901 208.801239014 1 1393 -64.6915740967 203.437423706
1.67709351928 0.574032132123 5.33185569185
137 186 226
2 0 1901 240.915039063 -83.7235412598 1 1399 261.403991699 -91.1709899902
1.26878525503 0.213902081058 5.52520364816
122 164 212
3 0 1677 176.178009033 -30.8733215332 1 1401 197.056030273 -33.6022338867 2 2351 147.753936768 -8.86198425293
0.12588131106 -0.509623563734 4.5744016821
243 234 239
2 0 1704 20.4365234375 84.4404296875 1 1406 12.1823425293 84.079284668
-2.4047571262 -2.16238455034 7.50786160843
100 133 167
2 0 802 -246.502624512 220.632049561 1 1429 -170.479019165 209.820907593
-0.124110112428 -1.02370109367 4.65337190071
203 205 164
2 0 1159 -21.1527404785 167.66885376 1 1441 -23.6028137207 165.37713623
-0.704992860686 0.144744314396 5.06341120595
152 135 126
3 0 1644 -107.573699951 -22.9710998535 1 1452 -94.7038726807 -19.1084899902 2 2180 -121.706848145 -6.83795166016
1.62992939777 0.79357975543 5.22777846803
83 116 131
3 0 1980 238.890258789 -117.656311035 1 1453 255.256774902 -126.483184814 2 3421 212.490966797 -91.0025939941
-1.24540625545 -1.82308513238 6.88220141254
90 119 141
2 0 1097 -139.510925293 202.648162842 1 1454 -83.4694213867 196.712905884
-0.280048245749 -1.86172786389 6.25810774932
122 163 217
2 0 1016 -34.8851318359 227.562911987 1 1456 4.69232177734 224.520477295
0.291877131365 0.349456171215 4.5529481783
151 126 126
2 0 1794 48.520690918 -60.1938171387 1 1461 36.3867797852 -59.05859375
-0.694255798146 0.200531762906 4.9768028967
144 125 116
2 0 2030 -107.759796143 -32.2144470215 1 1466 -97.4743347168 -27.6655273438
0.00294125481195 -0.431261778199 4.56164496192
242 236 219
2 0 1393 -0.198974609375 71.2249450684 1 1470 -8.3674621582 71.5344238281
-0.696323181841 0.556837506093 4.80808743778
251 233 220
2 0 1820 -111.851074219 -90.0435791016 1 1475 -107.085449219 -83.0157165527
-1.76876510288 -0.843068610301 7.2211432713
85 114 164
2 0 1347 -188.698959351 88.8951416016 1 1498 -125.068847656 87.4837036133
0.241296448664 0.668889367594 4.48185563238
212 178 144
2 0 1868 40.6215515137 -116.019226074 1 1499 25.1116638184 -113.664794922
-1.1688881977 0.682660492149 5.11987390404
187 137 108
2 0 2861 -175.918518066 -103.385742188 1 1501 -155.891647339 -93.6622619629
0.153557516092 -0.785735397749 4.56218173523
223 207 199
2 0 1877 25.1390075684 130.405029297 1 1511 17.0948791504 130.915756226
1.51830481992 0.841428020143 4.43606574245
22 52 59
2 0 1890 261.859008789 -147.033325195 1 1518 251.891357422 -156.932281494
0.353679903022 0.31073007258 4.63406060553
175 159 156
2 0 1757 57.9139709473 -52.4917602539 1 1530 48.6550598145 -52.2552185059
0.639390704023 0.409246187597 4.23782086956
146 138 136
2 0 2064 115.038696289 -75.1484680176 1 1534 89.9850463867 -76.5536499023
1.04828836147 -0.826821852701 5.5600888304
140 186 231
2 0 1764 144.243896484 113.054824829 1 1535 167.297729492 114.612770081
1.50204954919 0.771299757536 5.32277172396
144 176 191
3 0 1895 215.985900879 -112.25402832 1 1546 233.52331543 -119.796295166 2 2276 189.940002441 -86.9486999512
1.5265869866 -1.52784484961 5.29361597997
134 171 232
2 0 1658 220.768737793 220.48046875 1 1567 243.683288574 227.624084473
0.150993360472 -0.739698824059 4.58499540066
245 232 224
2 0 1446 24.5930786133 122.741279602 1 1577 17.2325744629 121.961906433
0.229486744091 0.443373116836 4.49458817689
146 115 104
2 0 2269 38.4913024902 -76.7392272949 1 1584 24.1399536133 -75.5930480957
-0.429825131276 -0.443804734033 4.35497911452
196 178 195
3 0 777 -77.0314941406 76.6370849609 1 1588 -87.0605773926 77.3482513428 2 768 -67.6685028076 98.0579833984
-1.25812375263 -2.05874107459 6.84199683346
79 119 164
2 0 1300 -141.740753174 230.46434021 1 1592 -85.6704711914 222.863876343
-0.0582497526748 0.501393665723 4.43524552371
174 136 115
2 0 2085 -10.7945556641 -88.1870422363 1 1598 -25.6867370605 -84.1758422852
-2.30331522977 -1.21031886452 7.54787222974
104 142 186
2 0 1022 -234.94241333 122.416732788 1 1612 -161.415802002 118.623947144
1.94252705238 0.615820457937 5.18049351135
91 125 152
3 0 1274 287.774780273 -92.4989624023 1 1613 308.008056641 -101.581512451 2 1590 256.184814453 -65.695526123
0.188858438903 -1.73112153209 5.98444903156
90 132 180
2 0 1501 23.7139282227 221.248947144 1 1626 56.2803955078 220.426727295
-0.0945842207531 -0.699028944421 4.5558116526
237 222 216
3 0 1036 -16.4536437988 116.548286438 1 1627 -23.5981445313 115.63885498 2 956 -13.9485778809 139.024627686
-0.686701966888 -1.74582333347 6.52658378316
140 168 199
2 0 1287 -81.3291320801 204.621459961 1 1650 -35.0690307617 200.412780762
0.695232467132 -1.67619395478 5.72560751247
107 151 210
2 0 1684 92.7066040039 223.952484131 1 1658 119.918640137 225.660293579
1.56944401732 0.786704819844 5.26983150677
86 119 133
3 0 2609 228.089294434 -115.720397949 1 1660 244.896484375 -123.716491699 2 3244 201.933654785 -89.8023376465
0.109875487437 -0.586087746128 4.57573097932
243 238 241
2 0 1496 17.7441711426 97.1494445801 1 1668 9.83749389648 96.7779693604
0.109042616325 -0.667867071229 4.57279290475
151 128 118
2 0 2051 17.6133117676 110.726135254 1 1672 9.83883666992 110.581695557
-1.07055519956 -1.8111796353 6.75880261439
99 128 155
2 0 1333 -122.17755127 204.94821167 1 1673 -69.3685760498 199.552764893
-1.73609879029 -1.19224423742 7.19609357487
104 144 188
2 0 1177 -185.854614258 126.590011597 1 1682 -122.259078979 122.999160767
-1.12960675715 0.568188411226 5.158227643
233 204 193
2 0 1776 -168.774795532 -85.3946228027 1 1698 -148.30317688 -77.394744873
1.4749144444 -1.33792402933 5.27200748192
166 192 222
2 0 1359 214.17010498 193.832366943 1 1711 235.396057129 199.349151611
-0.129422497044 -0.99600976561 4.65012370858
249 251 220
2 0 1256 -22.0477600098 162.981750488 1 1716 -24.6360168457 161.246017456
-0.0582519450714 0.038374509212 4.66412810172
1 13 63
2 0 2061 -10.2678222656 -7.57307434082 1 1729 -15.7718505859 -5.78511047363
1.93467431055 0.547649141848 5.19933839112
94 136 178
2 0 2147 285.022155762 -82.0899963379 1 1742 306.547180176 -90.8968200684
-1.24163194232 0.416899217198 5.10081946982
229 208 219
2 0 2041 -187.526367188 -63.8182373047 1 1761 -165.986984253 -55.9660949707
1.48307176576 0.117836493853 5.44948266834
101 151 198
2 0 3030 208.425231934 -17.7275390625 1 1763 230.458496094 -20.9725036621
1.48312399445 0.41353132858 5.43848389835
2 17 26
3 0 1206 208.85357666 -59.6280822754 1 1792 229.877197266 -64.0589599609 2 1286 180.376434326 -36.2303466797
0.334225264327 0.0208636926446 4.63795409923
66 124 222
2 0 1586 54.6442260742 -5.37335205078 1 1813 46.3993225098 -3.44732666016
0.88788897293 -1.53313749931 5.60343474659
132 161 187
3 0 1961 121.03225708 208.981307983 1 1827 145.994689941 211.875076294 2 2010 92.9746704102 230.099014282
0.149795220869 -0.98343514747 4.61677486981
185 181 136
2 0 1476 24.220916748 162.205627441 1 1833 18.6528625488 161.355834961
0.149795220869 -0.98343514747 4.61677486981
185 181 136
2 0 1477 24.220916748 162.205627441 1 1834 18.6528625488 161.355834961
-0.0140898353606 0.581200703753 4.39738635973
253 223 186
3 0 1835 -3.13674926758 -102.822631836 1 1836 -20.1085510254 -98.6490783691 2 2628 8.00857543945 -86.2939147949
0.035554127449 0.663206778297 4.37000238043
194 157 115
2 0 2652 5.52270507813 -118.365386963 1 1857 -13.0616149902 -113.389465332
0.035554127449 0.663206778297 4.37000238043
194 157 115
2 0 2653 5.52270507813 -118.365386963 1 1858 -13.0616149902 -113.389465332
-1.57633506647 0.797691113017 5.24211589399
59 78 84
2 0 1129 -231.472015381 -117.793609619 1 1867 -201.455505371 -105.057922363
0.67818077983 0.713409718473 4.16228813827
170 203 176
2 0 3155 124.25680542 -133.041259766 1 1874 95.0469970703 -134.29498291
-0.23860566561 -0.459602014701 4.34263765013
247 247 242
2 0 1589 -42.9015197754 79.850402832 1 1877 -56.6594238281 79.774307251
-0.23860566561 -0.459602014701 4.34263765013
247 247 242
2 0 1590 -42.9015197754 79.850402832 1 1878 -56.6594238281 79.774307251
-1.83677757009 -1.06591785286 7.26489457352
56 91 129
2 0 1647 -194.750274658 111.993255615 1 1882 -129.540313721 109.152587891
0.824996180693 -1.00776919714 5.67178400872
113 151 182
3 0 2277 111.221496582 135.442810059 1 1895 136.06427002 136.45904541 2 1968 82.5228271484 156.389984131
-0.0160206508271 0.678548545347 4.37909352653
253 241 209
2 0 1767 -3.53021240234 -120.329437256 1 1910 -21.4172668457 -115.870727539
1.03369336172 -0.870341488061 5.56549850762
131 178 226
2 0 3303 142.090240479 119.061134338 1 1925 165.281097412 120.516845703
-1.16326291786 0.497182054405 5.09420321687
224 203 205
3 0 3509 -176.052444458 -76.0303955078 1 1933 -156.108337402 -67.5398254395 2 3367 -195.434280396 -64.6632995605
-0.0223311376318 -0.662129671593 4.54858318665
177 155 150
2 0 2465 -4.46246337891 110.633178711 1 1935 -12.2634277344 109.64743042
-0.520418910998 -0.548132466981 4.49520636338
157 136 140
2 0 3079 -89.5693511963 92.5081481934 1 1955 -94.0292510986 91.1991119385
0.830117529486 -0.580852043514 5.70045331815
96 135 195
2 0 2211 111.317779541 77.2877960205 1 1962 135.917724609 77.5167694092
1.61667546303 0.915700822663 4.82669276354
22 52 60
2 0 2792 256.387084961 -146.558074951 1 1977 260.975463867 -157.736236572
-0.0220689418868 -0.438155356609 4.55984792745
158 138 119
2 0 3881 -4.40829467773 72.618637085 1 1982 -12.4435424805 72.4814453125
-1.8572365038 -0.543726416748 7.25357551928
92 119 142
2 0 1861 -197.233276367 56.8620300293 1 1984 -132.777313232 57.0173797607
-0.623677401433 0.130113980248 5.11814978345
151 127 110
2 0 2999 -94.2057647705 -20.7202148438 1 2016 -80.9487457275 -17.130645752
-0.188738326573 -0.806352238555 4.57798409478
249 243 233
2 0 1913 -32.3393859863 133.902160645 1 2017 -37.3197021484 132.361785889
-0.726761025168 -1.87855790543 6.53530709842
85 126 166
2 0 1826 -85.9250793457 220.005447388 1 2023 -38.9923095703 215.040283203
1.91431778452 -1.27706703201 5.09437708471
159 185 216
2 0 2037 287.741821289 191.262832642 1 2032 311.260620117 199.447174072
1.91431778452 -1.27706703201 5.09437708471
159 185 216
2 0 2036 287.741821289 191.262832642 1 2033 311.260620117 199.447174072
-1.09397323353 0.72800524254 5.20484722995
251 212 181
2 0 2728 -162.007919312 -108.469940186 1 2055 -141.446716309 -98.947479248
1.47596749334 0.732237559328 5.34686501255
121 144 158
3 0 2255 211.293029785 -106.248291016 1 2058 229.199584961 -113.338195801 2 2279 185.065429688 -80.9842529297
-2.00362341042 -0.804473381303 7.34221848994
114 149 201
3 0 2001 -210.111862183 83.3176116943 1 2063 -142.743667603 82.0203094482 2 1501 -280.393310547 106.974395752
-1.52246422558 0.51542840621 5.03497300377
234 224 235
2 0 1990 -232.75970459 -79.6636962891 1 2083 -207.208557129 -69.2824707031
-0.642114718371 0.592479170472 4.80326953151
191 147 123
3 0 1832 -103.441177368 -95.7521972656 1 2094 -99.4438323975 -88.4959411621 2 1310 -108.327941895 -83.191986084
0.298223010035 -0.741583840667 4.68852082031
106 100 91
2 0 3325 48.1612548828 120.439941406 1 2099 43.8516540527 119.877990723
0.448526912201 0.514119319851 4.22384015658
253 232 213
2 0 1694 80.7438659668 -95.0361633301 1 2109 54.7190856934 -93.9677429199
0.448526912201 0.514119319851 4.22384015658
253 232 213
2 0 1695 80.7438659668 -95.0361633301 1 2110 54.7190856934 -93.9677429199
-1.13975061413 0.386454621375 5.24278238779
204 187 194
2 0 3275 -167.552520752 -57.4531860352 1 2119 -144.626464844 -51.0434570313
-2.06646276484 -1.24487612808 7.3822503322
98 136 184
2 0 1683 -215.554275513 128.917755127 1 2120 -146.265151978 124.679237366
-0.0351731845384 -0.406231398183 4.55747494562
159 135 119
2 0 2935 -6.62045288086 66.9602966309 1 2128 -14.7255859375 67.5736083984
-2.33661105454 -1.07828199528 7.57479365426
70 103 144
2 0 1922 -237.488677979 108.804214478 1 2131 -163.545639038 105.417602539
0.972157004134 -1.49766285443 5.5368800389
111 141 171
2 0 2391 134.263458252 206.865203857 1 2134 157.880004883 209.73777771
-0.151770169808 -0.506807823827 4.44317642706
227 214 219
2 0 3399 -26.9347839355 85.945602417 1 2136 -37.805847168 86.2776489258
-2.46978514328 -0.778236968164 7.62147007759
105 137 173
2 0 1517 -249.469436646 77.6079559326 1 2147 -173.945281982 76.7354125977
0.127312595356 -0.732925003755 4.58286328
155 139 128
2 0 3059 20.6369628906 121.586578369 1 2170 13.3004760742 120.916687012
-0.628637597083 0.441635441251 4.86501593388
185 152 150
2 0 2433 -99.8684844971 -70.878112793 1 2178 -94.147064209 -65.0422668457
0.833987817985 -1.56199959969 5.64500524604
16 42 60
3 0 2851 112.919250488 211.418334961 1 2190 138.511077881 213.981613159 2 3014 84.0916442871 232.811889648
-0.493273884693 0.195977201976 5.19984097089
231 213 207
2 0 1194 -73.4711151123 -30.3807373047 1 2192 -59.7090148926 -26.4353942871
1.01784792284 0.00160535041377 5.66412847989
125 175 190
3 0 2458 137.641357422 -1.26895141602 1 2201 160.775085449 -2.83226013184 2 2417 108.858764648 19.9317169189
-1.54659334925 -1.06774211564 7.0930970767
107 141 187
2 0 1636 -168.02432251 115.05973053 1 2204 -107.792327881 112.054214478
0.578912867319 0.545181350657 4.15157361057
253 235 208
2 0 2346 106.238342285 -102.186523438 1 2210 76.9055480957 -102.556793213
-1.54397297182 0.805295088718 5.25351183623
197 211 209
3 0 1538 -226.329406738 -118.570831299 1 2216 -196.652511597 -106.203765869 2 1541 -254.73614502 -112.164794922
-0.39680379088 -0.442051838993 4.34779968435
129 120 129
3 0 1753 -70.8437805176 76.5864868164 1 2238 -82.3341369629 76.6231536865 2 1316 -61.6806335449 98.221206665
-1.32405602785 0.308732647449 5.1501934282
218 206 211
3 0 2852 -198.45211792 -47.024597168 1 2239 -173.430877686 -40.3222351074 2 2299 -221.829696655 -34.0704650879
0.977620350082 -1.25094568804 5.5830430947
134 179 184
3 0 2331 134.054199219 170.95980835 1 2249 158.026519775 173.475311279 2 2347 105.837310791 191.4012146
1.67247140715 -0.791530851839 5.24644039365
141 188 233
2 0 2199 244.134094238 114.696327209 1 2253 266.01965332 117.506568909
1.91739375201 -1.25264331065 5.09419339518
119 149 175
2 0 2606 288.214904785 187.37928772 1 2255 311.721557617 195.760894775
1.0515989708 -1.33395053423 5.52223181738
112 146 165
2 0 2282 145.665679932 184.263000488 1 2266 169.04586792 187.784042358
-0.164218130595 -0.820005558238 4.59095465788
196 182 170
2 0 2125 -28.1470031738 135.917678833 1 2273 -32.8821411133 134.182647705
0.29078128495 -0.763418164778 4.67651235561
191 183 178
2 0 3840 47.0592956543 124.027397156 1 2275 42.4216003418 124.03263092
-1.5061553806 0.346074722439 5.11071419808
145 130 132
3 0 1735 -227.061401367 -52.9971923828 1 2281 -199.699493408 -45.0404968262 2 1899 -253.131668091 -41.4072570801
-0.738665338126 0.694069881117 4.82017021225
251 231 204
2 0 1186 -118.312423706 -111.381652832 1 2282 -112.934448242 -103.707275391
1.15144421885 -0.42552262564 5.56678983275
164 198 236
2 0 3018 158.312194824 57.8251190186 1 2285 181.305511475 57.4231719971
-2.01769159637 -0.512836486153 7.33702340139
89 117 137
2 0 1296 -211.797454834 52.7846374512 1 2288 -144.701858521 53.5845184326
-2.01769159637 -0.512836486153 7.33702340139
89 117 137
2 0 1295 -211.797454834 52.7846374512 1 2289 -144.701858521 53.5845184326
0.965572525109 -1.38268125579 5.57903516755
129 155 167
3 0 2244 132.364135742 189.300476074 1 2291 156.652984619 192.216491699 2 2992 104.345367432 209.528320313
0.0185370633505 -1.16052803995 4.73752409743
240 229 212
2 0 2747 2.3349609375 186.728439331 1 2296 1.98001098633 185.041763306
0.975335177166 -1.56970130425 5.5662046707
105 142 186
2 0 2618 133.98928833 215.457489014 1 2298 158.499023438 219.038085938
-1.64568669586 -1.11929808247 7.18453669174
93 129 173
2 0 2540 -176.491226196 118.70160675 1 2299 -114.115264893 116.23638916
-0.621162964767 0.181964161093 5.07812343656
128 100 83
3 0 2470 -94.7491760254 -28.571105957 1 2301 -82.4186096191 -25.0942687988 2 3108 -108.175674438 -12.0218658447
-0.621162964767 0.181964161093 5.07812343656
128 100 83
3 0 2471 -94.7491760254 -28.571105957 1 2302 -82.4186096191 -25.0942687988 2 3109 -108.175674438 -12.0218658447
0.0535139978839 0.6597391368 4.39028405213
250 221 180
2 0 2189 8.63415527344 -116.366546631 1 2304 -9.32119750977 -113.306793213
0.690150507867 -0.537437662975 5.76538205789
9 29 41
3 0 2474 91.3936767578 70.5613708496 1 2309 116.926971436 70.7180633545 2 2483 62.1555480957 91.2719116211
1.92168479257 0.319759345774 5.23756037374
136 173 219
2 0 2755 281.058654785 -48.2473754883 1 2316 303.911376953 -54.5290222168
1.69562384231 0.55216777016 5.30900778502
100 144 187
3 0 3853 244.477355957 -81.0141906738 1 2349 264.954772949 -88.0867614746 2 3556 215.803161621 -55.7871398926
1.69714225626 0.552377851923 5.3170376452
100 144 187
2 0 3852 244.477355957 -81.0141906738 1 2350 264.954772949 -88.0867614746
0.0116683634772 -0.33273311906 4.64042423663
252 230 199
2 0 2869 1.25 53.9642486572 1 2377 -4.5341796875 54.0844268799
-1.35243488095 -1.99671473325 6.90238664586
72 112 152
2 0 3075 -151.008605957 221.250167847 1 2388 -93.3785858154 214.326202393
0.20133739841 0.197050716301 4.40506379235
2 21 113
3 0 2167 34.1899414063 -35.7654724121 1 2456 17.5350952148 -34.2727661133 2 1956 44.3540344238 -16.6146240234
1.70629293525 -0.387907760852 5.27806140076
113 147 179
2 0 3339 247.610900879 55.2670898438 1 2463 269.738769531 55.0695037842
-0.646379051601 0.0270529218049 5.1533954817
156 145 110
2 0 3035 -96.9469604492 -5.23509216309 1 2471 -82.2722473145 -2.19700622559
-2.39393248112 -1.00216195245 7.60836149031
97 125 167
2 0 1825 -242.234344482 100.462463379 1 2493 -167.43019104 97.9197235107
0.691724057333 0.484332174099 4.18108042215
198 209 197
2 0 3060 126.194274902 -90.5077819824 1 2504 98.5865783691 -91.2776489258
-0.215503463585 0.3555179729 4.98459954796
241 215 216
2 0 2384 -33.8373718262 -56.2492980957 1 2510 -28.9078674316 -52.4323425293
-0.120203330221 0.559102194879 4.42896105447
254 223 190
3 0 2611 -21.603302002 -98.3314819336 1 2514 -36.2476501465 -93.6493530273 2 3674 -11.5977783203 -82.119720459
0.353621190745 -0.961241185252 4.54338954737
234 240 209
2 0 1442 59.0466918945 161.198806763 1 2520 50.1493225098 160.941558838
0.359529630404 -1.64690483686 5.86958551674
106 143 183
2 0 2359 46.5135803223 214.643417358 1 2523 76.3537902832 214.503067017
-1.1406514063 0.363054823309 5.25401981933
138 124 130
2 0 2537 -167.327545166 -54.1555175781 1 2526 -144.081893921 -47.4548339844
-2.19374323831 -0.370952079302 7.44476435866
119 147 168
2 0 1234 -226.905593872 37.6047668457 1 2562 -156.936431885 38.9040222168
0.130623792404 0.622059243977 4.40904095771
249 212 177
2 0 2222 22.022857666 -109.617218018 1 2571 4.40759277344 -106.697540283
1.6242444481 -0.853353572731 5.26927268251
96 140 192
2 0 2533 236.05456543 123.051124573 1 2585 257.96496582 126.476364136
0.929238899107 -1.44896901349 5.58060805897
14 32 32
2 0 1979 127.310668945 198.367019653 1 2589 151.612182617 201.198181152
-2.3560205139 -1.19183048511 7.55625763107
71 111 153
2 0 1547 -240.040863037 120.264984131 1 2612 -165.814163208 116.811935425
-1.13731158718 0.824426841833 5.22018351459
222 212 183
3 0 3142 -168.012054443 -122.203186035 1 2617 -146.44631958 -111.689666748 2 3098 -189.004440308 -113.415161133
0.2757690562 -0.628239564433 4.69510184451
227 218 211
2 0 4083 44.4200439453 101.37210083 1 2618 40.081817627 101.622879028
0.157271522765 0.329941646968 4.52642993757
236 215 217
2 0 2602 25.9749145508 -57.2881469727 1 2621 13.469543457 -55.3362426758
-0.498362377159 0.617964190579 4.91749635904
221 188 160
2 0 1742 -78.4632873535 -97.7192077637 1 2622 -73.3385009766 -91.5258483887
-0.587831814853 0.0904852363075 5.14418298335
158 139 117
2 0 3952 -88.3796539307 -14.6776123047 1 2636 -74.7779083252 -11.4965515137
1.58901437238 0.573994182937 5.37542619525
101 144 184
2 0 3274 226.398803711 -83.0603637695 1 2648 246.751831055 -89.8754272461
1.1242469551 0.215050864344 5.60249248964
137 181 225
2 0 2680 153.580810547 -30.5043334961 1 2656 175.674438477 -33.0855102539
0.150376423923 -0.515985003351 4.57669061136
159 138 144
2 0 2953 24.5343017578 85.3584899902 1 2700 16.2568969727 85.2212219238
-2.31354483043 -0.463044415877 7.4769548684
113 137 156
3 0 2256 -238.230163574 46.9183349609 1 2703 -166.335037231 48.2949676514 2 1686 -313.281585693 66.601348877
0.534945108651 0.465578719474 4.22103298735
249 246 230
2 0 2380 96.5077514648 -86.1455078125 1 2708 70.4570617676 -85.962310791
1.69826577133 0.890223074848 4.90996499811
69 116 127
2 0 2706 264.803710938 -140.299041748 1 2713 273.333679199 -151.380310059
0.685595090423 0.880927908478 4.23794835629
30 62 62
2 0 4219 123.381439209 -160.723815918 1 2714 96.9754333496 -162.909393311
-2.12642652155 -1.31674783199 7.4359955919
103 144 181
2 0 2225 -220.192947388 135.279098511 1 2741 -149.59236145 130.859115601
1.42908423077 0.215842278139 5.49625013664
138 181 228
2 0 2872 199.119018555 -30.7582397461 1 2743 221.415344238 -35.3657226563
-0.663518393095 0.238730718124 4.99216466934
145 120 108
3 0 2808 -102.649841309 -38.2422485352 1 2761 -92.5456390381 -33.4282836914 2 3045 -114.352539063 -21.6998291016
1.77336268143 0.418520781618 5.32932061816
99 134 186
2 0 4976 254.892272949 -61.4186706543 1 2762 277.192077637 -68.1184082031
0.062678693868 -0.343504808301 4.64318096032
248 223 195
2 0 2069 9.68374633789 55.6508789063 1 2773 3.70681762695 55.8480072021
-1.95868938718 -0.67685419275 7.31155687111
110 146 187
3 0 2301 -206.434265137 70.1846466064 1 2796 -139.853652954 69.9880371094 2 1944 -275.228912354 92.6338043213
-1.30644429456 -1.95098704223 6.87989679722
83 119 155
2 0 2045 -146.364471436 217.099639893 1 2801 -89.5431976318 210.068893433
-1.30644429456 -1.95098704223 6.87989679722
83 119 155
2 0 2044 -146.364471436 217.099639893 1 2802 -89.5431976318 210.068893433
0.709685515064 0.48303698868 4.20940608387
129 141 132
2 0 5258 128.622253418 -89.515625 1 2823 102.309967041 -90.7237243652
0.182713883847 0.154294617075 4.43254074213
2 25 117
2 0 4356 30.929901123 -27.8830566406 1 2830 15.284576416 -26.7305297852
0.541485030155 0.548652747587 4.17109663628
249 221 190
2 0 2607 98.8576965332 -101.953552246 1 2833 70.3474731445 -102.826049805
0.155790623367 -0.831790929082 4.57899644088
159 154 135
2 0 2153 25.4298706055 138.424743652 1 2847 18.094329834 137.28527832
-1.33606772324 0.717137974508 5.11273266857
252 205 177
2 0 2009 -201.254150391 -108.937286377 1 2854 -178.379013062 -97.3857727051
-1.29537356849 -1.98419379011 6.86009848333
107 148 191
2 0 2762 -145.545074463 221.380996704 1 2864 -89.021697998 214.303634644
1.43316512455 0.279386204831 5.45707401968
118 149 180
3 0 4272 200.952514648 -40.3627319336 1 2898 222.426330566 -44.4557800293 2 3424 172.893707275 -17.5724487305
1.22776916528 -1.34789274349 5.44794204842
163 193 216
2 0 3295 172.469116211 189.009628296 1 2899 195.469665527 192.969360352
0.907776294332 -1.0728819083 5.6302548287
144 196 221
3 0 2500 123.349822998 145.273254395 1 2906 147.728363037 146.915710449 2 2328 94.9151611328 165.922912598
1.17431699583 -1.37900475991 5.47425393704
119 146 167
2 0 2800 164.142333984 192.158599854 1 2914 187.398010254 196.560028076
1.84823949075 0.563316549794 5.24885585248
99 142 183
2 0 3504 269.717163086 -83.4379577637 1 2917 290.875488281 -92.0761413574
0.0654474404804 -0.399627358624 4.61275841616
188 159 138
2 0 3633 10.2059936523 65.0544433594 1 2918 3.32678222656 65.7115325928
-2.42975589269 -2.11242931825 7.55555594424
103 129 152
2 0 2462 -247.499206543 213.996429443 1 2920 -170.881500244 203.946456909
1.45953500969 0.770398800016 5.33055298412
115 140 144
3 0 3695 209.745300293 -111.900177002 1 2931 226.674743652 -119.429321289 2 3817 183.816101074 -86.6979370117
0.0827618551379 -0.884525431888 4.57919833469
239 237 205
2 0 3520 13.1839599609 147.062103271 1 2950 6.38619995117 145.941970825
-0.976156687858 -2.00922931897 6.68501547426
77 117 160
2 0 3072 -112.666412354 229.90725708 1 2953 -61.3276977539 223.986602783
0.146470483249 0.611085006572 4.40331175305
219 172 135
2 0 5139 24.8141784668 -107.975036621 1 2963 6.92166137695 -104.936676025
-0.374770628219 -1.81523996829 6.33132810617
131 171 216
2 0 3177 -45.9772033691 219.337615967 1 2964 -4.72399902344 215.977111816
1.86247839472 -1.36152531576 5.11710131223
171 197 229
2 0 3821 278.693908691 202.997802734 1 2976 302.028015137 211.741409302
1.86247839472 -1.36152531576 5.11710131223
171 197 229
2 0 3822 278.693908691 202.997802734 1 2977 302.028015137 211.741409302
0.119137309971 -0.938388013389 4.62002410747
166 169 129
2 0 5034 19.1108703613 154.646636963 1 2985 13.6788024902 153.699676514
1.81756031597 0.538219310619 5.27324318854
102 147 197
2 0 2598 264.014953613 -79.6360168457 1 2988 285.335754395 -87.3686523438
-2.2025421581 -0.967581904293 7.46160762466
81 110 157
2 0 3086 -227.285476685 99.0640716553 1 2992 -156.102645874 96.3599853516
1.34763492794 -0.849737499759 5.40240152695
95 139 188
2 0 1966 190.972625732 119.61756897 1 2995 212.778442383 121.993942261
-1.62247774454 -1.91984823655 7.0884136864
90 120 149
2 0 2003 -176.322463989 207.312850952 1 3008 -113.876739502 199.824859619
-0.239643729955 -0.688238983459 4.56422841122
171 155 147
2 0 3729 -40.9993591309 114.438354492 1 3034 -46.2639160156 113.322181702
-1.91899869635 -0.775163730561 7.28224996159
113 148 202
3 0 3180 -203.421508789 81.2758331299 1 3044 -136.901260376 79.6765899658 2 1698 -271.123382568 104.061386108
-1.86889824245 -0.887352946837 7.27980213641
111 139 190
2 0 2160 -197.748962402 92.7598876953 1 3052 -132.322280884 91.2650756836
-1.86889824245 -0.887352946837 7.27980213641
111 139 190
2 0 2161 -197.748962402 92.7598876953 1 3053 -132.322280884 91.2650756836
0.163930274926 0.160318625168 4.43176762809
41 99 217
2 0 3563 27.6821289063 -28.6597595215 1 3054 12.0783691406 -27.9632263184
0.163930274926 0.160318625168 4.43176762809
41 99 217
2 0 3564 27.6821289063 -28.6597595215 1 3055 12.0783691406 -27.9632263184
0.103148450672 -0.994959898289 4.63866363441
181 173 133
2 0 4574 16.3870544434 163.312133789 1 3060 11.8310852051 162.333282471
-0.0667228034741 -0.281658774777 4.6509210313
244 214 186
2 0 2666 -11.6947021484 45.2948303223 1 3075 -16.7065124512 45.8634796143
0.0204629987077 0.600794795117 4.37112014677
253 228 193
2 0 3373 2.87005615234 -107.026611328 1 3083 -15.388671875 -102.864379883
-0.556137894381 -0.698100468067 4.73310309478
56 62 62
3 0 661 -91.0801391602 111.757797241 1 3085 -86.9116363525 110.739868164 2 261 -96.541229248 135.493774414
-0.318006808343 -1.86773434197 6.28847862354
93 133 179
2 0 3135 -39.3529968262 227.285339355 1 3089 0.963317871094 223.907867432
-1.08219859151 0.792184694202 5.23143871864
246 216 188
3 0 2952 -159.629943848 -117.294342041 1 3101 -138.514755249 -106.984649658 2 3639 -180.152206421 -107.986083984
-1.96258071187 -2.02103521699 7.24841937434
102 136 171
2 0 3000 -208.472900391 213.419433594 1 3125 -140.375747681 204.602920532
0.0358069904763 -1.17558640079 4.75943303299
152 143 126
2 0 5066 5.11242675781 188.480758667 1 3127 5.40155029297 186.502960205
-0.180498651184 0.28927748462 4.70352544074
227 209 222
2 0 2423 -30.1379394531 -48.6506347656 1 3155 -34.0046691895 -45.1029663086
0.872813322517 -1.54031904903 5.64179985038
106 134 154
2 0 4246 118.248382568 208.460342407 1 3169 143.91506958 211.563598633
-2.23546169493 -0.590866478952 7.49353229366
82 113 143
2 0 2447 -229.705383301 59.920791626 1 3170 -158.452636719 59.8229064941
0.0458117768351 0.593197131858 4.38674629578
217 168 125
2 0 4118 7.29489135742 -105.198181152 1 3185 -10.5330505371 -101.527435303
-0.0947655074347 -0.360359106355 4.49268336875
212 198 178
2 0 5516 -16.8993835449 59.9217529297 1 3196 -26.9344787598 61.0391693115
0.152078019274 0.633478953933 4.41380217308
251 220 188
2 0 2400 25.730255127 -111.545959473 1 3238 8.14453125 -108.648742676
0.152078019274 0.633478953933 4.41380217308
251 220 188
2 0 2401 25.730255127 -111.545959473 1 3239 8.14453125 -108.648742676
-1.24886778773 0.561275293082 5.08215150506
236 209 202
3 0 3719 -189.498382568 -86.0267333984 1 3263 -168.276199341 -76.510559082 2 2350 -209.556488037 -75.3897094727
0.939509309443 -0.774779440237 5.64266665172
104 142 193
2 0 3259 127.338623047 104.419555664 1 3297 151.57434082 105.384063721
-1.33447596806 0.480503569025 5.04257608363
236 219 230
3 0 2941 -204.129760742 -74.407623291 1 3315 -181.759429932 -65.2551879883 2 2586 -224.767547607 -63.379699707
1.63648100669 -0.304935335454 5.3143145181
120 150 171
2 0 3928 235.852905273 42.9117126465 1 3317 257.632995605 42.1098175049
-0.508135531828 -1.93142563097 6.40664693068
124 162 214
2 0 2993 -61.4300842285 230.618057251 1 3350 -17.9126281738 226.542800903
1.71340344053 -1.35993599503 5.19106287853
152 178 209
2 0 4403 252.727111816 200.031509399 1 3357 275.350097656 207.348739624
0.056569908346 -1.67623397325 6.07204501913
107 145 177
2 0 3216 6.63681030273 211.143493652 1 3375 41.1073608398 209.735717773
-1.74897873908 -1.07012905194 7.20546252121
69 104 143
3 0 2796 -186.965835571 113.495178223 1 3382 -123.374740601 110.433959961 2 2283 -253.088897705 138.805664063
0.607671781062 0.501931240709 4.18169769217
248 232 216
2 0 3110 110.753479004 -93.1806335449 1 3389 82.9146118164 -94.4218139648
0.795427159588 -0.576047414079 5.72550781596
148 192 241
2 0 3672 106.179351807 76.4297943115 1 3390 131.205047607 76.3781738281
0.121795021941 -0.464016272974 4.6076869241
236 229 218
2 0 3914 19.6069030762 76.0090789795 1 3408 12.4158630371 76.209564209
0.0788709053789 -0.950187331266 4.61035564789
242 242 207
2 0 3797 12.4470825195 156.999633789 1 3412 6.93237304688 155.724945068
0.818416153732 -0.793618096876 5.69629887088
131 164 198
3 0 1598 109.976409912 105.603530884 1 3414 134.681335449 107.785552979 2 1704 80.8894958496 125.922340393
-1.52114782503 0.466679490019 5.03373201457
233 222 242
3 0 3257 -232.876266479 -72.2319946289 1 3415 -206.865722656 -62.3375854492 2 2849 -256.974029541 -62.5993041992
-1.52114782503 0.466679490019 5.03373201457
233 222 242
3 0 3258 -232.876266479 -72.2319946289 1 3416 -206.865722656 -62.3375854492 2 2848 -256.974029541 -62.5993041992
0.48546292151 0.493211609529 4.23229617621
247 226 208
2 0 3541 87.2806091309 -91.1589050293 1 3427 61.6499023438 -90.1703186035
-0.735792536716 0.141056464541 5.04618611931
225 213 208
2 0 2916 -112.604064941 -22.6557617188 1 3437 -99.7964324951 -18.6033630371
-1.16932736809 0.799747565629 5.21045738079
242 212 184
2 0 3433 -172.932235718 -118.8671875 1 3439 -151.168060303 -108.415283203
-0.237126117808 -0.974157302862 4.66206012839
243 243 210
2 0 2357 -39.7225341797 159.242553711 1 3441 -41.009185791 156.62701416
0.0735797655428 0.456235929652 4.43948386998
230 214 206
3 0 3374 12.0898742676 -80.4047241211 1 3462 -3.62893676758 -77.0787353516 2 3359 21.3793945313 -62.7054443359
0.0922829065991 -0.400571207116 4.6390857372
239 220 201
3 0 3584 14.8862915039 64.9390411377 1 3468 8.31951904297 65.1712036133 2 4654 15.4088745117 85.9261779785
0.333811185508 -1.1617231642 4.58036363574
25 33 22
2 0 3880 55.2450256348 193.296356201 1 3506 48.2792053223 193.185699463
1.22172842881 -0.316863362315 5.55205051285
166 193 211
3 0 3327 168.64352417 42.8838043213 1 3514 191.312286377 41.9298248291 2 4046 139.94442749 63.6137542725
-1.11698966532 0.521639939409 5.16202628981
150 124 123
2 0 5311 -166.775939941 -78.5628051758 1 3550 -146.316055298 -70.7140808105
-0.537815397626 -1.93046195051 6.42890631415
87 127 176
2 0 3839 -64.7618103027 229.883041382 1 3554 -20.6942138672 225.344787598
0.0710250812219 0.531916356639 4.41435888474
201 154 124
2 0 3654 11.6331481934 -93.6031494141 1 3564 -5.14501953125 -90.9389648438
0.267258100819 -0.759553148701 4.66943672766
149 143 139
2 0 3593 43.262878418 123.571586609 1 3581 38.437286377 123.535232544
-0.253535942014 -0.579956133146 4.43573183248
211 197 196
2 0 4275 -44.587890625 98.9392700195 1 3582 -54.4487609863 98.3796539307
1.60651455194 -1.41449864497 5.2374521029
162 191 231
2 0 3941 234.842346191 206.274688721 1 3584 257.155700684 213.215927124
-0.63415866427 0.214817836077 5.02122497153
134 108 99
3 0 4337 -97.6141967773 -33.9588623047 1 3587 -86.9728851318 -29.7545776367 2 5280 -109.834243774 -17.9977722168
1.58040450053 -1.53608899533 5.25306831457
106 149 213
2 0 5564 230.318969727 223.205459595 1 3615 252.966918945 231.211410522
1.2634618334 -0.643670120249 5.46928875257
132 169 237
2 0 4145 176.841003418 89.2630004883 1 3618 198.955932617 90.3397216797
-1.55904217133 -1.72155913126 7.05823874211
119 147 169
3 0 2454 -170.315689087 186.623016357 1 3634 -109.01499939 180.271209717 2 1927 -233.839797974 217.672424316
1.48742573379 -0.160568529082 5.41360196035
150 204 220
2 0 3185 210.418334961 21.6772155762 1 3654 232.330200195 20.035949707
-0.102735827693 -1.68024714966 6.17276836916
106 137 169
2 0 2819 -13.3011779785 208.045349121 1 3670 23.6000366211 206.299926758
0.521006127472 -1.74156247682 5.79594980356
110 151 216
2 0 2526 68.4968566895 229.836090088 1 3673 97.047088623 230.727890015
-2.44920559689 -0.351414988268 7.55975380138
70 98 112
2 0 2842 -249.417572021 34.8783416748 1 3741 -175.289962769 36.8163604736
0.937282639596 -0.804094955622 5.68383915109
131 171 219
2 0 2615 126.115905762 107.433959961 1 3757 151.374603271 108.83480835
0.160602357323 -1.62217103233 6.00288046984
116 148 172
2 0 3598 20.0238952637 206.481689453 1 3763 52.7762451172 205.922271729
-0.792973035143 0.702960026133 4.85162798789
252 234 213
2 0 3316 -126.139053345 -112.452850342 1 3766 -119.061004639 -103.661804199
1.13853445892 -0.88453559257 5.5367329143
97 145 197
2 0 5491 157.365631104 121.791160583 1 3798 180.648345947 123.256980896
-1.10068435179 0.827437714969 5.2490298603
238 222 199
3 0 3292 -161.617340088 -121.990509033 1 3804 -140.203567505 -111.818878174 2 2726 -182.968917847 -112.808135986
0.160482859015 -1.01157154496 4.63379612978
243 240 197
2 0 3678 25.9035644531 166.348693848 1 3826 20.9497070313 165.344955444
0.575523159362 0.743687699938 4.12634915808
227 230 187
2 0 3799 106.247314453 -139.648345947 1 3827 75.1425476074 -140.265289307
-0.702610569336 0.474605304899 4.86608587963
234 219 221
2 0 4633 -111.516372681 -76.2398376465 1 3832 -104.809921265 -69.4320983887
-0.117924063042 -0.0040283270501 4.58494065339
67 117 212
2 0 5257 -20.4367675781 -0.62744140625 1 3840 -28.0363464355 1.28096008301
1.58186332511 -1.43534782304 5.25437501312
160 193 234
2 0 5176 230.487426758 208.554214478 1 3845 252.930419922 215.648834229
1.76883979286 0.816442305695 5.12142303944
135 173 187
2 0 4220 264.493774414 -123.4375 1 3857 280.331542969 -133.96005249
-0.0354354222243 -1.14159998369 4.72534296863
177 167 146
2 0 3670 -6.42718505859 184.131790161 1 3869 -6.88131713867 182.219802856
-0.0354354222243 -1.14159998369 4.72534296863
177 167 146
2 0 3669 -6.42718505859 184.131790161 1 3870 -6.88131713867 182.219802856
-1.16529027489 0.317617701629 5.27928297824
169 163 162
2 0 3466 -170.113327026 -47.2231140137 1 3918 -145.823516846 -40.9865112305
-0.509496548718 -0.0505797589494 5.22764368432
202 183 142
3 0 3758 -75.6394195557 6.26586914063 1 3953 -60.1647644043 8.32511901855 2 3345 -92.6441802979 24.8671264648
-1.18329667149 0.470940485918 5.11030342388
152 129 132
2 0 4244 -178.41734314 -71.8694763184 1 3959 -157.847427368 -63.7192382813
-2.47631268662 -0.856253351191 7.64227415556
93 116 149
2 0 3736 -249.444915771 85.377456665 1 3997 -173.565063477 83.7135467529
-0.53599577822 0.0243903888962 5.20370244574
209 189 159
2 0 4842 -79.7209014893 -4.34785461426 1 4072 -65.0235748291 -2.54817199707
1.72619306384 -1.08206426779 5.18966309973
113 182 197
2 0 4134 254.7109375 158.928970337 1 4077 276.772033691 164.244628906
-1.08045350111 -1.73376886316 6.74524095709
129 151 173
3 0 3396 -123.663619995 196.683395386 1 4086 -70.9290161133 191.330810547 2 3476 -177.969543457 226.532867432
-0.38277453896 -0.464448799075 4.34798296181
229 221 226
3 0 3963 -68.3587493896 80.4660644531 1 4087 -79.9816741943 80.9240570068 2 3551 -59.1692504883 101.965866089
-2.2685717023 -0.96770351511 7.51911773478
110 139 186
2 0 2687 -232.296173096 98.3778381348 1 4091 -159.820846558 95.5611572266
-2.42924439051 0.0213598103473 7.42550856706
73 119 137
2 0 2778 -251.849990845 -3.03074645996 1 4094 -179.612335205 1.43612670898
-0.00459477981511 0.619162623106 4.37707060297
249 212 169
2 0 4078 -1.52890014648 -109.786437988 1 4116 -19.423828125 -106.01663208
-2.48842909799 -0.436430154971 7.60099789003
111 132 139
2 0 3280 -252.030792236 43.1248779297 1 4119 -176.945510864 44.837677002
1.02631964022 -0.664386168715 5.60953675976
108 141 208
2 0 3096 139.975799561 89.9850311279 1 4121 163.680023193 90.6044311523
-0.00545086675668 -0.713250547055 4.55576555137
241 226 218
2 0 4235 -1.61068725586 119.093101501 1 4136 -9.13961791992 117.935180664
-0.252146112071 -1.79487690429 6.26666485272
98 137 178
2 0 4388 -31.4189453125 219.000930786 1 4149 8.04986572266 216.388214111
-1.52845791955 -1.77237699481 7.02224759962
101 125 146
3 0 3057 -167.800628662 192.929382324 1 4180 -107.217376709 187.087020874 2 2236 -230.731719971 224.324234009
-1.84432164018 -0.592183964655 7.24001244109
89 122 153
2 0 4485 -196.228668213 62.3578033447 1 4211 -131.980255127 61.7167053223
-0.373250302576 -0.498336780862 4.35337677808
187 168 173
2 0 4147 -66.5350646973 86.3547363281 1 4227 -78.0867614746 86.1910552979
0.914653607496 -1.50749144053 5.61476323915
112 142 160
2 0 3766 124.542541504 205.212554932 1 4229 149.713134766 208.002410889
0.0818491742149 -0.385518184587 4.62289641147
185 158 132
3 0 4870 13.0463562012 62.679901123 1 4234 6.17547607422 63.081741333 2 5751 14.3585510254 83.4438018799
0.139058341651 -0.826116477645 4.58218101933
224 217 204
2 0 4608 22.6069335938 137.184310913 1 4269 15.4487609863 136.396774292
-0.199286578405 -0.543880038586 4.45247578259
173 150 144
2 0 4799 -35.0684204102 92.3889160156 1 4280 -45.0242919922 92.0240936279
0.123569620855 -0.556396287749 4.59314341402
231 214 222
2 0 4876 19.9627990723 91.4426574707 1 4288 12.5151977539 91.9251098633
-1.71259059829 -0.452657578897 7.14501169824
121 145 162
2 0 4866 -184.672622681 47.6982421875 1 4296 -123.131881714 48.7928771973
0.810645911192 -0.479583888119 5.72658799416
135 170 198
2 0 4939 108.201568604 63.4118499756 1 4319 133.090179443 63.284286499
0.910952369206 -0.839920290486 5.65260042721
148 192 239
2 0 4097 123.235565186 113.244445801 1 4372 147.705322266 114.026367188
0.758851389189 -0.652230369606 5.71972050465
136 163 209
2 0 4199 101.371887207 86.5659179688 1 4391 126.304138184 86.9883575439
-2.32836341801 -0.3100220596 7.44681092243
111 143 160
2 0 5271 -240.727310181 31.2819976807 1 4413 -169.129470825 33.122756958
-0.754819213607 0.31676955699 4.92074696078
240 226 227
2 0 3990 -118.430511475 -50.5979614258 1 4482 -109.085327148 -45.1463623047
1.0565789177 -0.898217339849 5.55883403033
132 179 225
2 0 4081 145.420043945 123.039146423 1 4490 168.671112061 124.674583435
1.0565789177 -0.898217339849 5.55883403033
132 179 225
2 0 4080 145.420043945 123.039146423 1 4491 168.671112061 124.674583435
-0.649499593893 0.135063563341 5.07843226954
192 173 160
2 0 4408 -98.8441619873 -21.5584106445 1 4493 -86.3115081787 -17.9561157227
-1.87003146556 -1.82112573368 7.22654127369
98 121 143
3 0 4377 -199.373962402 192.844085693 1 4511 -132.771194458 185.639877319 2 2571 -269.132537842 225.36164856
0.151998864846 -1.84428372151 5.99914899539
104 141 200
2 0 4626 18.9313964844 234.958786011 1 4515 52.0960998535 234.319702148
0.121270200214 -0.997558258841 4.6451759734
234 230 188
2 0 3700 19.3552856445 163.238571167 1 4524 14.9352722168 162.888793945
-0.682961334485 -0.0574230753263 5.22966941648
234 242 204
3 0 4630 -101.33531189 7.44679260254 1 4552 -83.4940338135 9.69975280762 2 3928 -119.417755127 25.3881530762
-1.85657467059 -0.641107935939 7.25888229813
82 116 151
2 0 4449 -197.015884399 67.3598175049 1 4561 -132.354690552 66.4730682373
-0.173719885569 -0.528841292724 4.46370697972
208 190 180
2 0 3570 -30.583770752 89.5951843262 1 4569 -40.4430541992 89.2918548584
-0.0467968039247 -0.282902345586 4.65591329701
195 157 128
2 0 4993 -8.39559936523 45.5620269775 1 4571 -13.3868713379 45.8873596191
-0.0225320343741 -0.747193460377 4.55592074951
195 182 172
2 0 5226 -4.48873901367 124.799331665 1 4578 -11.793762207 123.500793457
-2.36633383668 -0.378935143213 7.54120707649
109 135 154
2 0 3475 -241.589874268 37.8074035645 1 4591 -168.63710022 39.4295349121
-0.0582528701199 -0.528992059825 4.53243555712
230 203 206
2 0 4965 -10.5643615723 88.3159637451 1 4623 -19.0275878906 88.0711975098
0.140799706266 -0.944278583005 4.63038783363
231 232 195
2 0 4749 22.6590881348 155.243255615 1 4631 17.4924316406 154.4453125
-1.68094497142 -1.5088129118 7.13075944987
79 132 146
2 0 4048 -181.601547241 161.545349121 1 4671 -118.766189575 156.808624268
1.61364606064 0.767723755801 5.26480477177
130 159 173
3 0 4336 234.686706543 -112.894927979 1 4674 252.088562012 -121.605621338 2 5240 208.051208496 -86.8053588867
-0.076528846693 0.730023483805 4.3670511771
248 248 206
2 0 3768 -14.1719970703 -130.22442627 1 4686 -32.1156921387 -123.968017578
-1.89854108438 -1.50540809325 7.26235387176
80 131 149
3 0 5005 -201.479385376 158.504241943 1 4687 -134.631515503 152.850219727 2 2659 -271.064575195 188.291671753
-1.66993374306 -1.73756868564 7.11766126517
117 146 170
3 0 2743 -180.882766724 186.566833496 1 4692 -117.685302734 180.190856934 2 1898 -246.492431641 218.4243927
-0.342816266681 -0.99007684758 4.72021775854
235 234 198
2 0 3585 -56.4273986816 159.582794189 1 4705 -54.7539367676 157.168487549
-0.269400895526 -0.387257214281 4.37682308139
240 224 207
2 0 3921 -47.9699707031 66.4007568359 1 4774 -60.3131713867 67.0191345215
-0.505076177479 0.0598861344769 5.23371954331
165 148 122
2 0 5041 -74.7294311523 -10.0489349365 1 4922 -59.6650695801 -7.11804199219
0.0774949510027 -1.05244708082 4.6417813218
231 230 195
2 0 4862 12.1357421875 172.88659668 1 5028 7.98300170898 171.291870117
1.12455486371 0.236509176423 5.62213102736
44 85 125
2 0 4722 153.087982178 -33.3409118652 1 5084 175.604034424 -35.9783630371
0.756482254743 0.482799778966 4.25833082245
122 134 132
2 0 3689 135.58190918 -88.2625427246 1 5202 111.540527344 -90.1929321289
0.437118058674 -0.0930688442041 5.40383190536
19 31 21
2 0 1 61.5519104004 12.0855865479 2 0 41.6051330566 32.3024139404
0.955398442481 -0.0679393171698 5.6821293619
111 190 184
2 0 134 128.623382568 8.59162902832 2 197 100.083221436 28.548538208
0.771149486377 -0.446378702825 5.76359039211
1 3 7
2 0 143 102.245239258 58.6563415527 2 154 72.7474975586 78.8406677246
0.771149486377 -0.446378702825 5.76359039211
1 3 7
2 0 144 102.245239258 58.6563415527 2 153 72.7474975586 78.8406677246
-0.560296108748 0.843179547317 4.98739622129
71 83 80
2 0 149 -86.8932037354 -130.930633545 2 107 -95.9746856689 -118.457763672
0.394464048622 0.258952184643 4.67612028547
153 158 153
2 0 235 64.1246643066 -42.8828125 2 393 64.378692627 -25.0907592773
-1.56270503304 0.727899931412 5.15582812462
219 185 189
2 0 279 -233.332870483 -109.972717285 2 170 -260.37210083 -102.188659668
1.47007541627 0.885761546058 5.09099720702
81 131 132
2 0 284 221.04473877 -134.864868164 2 277 200.160339355 -107.960632324
1.99454294028 0.540518183225 5.19696218393
72 120 188
2 0 347 293.985595703 -80.9451599121 2 452 261.990112305 -54.206451416
-0.718314731862 0.440112391077 4.87387023532
173 166 188
2 0 350 -113.806625366 -70.4051208496 2 338 -122.115905762 -56.7229919434
-0.437663147185 -0.531181593914 4.42671304131
178 176 180
2 0 376 -76.6002044678 90.2033691406 2 265 -70.919052124 113.602638245
-1.05975226484 0.427679665015 5.20962393107
202 199 223
2 0 392 -156.811050415 -63.8511047363 2 551 -177.889312744 -51.4398498535
0.145621795971 -1.04250741725 4.66212293823
235 239 193
2 0 394 23.3218994141 169.674301147 2 468 22.2846069336 194.652984619
-1.2436096146 0.547419692827 5.09277328412
215 198 219
2 0 454 -188.086288452 -83.1440734863 2 523 -208.692993164 -73.5375976563
-0.506377194917 -0.440634347561 4.48083272823
187 184 211
2 0 481 -87.4540557861 73.9509887695 2 689 -83.9789428711 95.8847808838
-0.675652060973 0.369303938833 4.89055745959
166 149 142
2 0 488 -106.744125366 -59.4987792969 2 435 -115.283950806 -44.1702880859
-0.476552240242 -0.387081266271 4.39948047769
93 72 74
2 0 490 -83.8622131348 66.3260650635 2 408 -77.1565093994 87.1185302734
-0.432726269962 0.443593207476 5.14997048684
201 198 209
2 0 499 -65.1673278809 -67.702545166 2 595 -78.7547912598 -51.1270141602
0.203921777511 -0.301828652712 4.75372005789
10 8 17
2 0 507 32.2707214355 47.2232666016 2 686 29.7813720703 68.0868988037
1.75026403013 0.596105980941 5.31214048294
130 168 245
2 0 540 252.372192383 -87.2330932617 2 629 222.57598877 -61.417175293
-0.417173525819 -0.475531159909 4.34331710633
59 59 68
2 0 587 -74.4491729736 82.7858734131 2 561 -65.4757537842 104.407104492
-0.417173525819 -0.475531159909 4.34331710633
59 59 68
2 0 588 -74.4491729736 82.7858734131 2 562 -65.4757537842 104.407104492
1.42948942699 0.220215475478 5.46258594823
119 159 192
2 0 614 200.398193359 -32.0067138672 2 479 171.975280762 -9.4503326416
1.73876605575 0.840352497575 5.07832336764
66 106 114
2 0 640 262.190734863 -128.101043701 2 901 237.152587891 -100.247924805
-0.556231366174 -0.695469013261 4.72327794048
11 19 9
2 0 662 -91.0801391602 111.757797241 2 260 -96.541229248 135.493774414
-0.118332049651 -0.518513230905 4.48100196564
106 101 101
2 0 671 -20.9790039063 87.8153839111 2 996 -15.3326721191 108.808166504
-0.482283439921 -0.301354851199 4.46008405647
254 236 218
2 0 704 -83.7139129639 50.69190979 2 742 -78.9311676025 70.6616668701
0.541692621422 0.401439769332 4.2593594708
231 246 253
2 0 706 96.8670043945 -73.5663757324 2 1253 110.48916626 -53.6020202637
0.95957918879 -0.0401181768847 5.70061508218
132 206 199
2 0 717 128.767944336 4.64492797852 2 1345 99.870513916 24.9859924316
0.95794738874 0.213632676095 5.72186654981
124 162 182
3 0 738 127.725341797 -29.6139526367 2 625 99.2476806641 -8.62985229492 1 398 152.092193604 -31.5641174316
1.99281676045 0.84998501817 5.00794671821
61 106 108
2 0 740 304.765563965 -130.997497559 2 723 276.211364746 -102.037231445
-0.215614642403 -0.599701700718 4.4730785569
107 94 74
2 0 771 -37.7056274414 101.298202515 2 1550 -32.3666687012 124.222946167
-0.223975979546 -0.355924806289 4.36478207276
173 146 142
2 0 785 -40.1122741699 61.3344116211 2 906 -30.3793640137 81.8225402832
-0.223975979546 -0.355924806289 4.36478207276
173 146 142
2 0 786 -40.1122741699 61.3344116211 2 905 -30.3793640137 81.8225402832
1.27909182669 0.866830413433 5.16465983304
4 15 14
2 0 791 189.548492432 -129.897033691 2 909 169.666503906 -104.96270752
0.305680701491 -0.12795752209 4.86043330767
5 13 13
2 0 794 47.6338500977 18.388168335 2 1746 42.0960083008 39.5367736816
-1.13867032286 -1.46489806263 6.78827168163
76 133 130
2 0 797 -129.372817993 165.011810303 2 480 -184.377929688 192.857162476
1.20149352407 0.213665186779 5.58433215883
129 170 200
2 0 813 164.696594238 -30.5386657715 2 754 136.365081787 -8.41973876953
-0.503998705021 -0.365802080754 4.43085238666
254 251 253
2 0 819 -88.0256195068 62.0725097656 2 729 -82.603805542 82.8629455566
0.171654601084 0.480372173965 4.46150357332
233 221 235
2 0 820 28.8314208984 -83.856048584 2 580 37.3475952148 -65.9365234375
1.70336022882 0.626530868954 5.2705998804
92 117 169
2 0 846 247.527160645 -92.3107299805 2 913 219.257507324 -66.5258789063
1.94764718401 0.58220652619 5.16458191275
119 155 222
2 0 932 288.859008789 -87.5991516113 2 1413 258.315979004 -60.7791442871
1.64005878427 0.545441103612 5.352590077
77 127 197
2 0 945 234.682128906 -79.2669677734 2 950 205.782775879 -54.3967285156
-1.43211625326 0.589224292019 5.01010615767
250 211 222
2 0 964 -220.06539917 -91.3233337402 2 1062 -241.826141357 -82.7869262695
-0.670210463276 0.631101109099 4.76205366001
253 213 193
2 0 970 -108.698974609 -102.684326172 2 849 -112.749298096 -90.6724853516
-1.68016033333 0.652408742763 5.19779303873
23 28 47
2 0 979 -248.75604248 -97.3078308105 2 497 -279.384063721 -90.4526062012
0.130307019471 0.707648651852 4.44502545976
245 211 179
2 0 1111 21.7639465332 -123.942443848 2 917 31.4283752441 -105.64465332
0.228585116579 -0.342341119477 4.80485134962
165 146 137
2 0 1125 35.8731384277 53.654006958 2 1207 31.7309265137 73.7304077148
0.307378259446 0.536262363094 4.4983746721
153 120 115
2 0 1127 51.7402038574 -93.0189208984 2 1112 58.6651306152 -73.717010498
1.9949028343 0.723167850849 5.10044591174
126 127 155
2 0 1175 299.572021484 -109.820709229 2 1780 269.306091309 -81.6541442871
1.69634386649 0.814588593533 5.17731021633
130 149 163
3 0 1228 250.854492188 -121.788970947 2 1184 224.690979004 -94.7916870117 1 942 267.107177734 -131.492706299
-0.505372544573 -0.51660386629 4.45811988593
182 185 198
2 0 1242 -87.7237701416 87.6675109863 2 1033 -83.6804351807 109.822662354
0.836867564854 -0.256631366894 5.76701362445
153 162 179
2 0 1260 110.936523438 32.931427002 2 1221 81.2662353516 53.9809875488
1.93516934321 0.879270091595 4.93198446813
75 129 126
2 0 1265 300.445739746 -138.051818848 2 1437 274.527893066 -107.938110352
-1.51064172614 -0.775966814775 7.07519117307
64 111 177
2 0 1316 -164.555145264 83.3031616211 2 877 -225.536651611 106.548019409
-0.324958321629 -0.359174095114 4.35626457884
222 187 185
2 0 1320 -57.9833679199 61.8540496826 2 1322 -48.5034484863 82.7537536621
-0.324958321629 -0.359174095114 4.35626457884
222 187 185
2 0 1321 -57.9833679199 61.8540496826 2 1323 -48.5034484863 82.7537536621
-0.0456518768104 -0.421890316141 4.52725173728
198 196 215
2 0 1357 -8.43969726563 70.6848907471 2 3142 -3.97183227539 90.7147979736
0.263144592187 -0.0147488605665 4.60803028494
0 53 137
3 0 1366 43.1354370117 0.757095336914 2 2149 45.6382446289 20.9713134766 1 1151 34.1407775879 2.18228149414
-1.17425343735 0.437612635128 5.11204458548
199 197 218
2 0 1390 -176.985870361 -66.5893554688 2 1306 -197.311920166 -54.9898681641
0.307453311234 0.118465745858 4.49082131367
0 12 59
2 0 1427 51.857421875 -21.4200439453 2 2530 58.2879638672 -2.30375671387
0.64124492893 0.836577738458 4.19301358421
113 157 122
2 0 1529 116.600402832 -154.30770874 2 2678 132.316253662 -132.873657227
1.59588738724 -0.29006583316 5.32900770973
183 182 216
2 0 1584 229.360595703 40.6555786133 2 2317 201.004272461 61.5211181641
1.59588738724 -0.29006583316 5.32900770973
183 182 216
2 0 1585 229.360595703 40.6555786133 2 2316 201.004272461 61.5211181641
0.338779820685 0.332533582753 4.59270314693
69 60 55
2 0 1592 55.9532775879 -56.6144714355 2 2464 59.2480773926 -37.8556213379
-0.618657570345 -0.0797871803002 5.2104018451
227 248 194
2 0 1633 -91.8040924072 10.6192321777 2 2036 -109.55015564 29.0749206543
-1.34457163992 0.0925485003152 6.86806514385
85 130 143
2 0 1649 -150.933685303 -11.2068023682 2 1121 -205.43862915 5.55934143066
-0.725267196821 0.318194359662 4.89849350353
171 161 146
2 0 1672 -114.335693359 -51.0997314453 2 1258 -123.742477417 -36.1685180664
-1.16227256266 0.637331327293 5.10146271837
198 141 129
2 0 1691 -175.55557251 -97.0580749512 2 1674 -194.800598145 -86.7946472168
0.633501051171 0.372847527468 4.272317045
182 189 215
2 0 1710 113.045959473 -68.6180114746 2 1783 125.346832275 -47.3721618652
-0.190459220337 -0.42827870377 4.39467735081
198 196 217
2 0 1759 -33.9862365723 73.4218444824 2 1721 -25.359161377 94.6418914795
1.97028565136 0.733922732252 5.14681366894
143 143 164
2 0 1780 293.216796875 -110.482025146 2 1547 262.617736816 -82.3994140625
1.63287133585 0.683295065624 5.31500478624
138 147 183
2 0 1805 235.303527832 -99.5119628906 2 1763 207.293212891 -74.2794799805
-1.94351941423 -0.809410448056 7.27020203033
63 108 170
2 0 1844 -205.896743774 84.7256011963 2 1570 -274.583190918 108.222808838
-1.23114200393 0.525199994548 5.08666258722
209 201 222
2 0 1885 -186.432571411 -79.9068603516 2 1320 -206.764129639 -69.9938659668
-2.03007997905 -1.46349700072 7.36338434332
93 154 156
3 0 1887 -212.555709839 152.069549561 2 1343 -284.685302734 181.313171387 1 3062 -143.129318237 146.543731689
0.704754147586 0.875100204392 4.23944433406
155 206 185
2 0 1916 126.816589355 -159.637573242 2 2794 140.178863525 -137.473999023
0.116003566877 -0.965720608963 4.62999830409
244 253 211
2 0 1927 18.5635681152 158.365875244 2 1723 18.700378418 182.639373779
-1.04975562395 -0.37876868649 6.83227025585
101 101 122
2 0 1969 -118.563461304 41.708114624 2 1250 -170.823760986 61.9178161621
-1.38824755702 -0.793136246522 6.99485895395
110 152 226
2 0 1985 -152.995788574 86.3190307617 2 1535 -211.680664063 109.316421509
-1.38824755702 -0.793136246522 6.99485895395
110 152 226
2 0 1986 -152.995788574 86.3190307617 2 1534 -211.680664063 109.316421509
2.06146708183 0.661420741552 5.11834344663
90 99 125
2 0 1996 308.492492676 -100.349609375 2 2858 276.590820313 -72.0508422852
-1.44295267819 -1.76282821444 6.95854715133
107 105 133
2 0 2035 -159.797439575 193.808105469 2 1651 -221.055725098 225.003494263
-1.59915329222 -0.731535030905 7.13432623278
88 136 210
2 0 2043 -172.728820801 78.037612915 2 1230 -235.319641113 100.548751831
0.743636266988 -0.555699278929 5.76671951697
120 176 248
2 0 2056 98.5227966309 73.0409088135 2 2873 68.9577636719 93.5623474121
-1.41932995294 0.396747020378 5.04427400874
218 214 243
2 0 2059 -216.642715454 -61.3688659668 2 1363 -239.638397217 -50.5085449219
-0.248513674334 -0.382313764305 4.37031370593
235 216 222
2 0 2063 -44.3715515137 65.7496948242 2 3131 -35.0237426758 86.717590332
-0.316322131265 -0.753566498507 4.60092217228
247 228 213
2 0 2083 -53.4679870605 124.562858582 2 1586 -53.3428039551 147.996246338
-0.519133982727 -0.404272536006 4.43541774337
123 120 141
2 0 2091 -90.554107666 68.5062561035 2 2307 -85.5388183594 89.9718017578
-0.294816384164 -0.360114445078 4.37308311594
252 238 244
2 0 2138 -52.4704284668 61.9158782959 2 2427 -43.4206237793 82.538772583
-1.34740171683 0.843927188601 5.18121381484
82 92 79
2 0 2155 -200.276535034 -126.1769104 2 2373 -223.637084961 -118.86529541
-0.0892359745276 0.804183649193 4.44190923388
219 245 198
2 0 2164 -16.123626709 -140.17086792 2 4255 -6.08050537109 -124.940551758
-0.240339486141 -0.340179379339 4.39469189352
252 215 215
2 0 2178 -42.7005310059 57.7273101807 2 1664 -34.0822753906 78.9663848877
0.814159933907 -0.859662570926 5.690120431
122 152 169
2 0 2254 109.357330322 115.111785889 2 2037 80.5949707031 135.537765503
-0.680015453173 -0.0949253627686 5.2603100097
237 253 213
2 0 2274 -99.8941802979 12.7244873047 2 2257 -119.436981201 31.2180175781
-0.14242249194 -0.706375766989 4.56300693961
234 223 203
2 0 2275 -24.6537475586 117.539993286 2 1852 -22.2951965332 140.36177063
-0.614346645565 0.548501307875 4.81470175744
188 150 152
2 0 2302 -98.6188354492 -88.5360717773 2 2092 -103.952514648 -75.1982421875
1.08650209123 0.247251732355 5.64697418694
132 172 203
2 0 2318 147.240203857 -34.718170166 2 2752 118.746612549 -12.9590606689
-1.56394722137 0.703818816401 5.134639771
242 206 207
2 0 2325 -234.455078125 -106.459259033 2 2124 -261.175140381 -99.1972961426
1.96967373018 0.860300371616 4.95895720585
52 102 97
2 0 2332 304.15222168 -134.39730835 2 2242 277.013977051 -104.266571045
-1.60494204451 -1.42858845704 7.06635536029
65 124 125
2 0 2352 -174.994476318 154.599182129 2 1360 -238.647918701 183.00541687
-1.28848757916 -1.36731435315 6.89100007414
65 123 123
2 0 2364 -144.159866333 151.778778076 2 1520 -201.842803955 178.924865723
0.53508012146 0.357424021799 4.38971214471
195 200 219
2 0 2403 92.8407897949 -63.8348388672 2 2933 101.822570801 -43.6666870117
1.39194716025 0.892261214885 5.02605526482
91 141 135
2 0 2406 211.975891113 -137.394561768 2 3685 193.659729004 -111.215087891
1.97491038216 0.457935074242 5.24723794525
126 179 252
2 0 2412 288.321838379 -67.9752807617 2 3800 255.786865234 -42.2760314941
-1.32812513799 0.527200801105 5.00671681826
202 191 206
2 0 2428 -204.280578613 -81.8630371094 2 1812 -224.270111084 -72.0441894531
-1.32812513799 0.527200801105 5.00671681826
202 191 206
2 0 2429 -204.280578613 -81.8630371094 2 1811 -224.270111084 -72.0441894531
-1.73661303901 -1.70199436482 7.12770813153
72 86 107
2 0 2440 -187.663818359 182.552429199 2 1793 -254.411712646 214.091369629
0.39873116242 0.349023361349 4.67483348993
186 186 194
2 0 2478 64.8133544922 -58.4835205078 2 3701 65.2744750977 -39.1410827637
-1.69633429008 -0.11797203269 7.10842937836
73 130 132
2 0 2488 -183.863983154 12.0624847412 2 1910 -245.837203979 29.6562042236
0.736489715695 0.512146735645 4.2230943479
200 204 218
2 0 2520 133.074493408 -94.4827270508 2 3854 146.210571289 -72.8004455566
-2.17572917797 -1.57469329557 7.38422378429
66 122 123
2 0 2531 -226.848632813 163.049026489 2 1821 -302.030731201 194.002929688
-1.24290246288 -0.334056155846 6.90214068073
96 100 126
2 0 2542 -138.869415283 36.4833679199 2 2261 -193.779846191 55.9780731201
-1.64315680118 -0.347440222478 7.13348523611
96 101 125
2 0 2557 -177.497375488 36.3528442383 2 2398 -239.65737915 56.4984741211
0.614029898713 0.342727647313 4.34546263852
183 196 205
2 0 2572 107.719818115 -62.0063476563 2 3265 117.564666748 -41.2141418457
0.0587565264381 -0.42551870604 4.61042054121
183 169 186
2 0 2588 9.09860229492 69.9718780518 2 3623 10.9328613281 90.0196990967
-1.98495846304 -0.205894553785 7.23893105208
98 142 156
2 0 2612 -211.191680908 20.9848327637 2 1789 -278.573699951 39.3898010254
0.146490056381 -0.104630953814 4.76737610341
30 74 137
2 0 2675 22.9313659668 15.6306915283 2 2901 20.4530029297 35.2344512939
-1.31827761065 -0.150495975287 6.95826615704
113 173 172
2 0 2700 -146.075164795 15.9848327637 2 2280 -202.04284668 34.0601806641
-0.686140195406 0.38361669819 4.87074825066
169 156 153
2 0 2711 -108.818908691 -61.7547302246 2 3280 -116.868728638 -47.0848083496
1.97844037814 0.685556846131 5.18031232941
121 126 152
2 0 2715 292.51574707 -103.058441162 2 2604 261.191101074 -74.4731140137
-1.33230935256 0.776064924238 5.12249863269
195 141 127
2 0 2718 -200.294921875 -117.290100098 2 2664 -222.283691406 -109.738769531
-1.15802391396 0.419493928638 5.14500543904
115 112 117
2 0 2719 -173.447952271 -63.7147827148 2 2463 -194.363586426 -51.286529541
-0.324132174697 -0.426775654829 4.35884656743
241 244 251
2 0 2720 -57.8025512695 73.4759521484 2 2869 -48.587097168 95.3947753906
-0.139782264041 -0.317171283271 4.44821741578
171 126 114
2 0 2771 -24.8330993652 53.5587768555 2 4484 -17.6542663574 73.6364593506
-2.27550954549 -1.71499753475 7.45346814785
89 114 135
2 0 2783 -235.020324707 176.001144409 2 2080 -312.708770752 208.493484497
-0.248513873146 -0.440593679736 4.34339349864
130 135 145
2 0 2797 -44.6448669434 76.5043029785 2 4324 -34.4623413086 97.822479248
-1.44708929537 0.322626447173 5.11083168022
198 191 184
2 0 2813 -218.005767822 -49.4972839355 2 2509 -243.296936035 -37.6086120605
1.36969513437 0.196550167844 5.47259316072
107 149 182
2 0 2867 191.649780273 -28.5233459473 2 3096 163.710510254 -6.43426513672
1.1876327229 0.238123786636 5.59778203283
23 55 77
2 0 2873 162.396240234 -33.9562683105 2 5235 133.963775635 -11.5414428711
1.97822727046 0.884302445801 4.94360818397
72 128 121
2 0 2890 306.421875 -138.431396484 2 3278 279.389465332 -108.192749023
-1.20891992612 0.422895761312 5.09026981157
129 126 137
2 0 2904 -182.967163086 -64.6483764648 2 4371 -203.347885132 -53.138458252
-1.33182758999 0.478183059061 5.02487155119
222 217 243
2 0 2940 -204.129760742 -74.407623291 2 2587 -224.767547607 -63.379699707
-0.608257851679 -1.19762784208 5.0712239598
241 217 207
2 0 2954 -92.7155151367 180.106140137 2 2980 -109.755493164 208.039352417
-1.28839572512 -0.314304651324 6.90105440786
107 112 133
2 0 2957 -143.960449219 34.0092315674 2 3292 -199.267120361 53.8917541504
-0.219695885406 -0.670485506434 4.54728138027
159 145 124
2 0 2963 -37.7796630859 111.565231323 2 3488 -35.1500854492 134.997924805
-1.065074385 0.750777536786 5.20766419323
209 139 120
2 0 3011 -157.673324585 -112.052124023 2 2611 -177.779190063 -101.362121582
0.50564784593 0.798919145283 4.16451252717
187 202 142
2 0 3028 92.4129333496 -148.491973877 2 3018 110.499664307 -128.210266113
-0.542105211536 -0.124047967548 5.2626058483
217 214 165
2 0 3062 -79.7310333252 16.6197967529 2 3030 -98.2687835693 36.198425293
0.607022231845 0.500253311755 4.17746026993
245 217 222
2 0 3109 110.753479004 -93.1806335449 2 4508 126.954803467 -72.6215209961
1.69134513119 0.792548405752 5.20482809799
103 111 130
2 0 3118 248.862121582 -117.954650879 2 4241 222.134460449 -91.0307922363
-1.98338116974 -0.586819556609 7.33903171288
72 100 145
2 0 3165 -208.150054932 60.387298584 2 1832 -277.460632324 82.3757629395
0.456957066347 0.616727629387 4.17579365702
254 223 199
2 0 3233 83.2052612305 -114.912506104 2 2209 101.008331299 -94.670135498
0.456957066347 0.616727629387 4.17579365702
254 223 199
2 0 3234 83.2052612305 -114.912506104 2 2208 101.008331299 -94.670135498
-1.21938667065 -1.5111910374 6.84815262389
104 151 157
2 0 3238 -137.296646118 168.686859131 2 2716 -194.037582397 197.199157715
2.03277413 -0.160132007044 5.19644588722
142 185 198
2 0 3341 299.661743164 22.1949462891 2 4245 266.736877441 44.6439056396
0.0318455458511 0.457811778992 4.42423814071
230 228 247
2 0 3353 4.81118774414 -80.7477111816 2 3011 14.7902526855 -63.4205932617
-2.09526799546 -0.252496448462 7.34009600964
81 108 127
2 0 3356 -219.828796387 25.8187255859 2 2147 -289.866424561 44.0655517578
-0.308791117623 0.585635088456 5.07767322719
252 222 226
2 0 3367 -47.3319396973 -89.8225097656 2 1895 -58.0751953125 -73.997253418
-1.2109180392 0.825954668644 5.20255596351
224 189 163
2 0 3376 -179.323272705 -122.964691162 2 3504 -201.113006592 -114.501403809
-1.40294321242 0.336506545989 5.09618077568
162 159 158
2 0 3398 -211.987701416 -51.8422241211 2 3024 -236.072616577 -39.7412109375
1.00557209526 -0.579833840204 5.60714754844
117 173 254
2 0 3410 137.195007324 78.2304534912 2 4589 109.237731934 98.8694915771
1.63405010567 0.822642337939 5.20908864253
140 164 183
3 0 3431 240.331176758 -122.299682617 2 3036 214.278137207 -95.4480285645 1 2008 256.207214355 -131.533111572
1.636911826 0.823533418558 5.21582472515
140 164 183
2 0 3432 240.331176758 -122.299682617 2 3035 214.278137207 -95.4480285645
-0.259547841235 -0.401792348064 4.369957713
149 145 153
2 0 3463 -46.3131408691 69.0536193848 2 3691 -37.0580749512 90.4140014648
-1.12195989462 0.340403879835 5.27145375478
158 162 147
2 0 3472 -164.060195923 -50.8390808105 2 3376 -187.650299072 -36.9229431152
-1.70266210633 -1.12547263995 7.15990806835
85 122 153
2 0 3477 -183.207397461 119.878189087 2 2395 -248.355651855 146.053192139
0.300305243401 0.388998606998 4.53636675989
97 97 100
2 0 3531 50.1156311035 -67.3047790527 2 4881 55.5352478027 -47.9401245117
-2.27120506917 -1.79320106214 7.45265791386
93 99 125
2 0 3543 -234.598968506 184.120162964 2 2312 -312.426940918 217.330307007
0.0862144486873 0.619103408886 4.38537694212
215 137 114
2 0 3552 14.3805236816 -109.502929688 2 4370 26.0202941895 -92.6389770508
0.926215558217 -0.0757860588635 5.7042227401
119 195 176
3 0 3581 124.431884766 9.04895019531 2 4473 95.2825317383 30.1777801514 1 4929 148.036132813 8.07913208008
0.419728715527 0.561140323618 4.23322734628
205 145 125
2 0 3628 75.3305664063 -103.363464355 2 4621 91.1382446289 -83.2730712891
-1.10010411512 0.373215579748 5.24614199814
169 170 165
2 0 3685 -161.637939453 -55.6058959961 2 3604 -184.263946533 -42.4853210449
-1.72734440747 -1.49578266784 7.1829005584
102 163 161
2 0 3716 -185.24760437 159.140441895 2 2183 -251.900054932 188.511779785
-1.72734440747 -1.49578266784 7.1829005584
102 163 161
2 0 3717 -185.24760437 159.140441895 2 2184 -251.900054932 188.511779785
-0.239672833342 -0.688853927088 4.56454739154
158 145 123
2 0 3728 -40.9993591309 114.438354492 2 4612 -39.0855712891 137.638000488
-1.26599202074 -0.225483600344 6.8991433985
77 108 118
2 0 3747 -141.503265381 24.2904510498 2 2768 -196.351623535 43.2639312744
-0.828164282698 0.639430374384 4.83401351791
254 231 222
2 0 3752 -132.172363281 -102.535247803 2 2700 -139.952194214 -91.3399963379
-1.84711270563 -1.57810608287 7.20166350275
93 142 142
2 0 3761 -197.519989014 167.006546021 2 2772 -266.226989746 198.448806763
-0.44214739472 -0.314189168236 4.45374022686
254 252 239
2 0 3762 -76.917175293 52.7400817871 2 4165 -71.6150512695 73.2823486328
-1.09110462689 -1.7741439111 6.73904783477
130 137 167
2 0 3786 -124.878585815 201.402191162 2 3305 -179.469787598 231.756896973
-1.10728464185 -1.6469141082 6.76115066956
101 102 129
2 0 3812 -126.31602478 186.313446045 2 2637 -181.068450928 215.61428833
0.528813459577 0.757506539441 4.11408580611
218 239 183
2 0 3828 97.8465270996 -142.799682617 2 4171 117.634857178 -121.917755127
-1.4420000908 -0.602473024387 7.03547330133
112 142 204
2 0 3838 -157.989013672 64.9719848633 2 2564 -217.30078125 86.5954437256
-2.00341219079 -0.0557239424067 7.22106959585
104 173 170
2 0 3895 -213.673034668 5.19320678711 2 2932 -280.749206543 22.0491333008
-0.197387394716 -1.15514164318 4.78145880558
185 141 127
2 0 3911 -32.3512573242 184.186676025 2 3683 -38.1563110352 210.213989258
-1.44890216468 -0.411278874586 7.00874570533
117 115 141
2 0 3922 -159.348892212 44.2649993896 2 3093 -217.95803833 64.4723815918
1.05794775437 -0.847271961482 5.56075850709
109 153 190
2 0 3931 145.561065674 115.910743713 2 4304 117.8644104 136.070892334
-0.98752707426 -1.71616768558 6.6737315014
135 133 166
2 0 3950 -114.176055908 196.703674316 2 2821 -166.712646484 226.288314819
1.62435315111 0.748715995931 5.28145278076
107 105 128
2 0 3954 235.545898438 -109.765258789 2 5062 208.354553223 -83.8911437988
-1.69838795406 -0.24886022497 7.10858316662
96 119 136
2 0 4004 -184.083496094 26.1172180176 2 3745 -246.409927368 44.9018554688
1.21050932179 -0.528380304229 5.53608400352
129 190 254
2 0 4007 167.374969482 72.1237945557 2 3761 139.196563721 92.5774383545
0.497676031802 0.430691705791 4.27783152705
166 171 195
2 0 4026 88.5372924805 -78.8558959961 2 3106 101.907501221 -58.4028320313
0.0197850546618 0.672508538342 4.35449852335
253 200 172
2 0 4091 2.76831054688 -119.77444458 2 5918 15.7153625488 -103.392425537
0.805815619816 -1.00411780089 5.68036008235
13 31 34
2 0 4116 108.418823242 134.491912842 2 5996 79.7124938965 155.7215271
-1.22967130603 0.490650905903 5.06697051953
145 142 158
2 0 4128 -186.962127686 -75.546081543 2 3868 -206.867645264 -64.2414855957
-0.0459118839246 0.489777294657 4.44915800605
243 226 231
2 0 4165 -8.62103271484 -85.6096801758 2 5129 0.512451171875 -69.2261352539
-0.346755376004 -0.400999962102 4.34529039611
238 233 247
2 0 4167 -61.9784545898 69.566696167 2 5398 -52.3529663086 90.4943847656
-1.84188868309 -0.207433111545 7.18192140678
77 114 125
2 0 4170 -197.560546875 21.3494873047 2 2947 -262.418579102 39.8256988525
-1.13654553211 -1.42846366244 6.74216037299
83 148 145
2 0 4172 -130.008499146 161.809844971 2 2533 -184.29826355 189.807525635
-1.33813512463 0.548096224303 5.00117395161
168 148 157
2 0 4217 -206.041778564 -85.1795654297 2 5679 -226.001708984 -75.6305236816
0.824747448915 -0.885500778382 5.67052866969
114 148 174
2 0 4278 111.168609619 118.907096863 2 3446 82.7134094238 139.517852783
-1.63534113368 -1.40637824385 7.10603276346
93 149 151
2 0 4279 -177.304901123 151.235565186 2 3899 -241.723968506 179.638809204
-1.77907718856 -1.52484828126 7.20310163121
104 162 162
2 0 4291 -190.2449646 161.791931152 2 2416 -257.869689941 191.547058105
1.612728604 0.767051757032 5.26261058139
138 136 157
2 0 4335 234.686706543 -112.894927979 2 5239 208.051208496 -86.8053588867
-0.634162252065 0.215105357455 5.02133607094
125 99 86
2 0 4338 -97.6141967773 -33.9588623047 2 5279 -109.834243774 -17.9977722168
-1.12111537226 -0.783024182255 6.82988267613
69 115 173
2 0 4399 -126.628158569 87.246963501 2 3448 -180.429946899 110.068710327
-2.1101257694 -0.328662553253 7.36274989312
117 128 154
2 0 4468 -220.708312988 33.3930511475 2 3398 -291.360687256 52.856048584
-1.54485576986 -1.32247328275 7.07528286654
96 148 162
3 0 4530 -168.490859985 142.694793701 2 3145 -230.877105713 170.020858765 1 2644 -107.686859131 139.20993042
1.06181685781 0.259859140464 5.65879859609
115 150 185
2 0 4580 143.582641602 -36.3792114258 2 4769 115.076141357 -14.6221008301
-0.220866613338 -0.694175482418 4.57086249008
219 202 183
2 0 4687 -37.7855834961 115.255607605 2 5564 -35.9976501465 138.275054932
0.846609320891 -0.909926791644 5.67031856795
121 157 185
2 0 4735 114.133422852 122.205451965 2 5797 85.5346679688 142.805511475
-0.972012414876 -1.65998816781 6.65719271542
142 140 171
2 0 4776 -112.673217773 190.78225708 2 4754 -164.698135376 219.76473999
-0.653670126766 0.447963109168 4.83142827111
173 170 190
2 0 4786 -104.538223267 -72.4254760742 2 3127 -110.973526001 -58.2398986816
-1.25564971669 0.433726983332 5.05764061443
148 144 161
2 0 4794 -191.24269104 -66.9121398926 2 4298 -211.538330078 -55.436340332
-0.628392314952 0.153641760271 5.07981184056
176 154 133
2 0 4827 -95.6262207031 -24.3730163574 2 4633 -109.510055542 -7.71157836914
-1.58856711113 -0.776338864911 7.11472160945
67 117 185
2 0 4843 -172.058670044 82.8974914551 2 5635 -234.414245605 106.147171021
-2.18426928837 -0.707512514047 7.44674837429
84 134 200
2 0 4848 -225.865631104 72.2006072998 2 3757 -299.346923828 94.8003234863
-2.2897653618 -0.561962342473 7.49142046394
78 98 135
2 0 4903 -235.34274292 56.6410522461 2 3596 -310.391235352 78.304977417
2.00544136682 0.877315982842 4.91478326347
57 110 108
2 0 4951 312.458374023 -138.063873291 2 4223 285.374206543 -107.778594971
1.62764759427 0.839229862906 5.17726214173
89 121 132
2 0 4955 240.739929199 -125.533233643 2 5444 215.601379395 -98.545501709
-0.809893548762 0.396504894366 4.90177014592
204 207 223
2 0 4962 -127.505355835 -63.1829223633 2 3452 -137.689987183 -49.5495300293
-0.270396853472 -0.503803010845 4.3375395572
182 181 187
2 0 5025 -48.5760803223 87.734375 2 5345 -38.4580688477 109.688583374
-1.29425016731 0.616052487074 5.04490268907
202 149 138
2 0 5074 -197.599365234 -95.0266113281 2 5017 -217.611694336 -85.3205566406
-0.112230209161 0.521270961695 4.45394359796
234 189 196
2 0 5083 -20.0466308594 -91.0485839844 2 5207 -11.090423584 -74.9820251465
-0.174029730453 -0.420988188411 4.38541213348
194 192 212
2 0 5102 -31.1821594238 72.3652648926 2 5617 -22.1377563477 93.3968811035
-0.552666300588 -0.486794448524 4.44737998553
220 229 247
2 0 5126 -96.0977172852 83.008682251 2 3525 -92.0582885742 104.426879883
-1.13649164349 -0.995231418699 6.81453396218
99 133 163
2 0 5151 -128.642227173 111.391525269 2 4675 -182.878692627 135.715576172
0.520886976204 0.372063146434 4.32363974264
143 155 169
2 0 5192 91.7280273438 -67.5432128906 2 5997 103.169799805 -47.154083252
-1.36972971314 -0.576484335311 6.96906475055
90 119 171
2 0 5218 -151.522155762 62.8503417969 2 5372 -209.172058105 84.0505371094
1.6484026136 0.839872003572 5.15016076368
82 114 124
2 0 5243 245.098510742 -126.178192139 2 4578 220.157226563 -99.2166137695
0.942557161083 -1.17107063906 5.59249540808
102 161 158
2 0 5246 128.887512207 159.559295654 2 3966 100.994567871 180.339614868
0.0448561925305 0.434710255402 4.47580860009
210 204 218
2 0 5255 6.98391723633 -75.9328308105 2 5187 15.1032714844 -58.2751159668
-1.97101662596 -1.68695553976 7.26688241556
84 112 126
2 0 5272 -208.854125977 177.386016846 2 3725 -280.233734131 209.401901245
-0.502529293002 0.131849971504 5.21207952012
192 176 149
2 0 5400 -74.6640167236 -20.6000976563 2 4678 -91.049407959 -3.20713806152
-1.98269931983 -1.65627647268 7.24711438733
93 129 141
2 0 5501 -210.670898438 174.87828064 2 3459 -281.952606201 206.202560425
-1.47460134484 -0.47651023014 7.03450201905
115 129 157
2 0 5526 -161.574935913 51.0252838135 2 4515 -220.936248779 72.097442627
-1.56608379759 -0.0908770066073 6.99600814602
98 163 162
2 0 5532 -172.512817383 8.99197387695 2 4715 -231.534179688 27.0597991943
-2.01297960756 -0.265799910867 7.31671978608
86 112 124
2 0 5600 -211.893859863 27.0906677246 2 3809 -280.573638916 45.9099731445
-0.0873657516234 -0.0153749426187 4.82863563766
7 21 104
2 1 10 -14.3819885254 2.11039733887 2 8 -18.8465881348 20.7887420654
0.984190740026 0.0469210057242 5.67591820693
1 4 3
2 1 137 155.973846436 -9.04887390137 2 151 104.170776367 13.83152771
1.44635837048 0.379744080671 5.4681364329
1 10 12
2 1 158 223.961486816 -59.0947265625 2 152 173.954162598 -31.0835266113
1.78449243154 -1.32955906905 5.21145186239
121 169 189
2 1 456 286.428833008 201.965881348 2 646 232.823852539 211.074920654
1.10481017109 -1.29643642175 5.51822659935
147 218 235
2 1 663 176.747039795 182.806152344 2 880 125.522186279 198.850219727
1.5049296122 0.646325500299 5.38195223901
133 175 178
2 1 675 233.37713623 -100.239654541 2 801 186.640563965 -68.1257019043
-1.95661122435 -1.49087136488 7.28805171205
101 139 177
2 1 689 -139.202957153 150.284942627 2 506 -277.570678711 186.611068726
-0.725932354178 0.49257831941 4.8237242143
253 246 225
2 1 745 -110.383331299 -72.6450805664 2 606 -122.988174438 -66.2923278809
1.81305840588 -1.18682162681 5.16628968994
96 158 179
2 1 752 291.937805176 182.1197052 2 769 239.818054199 191.278320313
0.57976477126 0.804622995402 4.16626604406
232 218 211
2 1 827 76.4773864746 -150.659759521 2 980 123.341156006 -127.937744141
0.57976477126 0.804622995402 4.16626604406
232 218 211
2 1 828 76.4773864746 -150.659759521 2 981 123.341156006 -127.937744141
1.33031005049 0.251772889013 5.51586608257
0 18 35
2 1 854 206.338439941 -39.5310058594 2 815 156.378631592 -13.7634277344
1.83051724997 -1.14813395613 5.14141498602
149 215 237
2 1 888 295.433166504 176.765197754 2 784 243.934448242 186.653778076
-0.72639460144 0.402018434543 4.8988870585
254 212 217
2 1 1078 -106.351852417 -57.8148803711 2 1358 -123.69430542 -50.2870483398
-2.07355453598 -1.46727515745 7.36444647153
75 113 155
2 1 1168 -147.226593018 146.93157959 2 807 -289.974609375 181.856323242
-0.0240603971042 -1.06803953301 4.66846725738
241 245 209
2 1 1239 -7.22625732422 172.646759033 2 1182 -6.12393188477 198.804901123
1.27907811453 -1.37889676008 5.44465156565
156 213 231
2 1 1354 203.283569336 197.772399902 2 2521 152.054473877 212.355056763
-1.70527051588 -1.60629908028 7.14936455754
75 120 137
2 1 1513 -120.269042969 166.012283325 2 1096 -250.035736084 202.112762451
-1.63624555198 -1.59447933356 7.1003013144
114 161 182
2 1 1723 -115.362960815 165.946182251 2 1044 -242.380950928 201.912536621
1.84620127077 -0.981369116401 5.16371586666
139 183 234
2 1 1726 296.985900879 150.086730957 2 1901 244.475524902 161.551940918
-0.7119049524 0.903734761416 3.85135124934
23 29 48
2 1 2370 -171.622741699 -166.540863037 2 5949 -112.30128479 -174.866424561
-1.82303900425 -0.77740397937 7.21837621091
132 149 189
2 1 2431 -130.446609497 80.5654754639 2 1795 -260.993164063 105.314315796
1.08279428688 -1.34249134316 5.51083057612
145 208 224
2 1 2491 173.650939941 189.559997559 2 2829 122.934173584 205.575057983
0.943879771583 0.257560428165 5.71416489024
3 20 33
2 1 2837 149.855712891 -37.5313415527 2 2418 97.6424255371 -14.4916687012
-2.17727849 -1.68485630448 7.42337769382
79 125 145
2 1 2939 -154.122375488 167.308166504 2 1129 -301.644470215 204.990081787
-2.03128915353 -0.421820559424 7.33548888908
84 130 145
2 1 2956 -146.169403076 44.7800445557 2 1390 -282.792358398 63.2144165039
-1.85645285175 -1.51076433876 7.24119748699
105 143 176
2 1 3133 -131.513458252 154.054718018 2 1717 -266.481262207 189.184066772
1.07747672791 -0.168785396407 5.62071136582
103 165 181
2 1 3232 169.822265625 21.1396636963 2 4989 118.352264404 42.756729126
-0.655082912486 0.433169289969 4.88340457986
253 210 205
2 1 3577 -97.0305328369 -63.37109375 2 3961 -111.641555786 -54.9627685547
-2.14825252525 0.174928121868 7.25410827867
103 144 197
2 1 3657 -161.216064453 -13.9605255127 2 3309 -296.915100098 -4.73321533203
1.78572558324 0.775424145065 5.19348903827
119 176 188
2 1 3680 281.452453613 -125.838287354 2 4451 235.248840332 -88.1008605957
-1.78461736883 0.0756206962504 7.11889290872
81 120 163
2 1 3781 -131.954162598 -5.17065429688 2 2636 -255.839202881 7.34155273438
1.48729555331 0.302183655714 5.42689698397
171 206 254
2 1 3894 230.931762695 -48.5011291504 2 3669 181.49597168 -20.4665527344
-1.68102054332 -0.327737968512 7.13624237189
82 134 139
2 1 3929 -120.618331909 35.9776306152 2 2441 -244.114105225 53.8941345215
-1.58883454004 -1.0859537821 7.11201639974
90 127 186
2 1 4125 -111.227355957 114.066459656 2 2423 -235.245239258 141.768554688
1.90584251737 -1.44740173001 5.11242620905
109 140 168
2 1 4592 309.696655273 225.872024536 2 4549 255.932434082 230.775299072
-1.56960014076 -1.6322606237 7.05905327029
112 161 178
2 1 4683 -110.254684448 171.143585205 2 2638 -234.959503174 207.067382813
-0.909565375576 -1.7274145068 6.64785538051
120 170 184
2 1 4700 -55.8733215332 193.989532471 2 4167 -157.080490112 228.114212036
0.974934111618 -1.42065267929 5.57581601253
130 184 200
2 1 4728 158.094696045 197.664703369 2 5990 105.682128906 214.918716431
-1.95077136617 -1.43962592027 7.30543167805
79 120 168
2 1 4988 -138.111938477 145.61038208 2 3987 -276.421386719 179.672332764
