
pmvs2
D:\document\project\3dSurface2\code\expr13\sfm_images\d.nvm.cmvs\00\
option-0000--------------------------------------------------
--- Summary of specified options ---
# of timages: 2 (enumeration)
# of oimages: 0 (enumeration)
level: 1  csize: 2
threshold: 0.7  wsize: 7
minImageNum: 2  CPU: 12
useVisData: 1  sequence: -1
--------------------------------------------------
Reading images: **
01  Harris running ...Harris running ...807 harris done
862DoG running... harris done
DoG running...1142 dog done
1190 dog done
done
adding seeds 
(1,78)(0,65)done
---- Initial: 0 secs ----
Total pass fail0 fail1 refinepatch: 4460 191 4089 180 371
Total pass fail0 fail1 refinepatch: 100 4.28251 91.6816 4.03587 8.31839
Expanding patches...
---- EXPANSION: 0 secs ----
Total pass fail0 fail1 refinepatch: 11522 6709 2820 1993 8702
Total pass fail0 fail1 refinepatch: 100 58.2277 24.4749 17.2973 75.5251
FilterOutside
mainbody: 
Gain (ave/var): 0.352723 0.194165
6852 -> 6792 (99.1243%)	0 secs
Filter Exact: **
6792 -> 6248 (91.9906%)	0 secs
FilterNeighbor:	6248 -> 5202 (83.2586%)	0 secs
FilterGroups:	20
5202 -> 4539 (87.2549%)	0 secs
STATUS: 452 0 8620 0 0 0 0 0 0 0 
0 0 0 0 0 0 0 0 0 0 
0 0 0 0 0 0 0 0 0 0 
0 0 0 0 0 
Expanding patches...
---- EXPANSION: 1 secs ----
Total pass fail0 fail1 refinepatch: 8666 3297 2767 2602 5899
Total pass fail0 fail1 refinepatch: 100 38.0452 31.9294 30.0254 68.0706
FilterOutside
mainbody: 
Gain (ave/var): 0.409563 0.216057
7836 -> 7702 (98.2899%)	0 secs
Filter Exact: **
7702 -> 6847 (88.899%)	0 secs
FilterNeighbor:	6847 -> 6219 (90.8281%)	0 secs
FilterGroups:	20
6219 -> 5503 (88.4869%)	0 secs
STATUS: 625 0 14343 0 0 0 0 0 0 0 
0 0 0 0 0 0 0 0 0 0 
0 0 0 0 0 0 0 0 0 0 
0 0 0 0 0 
Expanding patches...
---- EXPANSION: 0 secs ----
Total pass fail0 fail1 refinepatch: 7335 2666 2422 2247 4913
Total pass fail0 fail1 refinepatch: 100 36.3463 33.0198 30.6339 66.9802
FilterOutside
mainbody: 
Gain (ave/var): 0.493332 0.229614
8169 -> 8086 (98.984%)	0 secs
Filter Exact: **
8086 -> 7136 (88.2513%)	0 secs
FilterNeighbor:	7136 -> 6521 (91.3817%)	0 secs
FilterGroups:	20
6521 -> 5803 (88.9894%)	0 secs
STATUS: 794 0 19084 0 0 0 0 0 0 0 
0 0 0 0 0 0 0 0 0 0 
0 0 0 0 0 0 0 0 0 0 
0 0 0 0 0 
---- Total: 0 secs ----
